2025-11-09 22:17:22 [XNIO-1 task-2] ERROR c.r.c.s.h.SaTokenExceptionHandler - 请求地址'/getRouters',认证失败'未能读取到有效 token',无法访问系统资源
2025-11-09 22:17:27 [XNIO-1 task-3] ERROR c.r.c.s.h.SaTokenExceptionHandler - 请求地址'/getInfo',认证失败'未能读取到有效 token',无法访问系统资源
2025-11-09 22:17:40 [XNIO-1 task-2] ERROR c.r.c.w.h.GlobalExceptionHandler - 验证码错误
2025-11-09 22:17:45 [XNIO-1 task-2] ERROR c.r.c.w.h.GlobalExceptionHandler - 验证码错误
2025-11-09 22:17:46 [XNIO-1 task-2] ERROR c.r.c.w.h.GlobalExceptionHandler - 验证码错误
2025-12-01 20:57:48 [main] ERROR o.s.b.d.LoggingFailureAnalysisReporter - 

***************************
APPLICATION FAILED TO START
***************************

Description:

Web server failed to start. Port 8080 was already in use.

Action:

Identify and stop the process that's listening on port 8080 or configure this application to listen on another port.

2025-12-01 20:57:53 [main] ERROR o.s.b.d.LoggingFailureAnalysisReporter - 

***************************
APPLICATION FAILED TO START
***************************

Description:

Web server failed to start. Port 8080 was already in use.

Action:

Identify and stop the process that's listening on port 8080 or configure this application to listen on another port.

