2025-12-21 00:24:56 [background-preinit] INFO  o.h.validator.internal.util.Version - HV000001: Hibernate Validator 8.0.1.Final
2025-12-21 00:24:56 [main] INFO  com.ruoyi.RuoYiApplication - Starting RuoYiApplication using Java 17.0.12 with PID 32428 (D:\后端代码-dxm-大二上\dxm-houduan\ruoyi-admin-wms\target\classes started by 86191 in D:\后端代码-dxm-大二上\dxm-houduan)
2025-12-21 00:24:56 [main] INFO  com.ruoyi.RuoYiApplication - The following 1 profile is active: "dev"
2025-12-21 00:25:02 [main] INFO  io.undertow.servlet - Initializing Spring embedded WebApplicationContext
2025-12-21 00:25:03 [main] INFO  c.b.d.d.DynamicRoutingDataSource - dynamic-datasource detect P6SPY plugin and enabled it
2025-12-21 00:25:03 [main] INFO  com.zaxxer.hikari.HikariDataSource - master - Starting...
2025-12-21 00:25:04 [main] INFO  com.zaxxer.hikari.pool.HikariPool - master - Added connection com.mysql.cj.jdbc.ConnectionImpl@49c6ee4a
2025-12-21 00:25:04 [main] INFO  com.zaxxer.hikari.HikariDataSource - master - Start completed.
2025-12-21 00:25:04 [main] INFO  c.b.d.d.DynamicRoutingDataSource - dynamic-datasource - add a datasource named [master] success
2025-12-21 00:25:04 [main] INFO  c.b.d.d.DynamicRoutingDataSource - dynamic-datasource initial loaded [1] datasource,primary datasource named [master]
2025-12-21 00:25:07 [main] INFO  c.r.common.redis.config.RedisConfig - 初始化 redis 配置
2025-12-21 00:25:07 [main] INFO  org.redisson.Version - Redisson 3.29.0
2025-12-21 00:25:07 [redisson-netty-1-4] INFO  o.r.connection.ConnectionsHolder - 1 connections initialized for 127.0.0.1/127.0.0.1:6379
2025-12-21 00:25:07 [redisson-netty-1-3] INFO  o.r.connection.ConnectionsHolder - 8 connections initialized for 127.0.0.1/127.0.0.1:6379
2025-12-21 00:25:09 [main] INFO  c.r.common.json.config.JacksonConfig - 初始化 jackson 配置
2025-12-21 00:25:11 [main] INFO  io.undertow - starting server: Undertow - 2.3.13.Final
2025-12-21 00:25:11 [main] INFO  org.xnio - XNIO version 3.8.8.Final
2025-12-21 00:25:11 [main] INFO  org.xnio.nio - XNIO NIO Implementation Version 3.8.8.Final
2025-12-21 00:25:12 [main] INFO  org.jboss.threads - JBoss Threads version 3.5.0.Final
2025-12-21 00:25:12 [main] INFO  com.ruoyi.RuoYiApplication - Started RuoYiApplication in 16.343 seconds (process running for 17.77)
2025-12-21 00:25:12 [main] INFO  p6spy - 2025-12-21 00:25:12|32|statement|connection 0|url jdbc:mysql://127.0.0.1:3306/studyr3q1?useUnicode=true&characterEncoding=utf8&zeroDateTimeBehavior=convertToNull&useSSL=true&serverTimezone=GMT%2B8&autoReconnect=true&rewriteBatchedStatements=true|SELECT  oss_config_id,config_key,access_key,secret_key,bucket_name,prefix,endpoint,domain,is_https,region,status,ext1,remark,access_policy,create_by,create_time,update_by,update_time  FROM sys_oss_config|SELECT  oss_config_id,config_key,access_key,secret_key,bucket_name,prefix,endpoint,domain,is_https,region,status,ext1,remark,access_policy,create_by,create_time,update_by,update_time  FROM sys_oss_config
2025-12-21 00:25:12 [main] INFO  c.r.s.runner.SystemApplicationRunner - 初始化OSS配置成功
2025-12-21 00:25:12 [main] INFO  p6spy - 2025-12-21 00:25:12|3|statement|connection 1|url jdbc:mysql://127.0.0.1:3306/studyr3q1?useUnicode=true&characterEncoding=utf8&zeroDateTimeBehavior=convertToNull&useSSL=true&serverTimezone=GMT%2B8&autoReconnect=true&rewriteBatchedStatements=true|SELECT  config_id,config_name,config_key,config_value,config_type,remark,create_by,create_time,update_by,update_time  FROM sys_config           ORDER BY config_id ASC|SELECT  config_id,config_name,config_key,config_value,config_type,remark,create_by,create_time,update_by,update_time  FROM sys_config           ORDER BY config_id ASC
2025-12-21 00:25:12 [main] INFO  c.r.s.runner.SystemApplicationRunner - 加载参数缓存数据成功
2025-12-21 00:25:12 [main] INFO  p6spy - 2025-12-21 00:25:12|7|statement|connection 2|url jdbc:mysql://127.0.0.1:3306/studyr3q1?useUnicode=true&characterEncoding=utf8&zeroDateTimeBehavior=convertToNull&useSSL=true&serverTimezone=GMT%2B8&autoReconnect=true&rewriteBatchedStatements=true|SELECT  dict_code,dict_sort,dict_label,dict_value,dict_type,css_class,list_class,is_default,status,remark,create_by,create_time,update_by,update_time  FROM sys_dict_data      WHERE  (status = ?)|SELECT  dict_code,dict_sort,dict_label,dict_value,dict_type,css_class,list_class,is_default,status,remark,create_by,create_time,update_by,update_time  FROM sys_dict_data      WHERE  (status = '1')
2025-12-21 00:25:12 [main] INFO  c.r.s.runner.SystemApplicationRunner - 加载字典缓存数据成功
2025-12-21 00:30:00 [schedule-pool-1] INFO  com.ruoyi.wms.task.CoinSyncTask - 开始执行定时同步硬币数据任务
2025-12-21 00:30:00 [schedule-pool-1] INFO  c.ruoyi.wms.service.CoinServiceImpl - 开始同步硬币数据
2025-12-21 00:30:00 [schedule-pool-1] INFO  c.ruoyi.wms.service.CoinServiceImpl - 调用Dify API获取硬币数据
2025-12-21 00:30:00 [schedule-pool-1] INFO  c.ruoyi.wms.service.CoinServiceImpl - 开始调用Dify API，URL: http://localhost:8000/v1/chat-messages
2025-12-21 00:30:00 [schedule-pool-1] INFO  com.ruoyi.wms.task.CoinSyncTask - 定时同步硬币数据任务执行完成，共同步0条数据
2025-12-21 00:59:59 [XNIO-1 task-2] INFO  io.undertow.servlet - Initializing Spring DispatcherServlet 'dispatcherServlet'
2025-12-21 00:59:59 [XNIO-1 task-2] INFO  c.r.c.w.i.PlusWebInvokeTimeInterceptor - [PLUS]开始请求 => URL[POST /coins/postDifyApi],参数类型[json],参数:["654321"]
2025-12-21 01:00:00 [schedule-pool-2] INFO  com.ruoyi.wms.task.CoinSyncTask - 开始执行定时同步硬币数据任务
2025-12-21 01:00:00 [schedule-pool-2] INFO  c.ruoyi.wms.service.CoinServiceImpl - 开始同步硬币数据
2025-12-21 01:00:00 [schedule-pool-2] INFO  c.ruoyi.wms.service.CoinServiceImpl - 调用Dify API获取硬币数据
2025-12-21 01:00:00 [schedule-pool-2] INFO  c.ruoyi.wms.service.CoinServiceImpl - 开始调用Dify API，URL: http://localhost:8000/v1/chat-messages
2025-12-21 01:00:00 [schedule-pool-2] INFO  com.ruoyi.wms.task.CoinSyncTask - 定时同步硬币数据任务执行完成，共同步0条数据
2025-12-21 01:00:01 [XNIO-1 task-2] INFO  c.r.c.w.i.PlusWebInvokeTimeInterceptor - [PLUS]结束请求 => URL[POST /coins/postDifyApi],耗时:[1146]毫秒
2025-12-21 01:04:23 [SpringApplicationShutdownHook] INFO  io.undertow - stopping server: Undertow - 2.3.13.Final
2025-12-21 01:04:23 [SpringApplicationShutdownHook] INFO  io.undertow.servlet - Destroying Spring FrameworkServlet 'dispatcherServlet'
2025-12-21 01:04:23 [SpringApplicationShutdownHook] INFO  c.r.c.core.config.ThreadPoolConfig - ====关闭后台任务任务线程池====
2025-12-21 01:04:23 [SpringApplicationShutdownHook] INFO  c.b.d.d.DynamicRoutingDataSource - dynamic-datasource start closing ....
2025-12-21 01:04:23 [SpringApplicationShutdownHook] INFO  com.zaxxer.hikari.HikariDataSource - master - Shutdown initiated...
2025-12-21 01:04:23 [SpringApplicationShutdownHook] INFO  com.zaxxer.hikari.HikariDataSource - master - Shutdown completed.
2025-12-21 01:04:23 [SpringApplicationShutdownHook] INFO  c.b.d.d.d.DefaultDataSourceDestroyer - dynamic-datasource close the datasource named [master] success,
2025-12-21 01:04:23 [SpringApplicationShutdownHook] INFO  c.b.d.d.DynamicRoutingDataSource - dynamic-datasource all closed success,bye
2025-12-21 01:04:27 [background-preinit] INFO  o.h.validator.internal.util.Version - HV000001: Hibernate Validator 8.0.1.Final
2025-12-21 01:04:27 [main] INFO  com.ruoyi.RuoYiApplication - Starting RuoYiApplication using Java 17.0.12 with PID 35124 (D:\后端代码-dxm-大二上\dxm-houduan\ruoyi-admin-wms\target\classes started by 86191 in D:\后端代码-dxm-大二上\dxm-houduan)
2025-12-21 01:04:27 [main] INFO  com.ruoyi.RuoYiApplication - The following 1 profile is active: "dev"
2025-12-21 01:04:33 [main] INFO  io.undertow.servlet - Initializing Spring embedded WebApplicationContext
2025-12-21 01:04:34 [main] INFO  c.b.d.d.DynamicRoutingDataSource - dynamic-datasource detect P6SPY plugin and enabled it
2025-12-21 01:04:34 [main] INFO  com.zaxxer.hikari.HikariDataSource - master - Starting...
2025-12-21 01:04:35 [main] INFO  com.zaxxer.hikari.pool.HikariPool - master - Added connection com.mysql.cj.jdbc.ConnectionImpl@56ed2baf
2025-12-21 01:04:35 [main] INFO  com.zaxxer.hikari.HikariDataSource - master - Start completed.
2025-12-21 01:04:35 [main] INFO  c.b.d.d.DynamicRoutingDataSource - dynamic-datasource - add a datasource named [master] success
2025-12-21 01:04:35 [main] INFO  c.b.d.d.DynamicRoutingDataSource - dynamic-datasource initial loaded [1] datasource,primary datasource named [master]
2025-12-21 01:04:39 [main] INFO  c.r.common.redis.config.RedisConfig - 初始化 redis 配置
2025-12-21 01:04:40 [main] INFO  org.redisson.Version - Redisson 3.29.0
2025-12-21 01:04:40 [redisson-netty-1-5] INFO  o.r.connection.ConnectionsHolder - 1 connections initialized for 127.0.0.1/127.0.0.1:6379
2025-12-21 01:04:40 [redisson-netty-1-3] INFO  o.r.connection.ConnectionsHolder - 8 connections initialized for 127.0.0.1/127.0.0.1:6379
2025-12-21 01:04:45 [main] INFO  c.r.common.json.config.JacksonConfig - 初始化 jackson 配置
2025-12-21 01:04:51 [main] INFO  io.undertow - starting server: Undertow - 2.3.13.Final
2025-12-21 01:04:51 [main] INFO  org.xnio - XNIO version 3.8.8.Final
2025-12-21 01:04:51 [main] INFO  org.xnio.nio - XNIO NIO Implementation Version 3.8.8.Final
2025-12-21 01:04:51 [main] INFO  org.jboss.threads - JBoss Threads version 3.5.0.Final
2025-12-21 01:04:52 [main] INFO  com.ruoyi.RuoYiApplication - Started RuoYiApplication in 25.608 seconds (process running for 26.754)
2025-12-21 01:04:52 [main] INFO  p6spy - 2025-12-21 01:04:52|29|statement|connection 0|url jdbc:mysql://127.0.0.1:3306/studyr3q1?useUnicode=true&characterEncoding=utf8&zeroDateTimeBehavior=convertToNull&useSSL=true&serverTimezone=GMT%2B8&autoReconnect=true&rewriteBatchedStatements=true|SELECT  oss_config_id,config_key,access_key,secret_key,bucket_name,prefix,endpoint,domain,is_https,region,status,ext1,remark,access_policy,create_by,create_time,update_by,update_time  FROM sys_oss_config|SELECT  oss_config_id,config_key,access_key,secret_key,bucket_name,prefix,endpoint,domain,is_https,region,status,ext1,remark,access_policy,create_by,create_time,update_by,update_time  FROM sys_oss_config
2025-12-21 01:04:52 [main] INFO  c.r.s.runner.SystemApplicationRunner - 初始化OSS配置成功
2025-12-21 01:04:52 [main] INFO  p6spy - 2025-12-21 01:04:52|2|statement|connection 1|url jdbc:mysql://127.0.0.1:3306/studyr3q1?useUnicode=true&characterEncoding=utf8&zeroDateTimeBehavior=convertToNull&useSSL=true&serverTimezone=GMT%2B8&autoReconnect=true&rewriteBatchedStatements=true|SELECT  config_id,config_name,config_key,config_value,config_type,remark,create_by,create_time,update_by,update_time  FROM sys_config           ORDER BY config_id ASC|SELECT  config_id,config_name,config_key,config_value,config_type,remark,create_by,create_time,update_by,update_time  FROM sys_config           ORDER BY config_id ASC
2025-12-21 01:04:53 [main] INFO  c.r.s.runner.SystemApplicationRunner - 加载参数缓存数据成功
2025-12-21 01:04:53 [main] INFO  p6spy - 2025-12-21 01:04:53|4|statement|connection 2|url jdbc:mysql://127.0.0.1:3306/studyr3q1?useUnicode=true&characterEncoding=utf8&zeroDateTimeBehavior=convertToNull&useSSL=true&serverTimezone=GMT%2B8&autoReconnect=true&rewriteBatchedStatements=true|SELECT  dict_code,dict_sort,dict_label,dict_value,dict_type,css_class,list_class,is_default,status,remark,create_by,create_time,update_by,update_time  FROM sys_dict_data      WHERE  (status = ?)|SELECT  dict_code,dict_sort,dict_label,dict_value,dict_type,css_class,list_class,is_default,status,remark,create_by,create_time,update_by,update_time  FROM sys_dict_data      WHERE  (status = '1')
2025-12-21 01:04:53 [main] INFO  c.r.s.runner.SystemApplicationRunner - 加载字典缓存数据成功
2025-12-21 01:21:52 [SpringApplicationShutdownHook] INFO  io.undertow - stopping server: Undertow - 2.3.13.Final
2025-12-21 01:21:52 [SpringApplicationShutdownHook] INFO  c.r.c.core.config.ThreadPoolConfig - ====关闭后台任务任务线程池====
2025-12-21 01:21:53 [SpringApplicationShutdownHook] INFO  c.b.d.d.DynamicRoutingDataSource - dynamic-datasource start closing ....
2025-12-21 01:21:53 [SpringApplicationShutdownHook] INFO  com.zaxxer.hikari.HikariDataSource - master - Shutdown initiated...
2025-12-21 01:21:53 [SpringApplicationShutdownHook] INFO  com.zaxxer.hikari.HikariDataSource - master - Shutdown completed.
2025-12-21 01:21:53 [SpringApplicationShutdownHook] INFO  c.b.d.d.d.DefaultDataSourceDestroyer - dynamic-datasource close the datasource named [master] success,
2025-12-21 01:21:53 [SpringApplicationShutdownHook] INFO  c.b.d.d.DynamicRoutingDataSource - dynamic-datasource all closed success,bye
2025-12-21 01:21:56 [background-preinit] INFO  o.h.validator.internal.util.Version - HV000001: Hibernate Validator 8.0.1.Final
2025-12-21 01:21:56 [main] INFO  com.ruoyi.RuoYiApplication - Starting RuoYiApplication using Java 17.0.12 with PID 34908 (D:\后端代码-dxm-大二上\dxm-houduan\ruoyi-admin-wms\target\classes started by 86191 in D:\后端代码-dxm-大二上\dxm-houduan)
2025-12-21 01:21:56 [main] INFO  com.ruoyi.RuoYiApplication - The following 1 profile is active: "dev"
2025-12-21 01:22:02 [main] INFO  io.undertow.servlet - Initializing Spring embedded WebApplicationContext
2025-12-21 01:22:03 [main] INFO  c.b.d.d.DynamicRoutingDataSource - dynamic-datasource detect P6SPY plugin and enabled it
2025-12-21 01:22:03 [main] INFO  com.zaxxer.hikari.HikariDataSource - master - Starting...
2025-12-21 01:22:04 [main] INFO  com.zaxxer.hikari.pool.HikariPool - master - Added connection com.mysql.cj.jdbc.ConnectionImpl@65b1693c
2025-12-21 01:22:04 [main] INFO  com.zaxxer.hikari.HikariDataSource - master - Start completed.
2025-12-21 01:22:04 [main] INFO  c.b.d.d.DynamicRoutingDataSource - dynamic-datasource - add a datasource named [master] success
2025-12-21 01:22:04 [main] INFO  c.b.d.d.DynamicRoutingDataSource - dynamic-datasource initial loaded [1] datasource,primary datasource named [master]
2025-12-21 01:22:07 [main] INFO  c.r.common.redis.config.RedisConfig - 初始化 redis 配置
2025-12-21 01:22:07 [main] INFO  org.redisson.Version - Redisson 3.29.0
2025-12-21 01:22:08 [redisson-netty-1-4] INFO  o.r.connection.ConnectionsHolder - 1 connections initialized for 127.0.0.1/127.0.0.1:6379
2025-12-21 01:22:08 [redisson-netty-1-3] INFO  o.r.connection.ConnectionsHolder - 8 connections initialized for 127.0.0.1/127.0.0.1:6379
2025-12-21 01:22:09 [main] INFO  c.r.common.json.config.JacksonConfig - 初始化 jackson 配置
2025-12-21 01:22:11 [main] INFO  io.undertow - starting server: Undertow - 2.3.13.Final
2025-12-21 01:22:11 [main] INFO  org.xnio - XNIO version 3.8.8.Final
2025-12-21 01:22:11 [main] INFO  org.xnio.nio - XNIO NIO Implementation Version 3.8.8.Final
2025-12-21 01:22:12 [main] INFO  org.jboss.threads - JBoss Threads version 3.5.0.Final
2025-12-21 01:22:12 [main] INFO  com.ruoyi.RuoYiApplication - Started RuoYiApplication in 16.68 seconds (process running for 17.626)
2025-12-21 01:22:12 [main] INFO  p6spy - 2025-12-21 01:22:12|11|statement|connection 0|url jdbc:mysql://127.0.0.1:3306/studyr3q1?useUnicode=true&characterEncoding=utf8&zeroDateTimeBehavior=convertToNull&useSSL=true&serverTimezone=GMT%2B8&autoReconnect=true&rewriteBatchedStatements=true|SELECT  oss_config_id,config_key,access_key,secret_key,bucket_name,prefix,endpoint,domain,is_https,region,status,ext1,remark,access_policy,create_by,create_time,update_by,update_time  FROM sys_oss_config|SELECT  oss_config_id,config_key,access_key,secret_key,bucket_name,prefix,endpoint,domain,is_https,region,status,ext1,remark,access_policy,create_by,create_time,update_by,update_time  FROM sys_oss_config
2025-12-21 01:22:12 [main] INFO  c.r.s.runner.SystemApplicationRunner - 初始化OSS配置成功
2025-12-21 01:22:12 [main] INFO  p6spy - 2025-12-21 01:22:12|3|statement|connection 1|url jdbc:mysql://127.0.0.1:3306/studyr3q1?useUnicode=true&characterEncoding=utf8&zeroDateTimeBehavior=convertToNull&useSSL=true&serverTimezone=GMT%2B8&autoReconnect=true&rewriteBatchedStatements=true|SELECT  config_id,config_name,config_key,config_value,config_type,remark,create_by,create_time,update_by,update_time  FROM sys_config           ORDER BY config_id ASC|SELECT  config_id,config_name,config_key,config_value,config_type,remark,create_by,create_time,update_by,update_time  FROM sys_config           ORDER BY config_id ASC
2025-12-21 01:22:12 [main] INFO  c.r.s.runner.SystemApplicationRunner - 加载参数缓存数据成功
2025-12-21 01:22:12 [main] INFO  p6spy - 2025-12-21 01:22:12|4|statement|connection 2|url jdbc:mysql://127.0.0.1:3306/studyr3q1?useUnicode=true&characterEncoding=utf8&zeroDateTimeBehavior=convertToNull&useSSL=true&serverTimezone=GMT%2B8&autoReconnect=true&rewriteBatchedStatements=true|SELECT  dict_code,dict_sort,dict_label,dict_value,dict_type,css_class,list_class,is_default,status,remark,create_by,create_time,update_by,update_time  FROM sys_dict_data      WHERE  (status = ?)|SELECT  dict_code,dict_sort,dict_label,dict_value,dict_type,css_class,list_class,is_default,status,remark,create_by,create_time,update_by,update_time  FROM sys_dict_data      WHERE  (status = '1')
2025-12-21 01:22:12 [main] INFO  c.r.s.runner.SystemApplicationRunner - 加载字典缓存数据成功
2025-12-21 01:22:52 [SpringApplicationShutdownHook] INFO  io.undertow - stopping server: Undertow - 2.3.13.Final
2025-12-21 01:22:52 [SpringApplicationShutdownHook] INFO  c.r.c.core.config.ThreadPoolConfig - ====关闭后台任务任务线程池====
2025-12-21 01:22:52 [SpringApplicationShutdownHook] INFO  c.b.d.d.DynamicRoutingDataSource - dynamic-datasource start closing ....
2025-12-21 01:22:52 [SpringApplicationShutdownHook] INFO  com.zaxxer.hikari.HikariDataSource - master - Shutdown initiated...
2025-12-21 01:22:52 [SpringApplicationShutdownHook] INFO  com.zaxxer.hikari.HikariDataSource - master - Shutdown completed.
2025-12-21 01:22:52 [SpringApplicationShutdownHook] INFO  c.b.d.d.d.DefaultDataSourceDestroyer - dynamic-datasource close the datasource named [master] success,
2025-12-21 01:22:52 [SpringApplicationShutdownHook] INFO  c.b.d.d.DynamicRoutingDataSource - dynamic-datasource all closed success,bye
2025-12-21 01:22:55 [background-preinit] INFO  o.h.validator.internal.util.Version - HV000001: Hibernate Validator 8.0.1.Final
2025-12-21 01:22:55 [main] INFO  com.ruoyi.RuoYiApplication - Starting RuoYiApplication using Java 17.0.12 with PID 34340 (D:\后端代码-dxm-大二上\dxm-houduan\ruoyi-admin-wms\target\classes started by 86191 in D:\后端代码-dxm-大二上\dxm-houduan)
2025-12-21 01:22:55 [main] INFO  com.ruoyi.RuoYiApplication - The following 1 profile is active: "dev"
2025-12-21 01:23:00 [main] INFO  io.undertow.servlet - Initializing Spring embedded WebApplicationContext
2025-12-21 01:23:01 [main] INFO  c.b.d.d.DynamicRoutingDataSource - dynamic-datasource detect P6SPY plugin and enabled it
2025-12-21 01:23:01 [main] INFO  com.zaxxer.hikari.HikariDataSource - master - Starting...
2025-12-21 01:23:02 [main] INFO  com.zaxxer.hikari.pool.HikariPool - master - Added connection com.mysql.cj.jdbc.ConnectionImpl@2aa65672
2025-12-21 01:23:02 [main] INFO  com.zaxxer.hikari.HikariDataSource - master - Start completed.
2025-12-21 01:23:02 [main] INFO  c.b.d.d.DynamicRoutingDataSource - dynamic-datasource - add a datasource named [master] success
2025-12-21 01:23:02 [main] INFO  c.b.d.d.DynamicRoutingDataSource - dynamic-datasource initial loaded [1] datasource,primary datasource named [master]
2025-12-21 01:23:05 [main] INFO  c.r.common.redis.config.RedisConfig - 初始化 redis 配置
2025-12-21 01:23:05 [main] INFO  org.redisson.Version - Redisson 3.29.0
2025-12-21 01:23:05 [redisson-netty-1-4] INFO  o.r.connection.ConnectionsHolder - 1 connections initialized for 127.0.0.1/127.0.0.1:6379
2025-12-21 01:23:05 [redisson-netty-1-3] INFO  o.r.connection.ConnectionsHolder - 8 connections initialized for 127.0.0.1/127.0.0.1:6379
2025-12-21 01:23:07 [main] INFO  c.r.common.json.config.JacksonConfig - 初始化 jackson 配置
2025-12-21 01:23:09 [main] INFO  io.undertow - starting server: Undertow - 2.3.13.Final
2025-12-21 01:23:09 [main] INFO  org.xnio - XNIO version 3.8.8.Final
2025-12-21 01:23:09 [main] INFO  org.xnio.nio - XNIO NIO Implementation Version 3.8.8.Final
2025-12-21 01:23:09 [main] INFO  org.jboss.threads - JBoss Threads version 3.5.0.Final
2025-12-21 01:23:09 [main] INFO  com.ruoyi.RuoYiApplication - Started RuoYiApplication in 15.383 seconds (process running for 16.225)
2025-12-21 01:23:10 [main] INFO  p6spy - 2025-12-21 01:23:10|11|statement|connection 0|url jdbc:mysql://127.0.0.1:3306/studyr3q1?useUnicode=true&characterEncoding=utf8&zeroDateTimeBehavior=convertToNull&useSSL=true&serverTimezone=GMT%2B8&autoReconnect=true&rewriteBatchedStatements=true|SELECT  oss_config_id,config_key,access_key,secret_key,bucket_name,prefix,endpoint,domain,is_https,region,status,ext1,remark,access_policy,create_by,create_time,update_by,update_time  FROM sys_oss_config|SELECT  oss_config_id,config_key,access_key,secret_key,bucket_name,prefix,endpoint,domain,is_https,region,status,ext1,remark,access_policy,create_by,create_time,update_by,update_time  FROM sys_oss_config
2025-12-21 01:23:10 [main] INFO  c.r.s.runner.SystemApplicationRunner - 初始化OSS配置成功
2025-12-21 01:23:10 [main] INFO  p6spy - 2025-12-21 01:23:10|2|statement|connection 1|url jdbc:mysql://127.0.0.1:3306/studyr3q1?useUnicode=true&characterEncoding=utf8&zeroDateTimeBehavior=convertToNull&useSSL=true&serverTimezone=GMT%2B8&autoReconnect=true&rewriteBatchedStatements=true|SELECT  config_id,config_name,config_key,config_value,config_type,remark,create_by,create_time,update_by,update_time  FROM sys_config           ORDER BY config_id ASC|SELECT  config_id,config_name,config_key,config_value,config_type,remark,create_by,create_time,update_by,update_time  FROM sys_config           ORDER BY config_id ASC
2025-12-21 01:23:10 [main] INFO  c.r.s.runner.SystemApplicationRunner - 加载参数缓存数据成功
2025-12-21 01:23:10 [main] INFO  p6spy - 2025-12-21 01:23:10|2|statement|connection 2|url jdbc:mysql://127.0.0.1:3306/studyr3q1?useUnicode=true&characterEncoding=utf8&zeroDateTimeBehavior=convertToNull&useSSL=true&serverTimezone=GMT%2B8&autoReconnect=true&rewriteBatchedStatements=true|SELECT  dict_code,dict_sort,dict_label,dict_value,dict_type,css_class,list_class,is_default,status,remark,create_by,create_time,update_by,update_time  FROM sys_dict_data      WHERE  (status = ?)|SELECT  dict_code,dict_sort,dict_label,dict_value,dict_type,css_class,list_class,is_default,status,remark,create_by,create_time,update_by,update_time  FROM sys_dict_data      WHERE  (status = '1')
2025-12-21 01:23:10 [main] INFO  c.r.s.runner.SystemApplicationRunner - 加载字典缓存数据成功
2025-12-21 03:30:21 [background-preinit] INFO  o.h.validator.internal.util.Version - HV000001: Hibernate Validator 8.0.1.Final
2025-12-21 03:30:21 [main] INFO  com.ruoyi.RuoYiApplication - Starting RuoYiApplication using Java 17.0.12 with PID 38708 (D:\后端代码-dxm-大二上\dxm-houduan\ruoyi-admin-wms\target\classes started by 86191 in D:\后端代码-dxm-大二上\dxm-houduan)
2025-12-21 03:30:21 [main] INFO  com.ruoyi.RuoYiApplication - The following 1 profile is active: "dev"
2025-12-21 03:30:26 [background-preinit] INFO  o.h.validator.internal.util.Version - HV000001: Hibernate Validator 8.0.1.Final
2025-12-21 03:30:26 [main] INFO  com.ruoyi.RuoYiApplication - Starting RuoYiApplication using Java 17.0.12 with PID 23860 (D:\后端代码-dxm-大二上\dxm-houduan\ruoyi-admin-wms\target\classes started by 86191 in D:\后端代码-dxm-大二上\dxm-houduan)
2025-12-21 03:30:26 [main] INFO  com.ruoyi.RuoYiApplication - The following 1 profile is active: "dev"
2025-12-21 03:30:30 [main] INFO  io.undertow.servlet - Initializing Spring embedded WebApplicationContext
2025-12-21 03:30:34 [main] INFO  c.b.d.d.DynamicRoutingDataSource - dynamic-datasource detect P6SPY plugin and enabled it
2025-12-21 03:30:34 [main] INFO  com.zaxxer.hikari.HikariDataSource - master - Starting...
2025-12-21 03:30:35 [main] INFO  com.zaxxer.hikari.pool.HikariPool - master - Added connection com.mysql.cj.jdbc.ConnectionImpl@20923380
2025-12-21 03:30:35 [main] INFO  com.zaxxer.hikari.HikariDataSource - master - Start completed.
2025-12-21 03:30:35 [main] INFO  c.b.d.d.DynamicRoutingDataSource - dynamic-datasource - add a datasource named [master] success
2025-12-21 03:30:35 [main] INFO  c.b.d.d.DynamicRoutingDataSource - dynamic-datasource initial loaded [1] datasource,primary datasource named [master]
2025-12-21 03:30:39 [main] INFO  io.undertow.servlet - Initializing Spring embedded WebApplicationContext
2025-12-21 03:30:40 [main] INFO  c.b.d.d.DynamicRoutingDataSource - dynamic-datasource detect P6SPY plugin and enabled it
2025-12-21 03:30:40 [main] INFO  com.zaxxer.hikari.HikariDataSource - master - Starting...
2025-12-21 03:30:41 [main] INFO  c.r.common.redis.config.RedisConfig - 初始化 redis 配置
2025-12-21 03:30:41 [main] INFO  com.zaxxer.hikari.pool.HikariPool - master - Added connection com.mysql.cj.jdbc.ConnectionImpl@2b76ecd5
2025-12-21 03:30:41 [main] INFO  com.zaxxer.hikari.HikariDataSource - master - Start completed.
2025-12-21 03:30:41 [main] INFO  c.b.d.d.DynamicRoutingDataSource - dynamic-datasource - add a datasource named [master] success
2025-12-21 03:30:41 [main] INFO  c.b.d.d.DynamicRoutingDataSource - dynamic-datasource initial loaded [1] datasource,primary datasource named [master]
2025-12-21 03:30:41 [main] INFO  org.redisson.Version - Redisson 3.29.0
2025-12-21 03:30:42 [redisson-netty-1-5] INFO  o.r.connection.ConnectionsHolder - 1 connections initialized for 127.0.0.1/127.0.0.1:6379
2025-12-21 03:30:42 [redisson-netty-1-3] INFO  o.r.connection.ConnectionsHolder - 8 connections initialized for 127.0.0.1/127.0.0.1:6379
2025-12-21 03:30:45 [main] INFO  c.r.common.json.config.JacksonConfig - 初始化 jackson 配置
2025-12-21 03:30:47 [main] INFO  c.r.common.redis.config.RedisConfig - 初始化 redis 配置
2025-12-21 03:30:48 [main] INFO  org.redisson.Version - Redisson 3.29.0
2025-12-21 03:30:49 [main] INFO  io.undertow - starting server: Undertow - 2.3.13.Final
2025-12-21 03:30:49 [redisson-netty-1-4] INFO  o.r.connection.ConnectionsHolder - 1 connections initialized for 127.0.0.1/127.0.0.1:6379
2025-12-21 03:30:49 [main] INFO  org.xnio - XNIO version 3.8.8.Final
2025-12-21 03:30:49 [main] INFO  org.xnio.nio - XNIO NIO Implementation Version 3.8.8.Final
2025-12-21 03:30:49 [redisson-netty-1-3] INFO  o.r.connection.ConnectionsHolder - 8 connections initialized for 127.0.0.1/127.0.0.1:6379
2025-12-21 03:30:49 [main] INFO  org.jboss.threads - JBoss Threads version 3.5.0.Final
2025-12-21 03:30:49 [main] INFO  io.undertow - stopping server: Undertow - 2.3.13.Final
2025-12-21 03:30:49 [main] INFO  c.r.c.core.config.ThreadPoolConfig - ====关闭后台任务任务线程池====
2025-12-21 03:30:49 [main] INFO  c.b.d.d.DynamicRoutingDataSource - dynamic-datasource start closing ....
2025-12-21 03:30:49 [main] INFO  com.zaxxer.hikari.HikariDataSource - master - Shutdown initiated...
2025-12-21 03:30:49 [main] INFO  com.zaxxer.hikari.HikariDataSource - master - Shutdown completed.
2025-12-21 03:30:49 [main] INFO  c.b.d.d.d.DefaultDataSourceDestroyer - dynamic-datasource close the datasource named [master] success,
2025-12-21 03:30:49 [main] INFO  c.b.d.d.DynamicRoutingDataSource - dynamic-datasource all closed success,bye
2025-12-21 03:30:51 [main] INFO  c.r.common.json.config.JacksonConfig - 初始化 jackson 配置
2025-12-21 03:30:55 [main] INFO  io.undertow - starting server: Undertow - 2.3.13.Final
2025-12-21 03:30:55 [main] INFO  org.xnio - XNIO version 3.8.8.Final
2025-12-21 03:30:55 [main] INFO  org.xnio.nio - XNIO NIO Implementation Version 3.8.8.Final
2025-12-21 03:30:55 [main] INFO  org.jboss.threads - JBoss Threads version 3.5.0.Final
2025-12-21 03:30:55 [main] INFO  io.undertow - stopping server: Undertow - 2.3.13.Final
2025-12-21 03:30:55 [main] INFO  c.r.c.core.config.ThreadPoolConfig - ====关闭后台任务任务线程池====
2025-12-21 03:30:55 [main] INFO  c.b.d.d.DynamicRoutingDataSource - dynamic-datasource start closing ....
2025-12-21 03:30:55 [main] INFO  com.zaxxer.hikari.HikariDataSource - master - Shutdown initiated...
2025-12-21 03:30:55 [main] INFO  com.zaxxer.hikari.HikariDataSource - master - Shutdown completed.
2025-12-21 03:30:55 [main] INFO  c.b.d.d.d.DefaultDataSourceDestroyer - dynamic-datasource close the datasource named [master] success,
2025-12-21 03:30:55 [main] INFO  c.b.d.d.DynamicRoutingDataSource - dynamic-datasource all closed success,bye
2025-12-21 03:31:06 [background-preinit] INFO  o.h.validator.internal.util.Version - HV000001: Hibernate Validator 8.0.1.Final
2025-12-21 03:31:07 [main] INFO  com.ruoyi.RuoYiApplication - Starting RuoYiApplication using Java 17.0.12 with PID 30640 (D:\后端代码-dxm-大二上\dxm-houduan\ruoyi-admin-wms\target\classes started by 86191 in D:\后端代码-dxm-大二上\dxm-houduan)
2025-12-21 03:31:07 [main] INFO  com.ruoyi.RuoYiApplication - The following 1 profile is active: "dev"
2025-12-21 03:31:14 [main] INFO  io.undertow.servlet - Initializing Spring embedded WebApplicationContext
2025-12-21 03:31:15 [main] INFO  c.b.d.d.DynamicRoutingDataSource - dynamic-datasource detect P6SPY plugin and enabled it
2025-12-21 03:31:15 [main] INFO  com.zaxxer.hikari.HikariDataSource - master - Starting...
2025-12-21 03:31:16 [main] INFO  com.zaxxer.hikari.pool.HikariPool - master - Added connection com.mysql.cj.jdbc.ConnectionImpl@6520625f
2025-12-21 03:31:16 [main] INFO  com.zaxxer.hikari.HikariDataSource - master - Start completed.
2025-12-21 03:31:16 [main] INFO  c.b.d.d.DynamicRoutingDataSource - dynamic-datasource - add a datasource named [master] success
2025-12-21 03:31:16 [main] INFO  c.b.d.d.DynamicRoutingDataSource - dynamic-datasource initial loaded [1] datasource,primary datasource named [master]
2025-12-21 03:31:21 [main] INFO  c.r.common.redis.config.RedisConfig - 初始化 redis 配置
2025-12-21 03:31:21 [main] INFO  org.redisson.Version - Redisson 3.29.0
2025-12-21 03:31:21 [redisson-netty-1-4] INFO  o.r.connection.ConnectionsHolder - 1 connections initialized for 127.0.0.1/127.0.0.1:6379
2025-12-21 03:31:21 [redisson-netty-1-3] INFO  o.r.connection.ConnectionsHolder - 8 connections initialized for 127.0.0.1/127.0.0.1:6379
2025-12-21 03:31:23 [main] INFO  c.r.common.json.config.JacksonConfig - 初始化 jackson 配置
2025-12-21 03:31:27 [main] INFO  io.undertow - starting server: Undertow - 2.3.13.Final
2025-12-21 03:31:27 [main] INFO  org.xnio - XNIO version 3.8.8.Final
2025-12-21 03:31:27 [main] INFO  org.xnio.nio - XNIO NIO Implementation Version 3.8.8.Final
2025-12-21 03:31:27 [main] INFO  org.jboss.threads - JBoss Threads version 3.5.0.Final
2025-12-21 03:31:27 [main] INFO  com.ruoyi.RuoYiApplication - Started RuoYiApplication in 21.666 seconds (process running for 23.112)
2025-12-21 03:31:27 [main] INFO  p6spy - 2025-12-21 03:31:27|22|statement|connection 0|url jdbc:mysql://127.0.0.1:3306/studyr3q1?useUnicode=true&characterEncoding=utf8&zeroDateTimeBehavior=convertToNull&useSSL=true&serverTimezone=GMT%2B8&autoReconnect=true&rewriteBatchedStatements=true|SELECT  oss_config_id,config_key,access_key,secret_key,bucket_name,prefix,endpoint,domain,is_https,region,status,ext1,remark,access_policy,create_by,create_time,update_by,update_time  FROM sys_oss_config|SELECT  oss_config_id,config_key,access_key,secret_key,bucket_name,prefix,endpoint,domain,is_https,region,status,ext1,remark,access_policy,create_by,create_time,update_by,update_time  FROM sys_oss_config
2025-12-21 03:31:27 [main] INFO  c.r.s.runner.SystemApplicationRunner - 初始化OSS配置成功
2025-12-21 03:31:28 [main] INFO  p6spy - 2025-12-21 03:31:28|2|statement|connection 1|url jdbc:mysql://127.0.0.1:3306/studyr3q1?useUnicode=true&characterEncoding=utf8&zeroDateTimeBehavior=convertToNull&useSSL=true&serverTimezone=GMT%2B8&autoReconnect=true&rewriteBatchedStatements=true|SELECT  config_id,config_name,config_key,config_value,config_type,remark,create_by,create_time,update_by,update_time  FROM sys_config           ORDER BY config_id ASC|SELECT  config_id,config_name,config_key,config_value,config_type,remark,create_by,create_time,update_by,update_time  FROM sys_config           ORDER BY config_id ASC
2025-12-21 03:31:28 [main] INFO  c.r.s.runner.SystemApplicationRunner - 加载参数缓存数据成功
2025-12-21 03:31:28 [main] INFO  p6spy - 2025-12-21 03:31:28|4|statement|connection 2|url jdbc:mysql://127.0.0.1:3306/studyr3q1?useUnicode=true&characterEncoding=utf8&zeroDateTimeBehavior=convertToNull&useSSL=true&serverTimezone=GMT%2B8&autoReconnect=true&rewriteBatchedStatements=true|SELECT  dict_code,dict_sort,dict_label,dict_value,dict_type,css_class,list_class,is_default,status,remark,create_by,create_time,update_by,update_time  FROM sys_dict_data      WHERE  (status = ?)|SELECT  dict_code,dict_sort,dict_label,dict_value,dict_type,css_class,list_class,is_default,status,remark,create_by,create_time,update_by,update_time  FROM sys_dict_data      WHERE  (status = '1')
2025-12-21 03:31:28 [main] INFO  c.r.s.runner.SystemApplicationRunner - 加载字典缓存数据成功
2025-12-21 03:31:51 [SpringApplicationShutdownHook] INFO  io.undertow - stopping server: Undertow - 2.3.13.Final
2025-12-21 03:31:51 [SpringApplicationShutdownHook] INFO  c.r.c.core.config.ThreadPoolConfig - ====关闭后台任务任务线程池====
2025-12-21 03:31:51 [SpringApplicationShutdownHook] INFO  c.b.d.d.DynamicRoutingDataSource - dynamic-datasource start closing ....
2025-12-21 03:31:51 [SpringApplicationShutdownHook] INFO  com.zaxxer.hikari.HikariDataSource - master - Shutdown initiated...
2025-12-21 03:31:51 [SpringApplicationShutdownHook] INFO  com.zaxxer.hikari.HikariDataSource - master - Shutdown completed.
2025-12-21 03:31:51 [SpringApplicationShutdownHook] INFO  c.b.d.d.d.DefaultDataSourceDestroyer - dynamic-datasource close the datasource named [master] success,
2025-12-21 03:31:51 [SpringApplicationShutdownHook] INFO  c.b.d.d.DynamicRoutingDataSource - dynamic-datasource all closed success,bye
2025-12-21 03:31:54 [background-preinit] INFO  o.h.validator.internal.util.Version - HV000001: Hibernate Validator 8.0.1.Final
2025-12-21 03:31:54 [main] INFO  com.ruoyi.RuoYiApplication - Starting RuoYiApplication using Java 17.0.12 with PID 17056 (D:\后端代码-dxm-大二上\dxm-houduan\ruoyi-admin-wms\target\classes started by 86191 in D:\后端代码-dxm-大二上\dxm-houduan)
2025-12-21 03:31:54 [main] INFO  com.ruoyi.RuoYiApplication - The following 1 profile is active: "dev"
2025-12-21 03:32:02 [main] INFO  io.undertow.servlet - Initializing Spring embedded WebApplicationContext
2025-12-21 03:32:03 [main] INFO  c.b.d.d.DynamicRoutingDataSource - dynamic-datasource detect P6SPY plugin and enabled it
2025-12-21 03:32:03 [main] INFO  com.zaxxer.hikari.HikariDataSource - master - Starting...
2025-12-21 03:32:04 [main] INFO  com.zaxxer.hikari.pool.HikariPool - master - Added connection com.mysql.cj.jdbc.ConnectionImpl@740fccd2
2025-12-21 03:32:04 [main] INFO  com.zaxxer.hikari.HikariDataSource - master - Start completed.
2025-12-21 03:32:04 [main] INFO  c.b.d.d.DynamicRoutingDataSource - dynamic-datasource - add a datasource named [master] success
2025-12-21 03:32:04 [main] INFO  c.b.d.d.DynamicRoutingDataSource - dynamic-datasource initial loaded [1] datasource,primary datasource named [master]
2025-12-21 03:32:09 [main] INFO  c.r.common.redis.config.RedisConfig - 初始化 redis 配置
2025-12-21 03:32:09 [main] INFO  org.redisson.Version - Redisson 3.29.0
2025-12-21 03:32:09 [redisson-netty-1-4] INFO  o.r.connection.ConnectionsHolder - 1 connections initialized for 127.0.0.1/127.0.0.1:6379
2025-12-21 03:32:09 [redisson-netty-1-3] INFO  o.r.connection.ConnectionsHolder - 8 connections initialized for 127.0.0.1/127.0.0.1:6379
2025-12-21 03:32:11 [main] INFO  c.r.common.json.config.JacksonConfig - 初始化 jackson 配置
2025-12-21 03:32:15 [main] INFO  io.undertow - starting server: Undertow - 2.3.13.Final
2025-12-21 03:32:15 [main] INFO  org.xnio - XNIO version 3.8.8.Final
2025-12-21 03:32:15 [main] INFO  org.xnio.nio - XNIO NIO Implementation Version 3.8.8.Final
2025-12-21 03:32:15 [main] INFO  org.jboss.threads - JBoss Threads version 3.5.0.Final
2025-12-21 03:32:15 [main] INFO  com.ruoyi.RuoYiApplication - Started RuoYiApplication in 22.246 seconds (process running for 23.373)
2025-12-21 03:32:16 [main] INFO  p6spy - 2025-12-21 03:32:16|13|statement|connection 0|url jdbc:mysql://127.0.0.1:3306/studyr3q1?useUnicode=true&characterEncoding=utf8&zeroDateTimeBehavior=convertToNull&useSSL=true&serverTimezone=GMT%2B8&autoReconnect=true&rewriteBatchedStatements=true|SELECT  oss_config_id,config_key,access_key,secret_key,bucket_name,prefix,endpoint,domain,is_https,region,status,ext1,remark,access_policy,create_by,create_time,update_by,update_time  FROM sys_oss_config|SELECT  oss_config_id,config_key,access_key,secret_key,bucket_name,prefix,endpoint,domain,is_https,region,status,ext1,remark,access_policy,create_by,create_time,update_by,update_time  FROM sys_oss_config
2025-12-21 03:32:16 [main] INFO  c.r.s.runner.SystemApplicationRunner - 初始化OSS配置成功
2025-12-21 03:32:16 [main] INFO  p6spy - 2025-12-21 03:32:16|1|statement|connection 1|url jdbc:mysql://127.0.0.1:3306/studyr3q1?useUnicode=true&characterEncoding=utf8&zeroDateTimeBehavior=convertToNull&useSSL=true&serverTimezone=GMT%2B8&autoReconnect=true&rewriteBatchedStatements=true|SELECT  config_id,config_name,config_key,config_value,config_type,remark,create_by,create_time,update_by,update_time  FROM sys_config           ORDER BY config_id ASC|SELECT  config_id,config_name,config_key,config_value,config_type,remark,create_by,create_time,update_by,update_time  FROM sys_config           ORDER BY config_id ASC
2025-12-21 03:32:16 [main] INFO  c.r.s.runner.SystemApplicationRunner - 加载参数缓存数据成功
2025-12-21 03:32:16 [main] INFO  p6spy - 2025-12-21 03:32:16|3|statement|connection 2|url jdbc:mysql://127.0.0.1:3306/studyr3q1?useUnicode=true&characterEncoding=utf8&zeroDateTimeBehavior=convertToNull&useSSL=true&serverTimezone=GMT%2B8&autoReconnect=true&rewriteBatchedStatements=true|SELECT  dict_code,dict_sort,dict_label,dict_value,dict_type,css_class,list_class,is_default,status,remark,create_by,create_time,update_by,update_time  FROM sys_dict_data      WHERE  (status = ?)|SELECT  dict_code,dict_sort,dict_label,dict_value,dict_type,css_class,list_class,is_default,status,remark,create_by,create_time,update_by,update_time  FROM sys_dict_data      WHERE  (status = '1')
2025-12-21 03:32:16 [main] INFO  c.r.s.runner.SystemApplicationRunner - 加载字典缓存数据成功
2025-12-21 03:34:00 [XNIO-1 task-2] INFO  io.undertow.servlet - Initializing Spring DispatcherServlet 'dispatcherServlet'
2025-12-21 03:34:01 [XNIO-1 task-2] INFO  c.r.c.w.i.PlusWebInvokeTimeInterceptor - [PLUS]开始请求 => URL[GET /coins/sync],无参数
2025-12-21 03:34:01 [XNIO-1 task-2] INFO  c.ruoyi.wms.service.CoinServiceImpl - 开始同步硬币数据
2025-12-21 03:34:01 [XNIO-1 task-2] INFO  c.ruoyi.wms.service.CoinServiceImpl - 调用Dify API获取硬币数据
2025-12-21 03:34:01 [XNIO-1 task-2] INFO  c.ruoyi.wms.service.CoinServiceImpl - 开始调用Dify API，URL: http://localhost:8000/v1/workflows/run
2025-12-21 03:34:01 [schedule-pool-1] INFO  p6spy - 2025-12-21 03:34:01|12|statement|connection 4|url jdbc:mysql://127.0.0.1:3306/studyr3q1?useUnicode=true&characterEncoding=utf8&zeroDateTimeBehavior=convertToNull&useSSL=true&serverTimezone=GMT%2B8&autoReconnect=true&rewriteBatchedStatements=true|INSERT INTO sys_oper_log  ( oper_id, title, business_type, method, request_method, operator_type, oper_name, dept_name, oper_url, oper_ip, oper_location, oper_param, json_result, status,  oper_time )  VALUES (  ?, ?, ?, ?, ?, ?, ?, ?, ?, ?, ?, ?, ?, ?,  ?  )|INSERT INTO sys_oper_log  ( oper_id, title, business_type, method, request_method, operator_type, oper_name, dept_name, oper_url, oper_ip, oper_location, oper_param, json_result, status,  oper_time )  VALUES (  2002462511778537474, '同步硬币数据', 0, 'com.ruoyi.wms.controller.CoinController.syncFromDify()', 'GET', 1, '匿名用户', '未知部门', '/coins/sync', '0:0:0:0:0:0:0:1', '内网IP', '{}', '{"code":200,"msg":"同步成功","data":0}', 1,  '2025-12-21T03:34:01.408294400'  )
2025-12-21 03:34:01 [XNIO-1 task-2] INFO  c.r.c.w.i.PlusWebInvokeTimeInterceptor - [PLUS]结束请求 => URL[GET /coins/sync],耗时:[847]毫秒
2025-12-21 12:16:15 [background-preinit] INFO  o.h.validator.internal.util.Version - HV000001: Hibernate Validator 8.0.1.Final
2025-12-21 12:16:15 [main] INFO  com.ruoyi.RuoYiApplication - Starting RuoYiApplication using Java 17.0.12 with PID 28764 (D:\后端代码-dxm-大二上\dxm-houduan\ruoyi-admin-wms\target\classes started by 86191 in D:\后端代码-dxm-大二上\dxm-houduan)
2025-12-21 12:16:15 [main] INFO  com.ruoyi.RuoYiApplication - The following 1 profile is active: "dev"
2025-12-21 12:16:22 [main] INFO  io.undertow.servlet - Initializing Spring embedded WebApplicationContext
2025-12-21 12:16:23 [main] INFO  c.b.d.d.DynamicRoutingDataSource - dynamic-datasource detect P6SPY plugin and enabled it
2025-12-21 12:16:23 [main] INFO  com.zaxxer.hikari.HikariDataSource - master - Starting...
2025-12-21 12:16:24 [main] INFO  com.zaxxer.hikari.pool.HikariPool - master - Added connection com.mysql.cj.jdbc.ConnectionImpl@4fea9f19
2025-12-21 12:16:24 [main] INFO  com.zaxxer.hikari.HikariDataSource - master - Start completed.
2025-12-21 12:16:24 [main] INFO  c.b.d.d.DynamicRoutingDataSource - dynamic-datasource - add a datasource named [master] success
2025-12-21 12:16:24 [main] INFO  c.b.d.d.DynamicRoutingDataSource - dynamic-datasource initial loaded [1] datasource,primary datasource named [master]
2025-12-21 12:16:29 [main] INFO  c.r.common.redis.config.RedisConfig - 初始化 redis 配置
2025-12-21 12:16:29 [main] INFO  org.redisson.Version - Redisson 3.29.0
2025-12-21 12:16:30 [redisson-netty-1-4] INFO  o.r.connection.ConnectionsHolder - 1 connections initialized for 127.0.0.1/127.0.0.1:6379
2025-12-21 12:16:30 [redisson-netty-1-3] INFO  o.r.connection.ConnectionsHolder - 8 connections initialized for 127.0.0.1/127.0.0.1:6379
2025-12-21 12:16:32 [main] INFO  c.r.common.json.config.JacksonConfig - 初始化 jackson 配置
2025-12-21 12:16:35 [main] INFO  io.undertow - starting server: Undertow - 2.3.13.Final
2025-12-21 12:16:35 [main] INFO  org.xnio - XNIO version 3.8.8.Final
2025-12-21 12:16:35 [main] INFO  org.xnio.nio - XNIO NIO Implementation Version 3.8.8.Final
2025-12-21 12:16:35 [main] INFO  org.jboss.threads - JBoss Threads version 3.5.0.Final
2025-12-21 12:16:35 [main] INFO  com.ruoyi.RuoYiApplication - Started RuoYiApplication in 21.452 seconds (process running for 23.1)
2025-12-21 12:16:36 [main] INFO  p6spy - 2025-12-21 12:16:36|15|statement|connection 0|url jdbc:mysql://127.0.0.1:3306/studyr3q1?useUnicode=true&characterEncoding=utf8&zeroDateTimeBehavior=convertToNull&useSSL=true&serverTimezone=GMT%2B8&autoReconnect=true&rewriteBatchedStatements=true|SELECT  oss_config_id,config_key,access_key,secret_key,bucket_name,prefix,endpoint,domain,is_https,region,status,ext1,remark,access_policy,create_by,create_time,update_by,update_time  FROM sys_oss_config|SELECT  oss_config_id,config_key,access_key,secret_key,bucket_name,prefix,endpoint,domain,is_https,region,status,ext1,remark,access_policy,create_by,create_time,update_by,update_time  FROM sys_oss_config
2025-12-21 12:16:36 [main] INFO  c.r.s.runner.SystemApplicationRunner - 初始化OSS配置成功
2025-12-21 12:16:36 [main] INFO  p6spy - 2025-12-21 12:16:36|1|statement|connection 1|url jdbc:mysql://127.0.0.1:3306/studyr3q1?useUnicode=true&characterEncoding=utf8&zeroDateTimeBehavior=convertToNull&useSSL=true&serverTimezone=GMT%2B8&autoReconnect=true&rewriteBatchedStatements=true|SELECT  config_id,config_name,config_key,config_value,config_type,remark,create_by,create_time,update_by,update_time  FROM sys_config           ORDER BY config_id ASC|SELECT  config_id,config_name,config_key,config_value,config_type,remark,create_by,create_time,update_by,update_time  FROM sys_config           ORDER BY config_id ASC
2025-12-21 12:16:36 [main] INFO  c.r.s.runner.SystemApplicationRunner - 加载参数缓存数据成功
2025-12-21 12:16:36 [main] INFO  p6spy - 2025-12-21 12:16:36|3|statement|connection 2|url jdbc:mysql://127.0.0.1:3306/studyr3q1?useUnicode=true&characterEncoding=utf8&zeroDateTimeBehavior=convertToNull&useSSL=true&serverTimezone=GMT%2B8&autoReconnect=true&rewriteBatchedStatements=true|SELECT  dict_code,dict_sort,dict_label,dict_value,dict_type,css_class,list_class,is_default,status,remark,create_by,create_time,update_by,update_time  FROM sys_dict_data      WHERE  (status = ?)|SELECT  dict_code,dict_sort,dict_label,dict_value,dict_type,css_class,list_class,is_default,status,remark,create_by,create_time,update_by,update_time  FROM sys_dict_data      WHERE  (status = '1')
2025-12-21 12:16:36 [main] INFO  c.r.s.runner.SystemApplicationRunner - 加载字典缓存数据成功
2025-12-21 12:18:17 [SpringApplicationShutdownHook] INFO  io.undertow - stopping server: Undertow - 2.3.13.Final
2025-12-21 12:18:17 [SpringApplicationShutdownHook] INFO  c.r.c.core.config.ThreadPoolConfig - ====关闭后台任务任务线程池====
2025-12-21 12:18:17 [SpringApplicationShutdownHook] INFO  c.b.d.d.DynamicRoutingDataSource - dynamic-datasource start closing ....
2025-12-21 12:18:17 [SpringApplicationShutdownHook] INFO  com.zaxxer.hikari.HikariDataSource - master - Shutdown initiated...
2025-12-21 12:18:17 [SpringApplicationShutdownHook] INFO  com.zaxxer.hikari.HikariDataSource - master - Shutdown completed.
2025-12-21 12:18:17 [SpringApplicationShutdownHook] INFO  c.b.d.d.d.DefaultDataSourceDestroyer - dynamic-datasource close the datasource named [master] success,
2025-12-21 12:18:17 [SpringApplicationShutdownHook] INFO  c.b.d.d.DynamicRoutingDataSource - dynamic-datasource all closed success,bye
2025-12-21 12:18:20 [background-preinit] INFO  o.h.validator.internal.util.Version - HV000001: Hibernate Validator 8.0.1.Final
2025-12-21 12:18:20 [main] INFO  com.ruoyi.RuoYiApplication - Starting RuoYiApplication using Java 17.0.12 with PID 36524 (D:\后端代码-dxm-大二上\dxm-houduan\ruoyi-admin-wms\target\classes started by 86191 in D:\后端代码-dxm-大二上\dxm-houduan)
2025-12-21 12:18:20 [main] INFO  com.ruoyi.RuoYiApplication - The following 1 profile is active: "dev"
2025-12-21 12:18:27 [main] INFO  io.undertow.servlet - Initializing Spring embedded WebApplicationContext
2025-12-21 12:18:28 [main] INFO  c.b.d.d.DynamicRoutingDataSource - dynamic-datasource detect P6SPY plugin and enabled it
2025-12-21 12:18:28 [main] INFO  com.zaxxer.hikari.HikariDataSource - master - Starting...
2025-12-21 12:18:29 [main] INFO  com.zaxxer.hikari.pool.HikariPool - master - Added connection com.mysql.cj.jdbc.ConnectionImpl@f391e52
2025-12-21 12:18:29 [main] INFO  com.zaxxer.hikari.HikariDataSource - master - Start completed.
2025-12-21 12:18:29 [main] INFO  c.b.d.d.DynamicRoutingDataSource - dynamic-datasource - add a datasource named [master] success
2025-12-21 12:18:29 [main] INFO  c.b.d.d.DynamicRoutingDataSource - dynamic-datasource initial loaded [1] datasource,primary datasource named [master]
2025-12-21 12:18:33 [main] INFO  c.r.common.redis.config.RedisConfig - 初始化 redis 配置
2025-12-21 12:18:34 [main] INFO  org.redisson.Version - Redisson 3.29.0
2025-12-21 12:18:34 [redisson-netty-1-4] INFO  o.r.connection.ConnectionsHolder - 1 connections initialized for 127.0.0.1/127.0.0.1:6379
2025-12-21 12:18:34 [redisson-netty-1-3] INFO  o.r.connection.ConnectionsHolder - 8 connections initialized for 127.0.0.1/127.0.0.1:6379
2025-12-21 12:18:36 [main] INFO  c.r.common.json.config.JacksonConfig - 初始化 jackson 配置
2025-12-21 12:18:39 [main] INFO  io.undertow - starting server: Undertow - 2.3.13.Final
2025-12-21 12:18:39 [main] INFO  org.xnio - XNIO version 3.8.8.Final
2025-12-21 12:18:39 [main] INFO  org.xnio.nio - XNIO NIO Implementation Version 3.8.8.Final
2025-12-21 12:18:39 [main] INFO  org.jboss.threads - JBoss Threads version 3.5.0.Final
2025-12-21 12:18:39 [main] INFO  com.ruoyi.RuoYiApplication - Started RuoYiApplication in 19.999 seconds (process running for 20.893)
2025-12-21 12:18:39 [main] INFO  p6spy - 2025-12-21 12:18:39|25|statement|connection 0|url jdbc:mysql://127.0.0.1:3306/studyr3q1?useUnicode=true&characterEncoding=utf8&zeroDateTimeBehavior=convertToNull&useSSL=true&serverTimezone=GMT%2B8&autoReconnect=true&rewriteBatchedStatements=true|SELECT  oss_config_id,config_key,access_key,secret_key,bucket_name,prefix,endpoint,domain,is_https,region,status,ext1,remark,access_policy,create_by,create_time,update_by,update_time  FROM sys_oss_config|SELECT  oss_config_id,config_key,access_key,secret_key,bucket_name,prefix,endpoint,domain,is_https,region,status,ext1,remark,access_policy,create_by,create_time,update_by,update_time  FROM sys_oss_config
2025-12-21 12:18:40 [main] INFO  c.r.s.runner.SystemApplicationRunner - 初始化OSS配置成功
2025-12-21 12:18:40 [main] INFO  p6spy - 2025-12-21 12:18:40|1|statement|connection 1|url jdbc:mysql://127.0.0.1:3306/studyr3q1?useUnicode=true&characterEncoding=utf8&zeroDateTimeBehavior=convertToNull&useSSL=true&serverTimezone=GMT%2B8&autoReconnect=true&rewriteBatchedStatements=true|SELECT  config_id,config_name,config_key,config_value,config_type,remark,create_by,create_time,update_by,update_time  FROM sys_config           ORDER BY config_id ASC|SELECT  config_id,config_name,config_key,config_value,config_type,remark,create_by,create_time,update_by,update_time  FROM sys_config           ORDER BY config_id ASC
2025-12-21 12:18:40 [main] INFO  c.r.s.runner.SystemApplicationRunner - 加载参数缓存数据成功
2025-12-21 12:18:40 [main] INFO  p6spy - 2025-12-21 12:18:40|4|statement|connection 2|url jdbc:mysql://127.0.0.1:3306/studyr3q1?useUnicode=true&characterEncoding=utf8&zeroDateTimeBehavior=convertToNull&useSSL=true&serverTimezone=GMT%2B8&autoReconnect=true&rewriteBatchedStatements=true|SELECT  dict_code,dict_sort,dict_label,dict_value,dict_type,css_class,list_class,is_default,status,remark,create_by,create_time,update_by,update_time  FROM sys_dict_data      WHERE  (status = ?)|SELECT  dict_code,dict_sort,dict_label,dict_value,dict_type,css_class,list_class,is_default,status,remark,create_by,create_time,update_by,update_time  FROM sys_dict_data      WHERE  (status = '1')
2025-12-21 12:18:40 [main] INFO  c.r.s.runner.SystemApplicationRunner - 加载字典缓存数据成功
2025-12-21 12:28:18 [SpringApplicationShutdownHook] INFO  io.undertow - stopping server: Undertow - 2.3.13.Final
2025-12-21 12:28:18 [SpringApplicationShutdownHook] INFO  c.r.c.core.config.ThreadPoolConfig - ====关闭后台任务任务线程池====
2025-12-21 12:28:18 [SpringApplicationShutdownHook] INFO  c.b.d.d.DynamicRoutingDataSource - dynamic-datasource start closing ....
2025-12-21 12:28:18 [SpringApplicationShutdownHook] INFO  com.zaxxer.hikari.HikariDataSource - master - Shutdown initiated...
2025-12-21 12:28:18 [SpringApplicationShutdownHook] INFO  com.zaxxer.hikari.HikariDataSource - master - Shutdown completed.
2025-12-21 12:28:18 [SpringApplicationShutdownHook] INFO  c.b.d.d.d.DefaultDataSourceDestroyer - dynamic-datasource close the datasource named [master] success,
2025-12-21 12:28:18 [SpringApplicationShutdownHook] INFO  c.b.d.d.DynamicRoutingDataSource - dynamic-datasource all closed success,bye
2025-12-21 12:28:24 [background-preinit] INFO  o.h.validator.internal.util.Version - HV000001: Hibernate Validator 8.0.1.Final
2025-12-21 12:28:24 [main] INFO  com.ruoyi.RuoYiApplication - Starting RuoYiApplication using Java 17.0.12 with PID 42488 (D:\后端代码-dxm-大二上\dxm-houduan\ruoyi-admin-wms\target\classes started by 86191 in D:\后端代码-dxm-大二上\dxm-houduan)
2025-12-21 12:28:24 [main] INFO  com.ruoyi.RuoYiApplication - The following 1 profile is active: "dev"
2025-12-21 12:28:30 [main] INFO  io.undertow.servlet - Initializing Spring embedded WebApplicationContext
2025-12-21 12:28:31 [main] INFO  c.b.d.d.DynamicRoutingDataSource - dynamic-datasource detect P6SPY plugin and enabled it
2025-12-21 12:28:31 [main] INFO  com.zaxxer.hikari.HikariDataSource - master - Starting...
2025-12-21 12:28:32 [main] INFO  com.zaxxer.hikari.pool.HikariPool - master - Added connection com.mysql.cj.jdbc.ConnectionImpl@1299c874
2025-12-21 12:28:32 [main] INFO  com.zaxxer.hikari.HikariDataSource - master - Start completed.
2025-12-21 12:28:32 [main] INFO  c.b.d.d.DynamicRoutingDataSource - dynamic-datasource - add a datasource named [master] success
2025-12-21 12:28:32 [main] INFO  c.b.d.d.DynamicRoutingDataSource - dynamic-datasource initial loaded [1] datasource,primary datasource named [master]
2025-12-21 12:28:37 [main] INFO  c.r.common.redis.config.RedisConfig - 初始化 redis 配置
2025-12-21 12:28:37 [main] INFO  org.redisson.Version - Redisson 3.29.0
2025-12-21 12:28:37 [redisson-netty-1-4] INFO  o.r.connection.ConnectionsHolder - 1 connections initialized for 127.0.0.1/127.0.0.1:6379
2025-12-21 12:28:37 [redisson-netty-1-3] INFO  o.r.connection.ConnectionsHolder - 8 connections initialized for 127.0.0.1/127.0.0.1:6379
2025-12-21 12:28:39 [main] INFO  c.r.common.json.config.JacksonConfig - 初始化 jackson 配置
2025-12-21 12:28:42 [main] INFO  io.undertow - starting server: Undertow - 2.3.13.Final
2025-12-21 12:28:42 [main] INFO  org.xnio - XNIO version 3.8.8.Final
2025-12-21 12:28:42 [main] INFO  org.xnio.nio - XNIO NIO Implementation Version 3.8.8.Final
2025-12-21 12:28:42 [main] INFO  org.jboss.threads - JBoss Threads version 3.5.0.Final
2025-12-21 12:28:42 [main] INFO  com.ruoyi.RuoYiApplication - Started RuoYiApplication in 19.823 seconds (process running for 21.191)
2025-12-21 12:28:42 [main] INFO  p6spy - 2025-12-21 12:28:42|26|statement|connection 0|url jdbc:mysql://127.0.0.1:3306/studyr3q1?useUnicode=true&characterEncoding=utf8&zeroDateTimeBehavior=convertToNull&useSSL=true&serverTimezone=GMT%2B8&autoReconnect=true&rewriteBatchedStatements=true|SELECT  oss_config_id,config_key,access_key,secret_key,bucket_name,prefix,endpoint,domain,is_https,region,status,ext1,remark,access_policy,create_by,create_time,update_by,update_time  FROM sys_oss_config|SELECT  oss_config_id,config_key,access_key,secret_key,bucket_name,prefix,endpoint,domain,is_https,region,status,ext1,remark,access_policy,create_by,create_time,update_by,update_time  FROM sys_oss_config
2025-12-21 12:28:43 [main] INFO  c.r.s.runner.SystemApplicationRunner - 初始化OSS配置成功
2025-12-21 12:28:43 [main] INFO  p6spy - 2025-12-21 12:28:43|4|statement|connection 1|url jdbc:mysql://127.0.0.1:3306/studyr3q1?useUnicode=true&characterEncoding=utf8&zeroDateTimeBehavior=convertToNull&useSSL=true&serverTimezone=GMT%2B8&autoReconnect=true&rewriteBatchedStatements=true|SELECT  config_id,config_name,config_key,config_value,config_type,remark,create_by,create_time,update_by,update_time  FROM sys_config           ORDER BY config_id ASC|SELECT  config_id,config_name,config_key,config_value,config_type,remark,create_by,create_time,update_by,update_time  FROM sys_config           ORDER BY config_id ASC
2025-12-21 12:28:43 [main] INFO  c.r.s.runner.SystemApplicationRunner - 加载参数缓存数据成功
2025-12-21 12:28:43 [main] INFO  p6spy - 2025-12-21 12:28:43|5|statement|connection 2|url jdbc:mysql://127.0.0.1:3306/studyr3q1?useUnicode=true&characterEncoding=utf8&zeroDateTimeBehavior=convertToNull&useSSL=true&serverTimezone=GMT%2B8&autoReconnect=true&rewriteBatchedStatements=true|SELECT  dict_code,dict_sort,dict_label,dict_value,dict_type,css_class,list_class,is_default,status,remark,create_by,create_time,update_by,update_time  FROM sys_dict_data      WHERE  (status = ?)|SELECT  dict_code,dict_sort,dict_label,dict_value,dict_type,css_class,list_class,is_default,status,remark,create_by,create_time,update_by,update_time  FROM sys_dict_data      WHERE  (status = '1')
2025-12-21 12:28:43 [main] INFO  c.r.s.runner.SystemApplicationRunner - 加载字典缓存数据成功
2025-12-21 12:30:00 [schedule-pool-1] INFO  com.ruoyi.wms.task.CoinSyncTask - 开始执行定时同步硬币数据任务
2025-12-21 12:30:00 [schedule-pool-1] INFO  c.ruoyi.wms.service.CoinServiceImpl - 开始同步硬币数据
2025-12-21 12:30:00 [schedule-pool-1] INFO  c.ruoyi.wms.service.CoinServiceImpl - 调用Dify API获取硬币数据
2025-12-21 12:30:00 [schedule-pool-1] INFO  c.ruoyi.wms.service.CoinServiceImpl - 开始调用Dify API，URL: https://api.dify.ai/v1/workflows/run
2025-12-21 12:30:00 [schedule-pool-1] INFO  c.ruoyi.wms.service.CoinServiceImpl - API Key: app-kE8Li1cG4c88T50v4dMV9iEl
2025-12-21 12:30:00 [schedule-pool-1] INFO  c.ruoyi.wms.service.CoinServiceImpl - 请求头: {Content-Type=[application/json], Authorization=[Bearer app-kE8Li1cG4c88T50v4dMV9iEl]}
2025-12-21 12:30:00 [schedule-pool-1] INFO  c.ruoyi.wms.service.CoinServiceImpl - 请求体: {inputs={query=获取加密货币数据}, user=ruoyi-system, response_mode=blocking}
2025-12-21 12:30:12 [schedule-pool-1] INFO  c.ruoyi.wms.service.CoinServiceImpl - Dify API调用完成，响应体字符串: {"task_id": "4069396f-c52f-4eda-9357-83ed8546c4d7", "workflow_run_id": "a9ab3977-1ce7-4643-ad4c-691eb12c7209", "data": {"id": "a9ab3977-1ce7-4643-ad4c-691eb12c7209", "workflow_id": "24391f58-f1ed-48df-9ebc-26519d04fc1d", "status": "succeeded", "outputs": {"post": "[\n{\"name\":\"Bitcoin\",\"symbol\":\"BTC\"},\n{\"name\":\"Ethereum\",\"symbol\":\"ETH\"},\n{\"name\":\"Tether USDt\",\"symbol\":\"USDT\"},\n{\"name\":\"BNB\",\"symbol\":\"BNB\"},\n{\"name\":\"XRP\",\"symbol\":\"XRP\"},\n{\"name\":\"USDC\",\"symbol\":\"USDC\"},\n{\"name\":\"Solana\",\"symbol\":\"SOL\"},\n{\"name\":\"TRON\",\"symbol\":\"TRX\"},\n{\"name\":\"Dogecoin\",\"symbol\":\"DOGE\"},\n{\"name\":\"Cardano\",\"symbol\":\"ADA\"},\n{\"name\":\"Bitcoin Cash\",\"symbol\":\"BCH\"},\n{\"name\":\"Chainlink\",\"symbol\":\"LINK\"},\n{\"name\":\"Monero\",\"symbol\":\"XMR\"},\n{\"name\":\"Hyperliquid\",\"symbol\":\"HYPE\"},\n{\"name\":\"UNUS SED LEO\",\"symbol\":\"LEO\"}\n]"}, "error": null, "elapsed_time": 10.651548, "total_tokens": 12636, "total_steps": 4, "created_at": 1766291403, "finished_at": 1766291413}}
2025-12-21 12:30:12 [schedule-pool-1] INFO  c.ruoyi.wms.service.CoinServiceImpl - Dify API返回结果类型: Map
2025-12-21 12:30:12 [schedule-pool-1] INFO  c.ruoyi.wms.service.CoinServiceImpl - Dify API调用成功，返回结果: {task_id=4069396f-c52f-4eda-9357-83ed8546c4d7, workflow_run_id=a9ab3977-1ce7-4643-ad4c-691eb12c7209, data={id=a9ab3977-1ce7-4643-ad4c-691eb12c7209, workflow_id=24391f58-f1ed-48df-9ebc-26519d04fc1d, status=succeeded, outputs={post=[
{"name":"Bitcoin","symbol":"BTC"},
{"name":"Ethereum","symbol":"ETH"},
{"name":"Tether USDt","symbol":"USDT"},
{"name":"BNB","symbol":"BNB"},
{"name":"XRP","symbol":"XRP"},
{"name":"USDC","symbol":"USDC"},
{"name":"Solana","symbol":"SOL"},
{"name":"TRON","symbol":"TRX"},
{"name":"Dogecoin","symbol":"DOGE"},
{"name":"Cardano","symbol":"ADA"},
{"name":"Bitcoin Cash","symbol":"BCH"},
{"name":"Chainlink","symbol":"LINK"},
{"name":"Monero","symbol":"XMR"},
{"name":"Hyperliquid","symbol":"HYPE"},
{"name":"UNUS SED LEO","symbol":"LEO"}
]}, error=null, elapsed_time=10.651548, total_tokens=12636, total_steps=4, created_at=1766291403, finished_at=1766291413}}
2025-12-21 12:30:12 [schedule-pool-1] INFO  c.ruoyi.wms.service.CoinServiceImpl - Dify响应根节点包含3个字段
2025-12-21 12:30:12 [schedule-pool-1] INFO  c.ruoyi.wms.service.CoinServiceImpl - 根节点字段: task_id, 值: 4069396f-c52f-4eda-9357-83ed8546c4d7, 类型: java.lang.String
2025-12-21 12:30:12 [schedule-pool-1] INFO  c.ruoyi.wms.service.CoinServiceImpl - 根节点字段: workflow_run_id, 值: a9ab3977-1ce7-4643-ad4c-691eb12c7209, 类型: java.lang.String
2025-12-21 12:30:12 [schedule-pool-1] INFO  c.ruoyi.wms.service.CoinServiceImpl - 根节点字段: data, 值: {id=a9ab3977-1ce7-4643-ad4c-691eb12c7209, workflow_id=24391f58-f1ed-48df-9ebc-26519d04fc1d, status=succeeded, outputs={post=[
{"name":"Bitcoin","symbol":"BTC"},
{"name":"Ethereum","symbol":"ETH"},
{"name":"Tether USDt","symbol":"USDT"},
{"name":"BNB","symbol":"BNB"},
{"name":"XRP","symbol":"XRP"},
{"name":"USDC","symbol":"USDC"},
{"name":"Solana","symbol":"SOL"},
{"name":"TRON","symbol":"TRX"},
{"name":"Dogecoin","symbol":"DOGE"},
{"name":"Cardano","symbol":"ADA"},
{"name":"Bitcoin Cash","symbol":"BCH"},
{"name":"Chainlink","symbol":"LINK"},
{"name":"Monero","symbol":"XMR"},
{"name":"Hyperliquid","symbol":"HYPE"},
{"name":"UNUS SED LEO","symbol":"LEO"}
]}, error=null, elapsed_time=10.651548, total_tokens=12636, total_steps=4, created_at=1766291403, finished_at=1766291413}, 类型: java.util.LinkedHashMap
2025-12-21 12:30:12 [schedule-pool-1] INFO  c.ruoyi.wms.service.CoinServiceImpl - 响应根节点post字段值: null, 类型: null
2025-12-21 12:30:12 [schedule-pool-1] INFO  c.ruoyi.wms.service.CoinServiceImpl - data字段值: {id=a9ab3977-1ce7-4643-ad4c-691eb12c7209, workflow_id=24391f58-f1ed-48df-9ebc-26519d04fc1d, status=succeeded, outputs={post=[
{"name":"Bitcoin","symbol":"BTC"},
{"name":"Ethereum","symbol":"ETH"},
{"name":"Tether USDt","symbol":"USDT"},
{"name":"BNB","symbol":"BNB"},
{"name":"XRP","symbol":"XRP"},
{"name":"USDC","symbol":"USDC"},
{"name":"Solana","symbol":"SOL"},
{"name":"TRON","symbol":"TRX"},
{"name":"Dogecoin","symbol":"DOGE"},
{"name":"Cardano","symbol":"ADA"},
{"name":"Bitcoin Cash","symbol":"BCH"},
{"name":"Chainlink","symbol":"LINK"},
{"name":"Monero","symbol":"XMR"},
{"name":"Hyperliquid","symbol":"HYPE"},
{"name":"UNUS SED LEO","symbol":"LEO"}
]}, error=null, elapsed_time=10.651548, total_tokens=12636, total_steps=4, created_at=1766291403, finished_at=1766291413}, 类型: java.util.LinkedHashMap
2025-12-21 12:30:12 [schedule-pool-1] INFO  c.ruoyi.wms.service.CoinServiceImpl - outputs字段值: {post=[
{"name":"Bitcoin","symbol":"BTC"},
{"name":"Ethereum","symbol":"ETH"},
{"name":"Tether USDt","symbol":"USDT"},
{"name":"BNB","symbol":"BNB"},
{"name":"XRP","symbol":"XRP"},
{"name":"USDC","symbol":"USDC"},
{"name":"Solana","symbol":"SOL"},
{"name":"TRON","symbol":"TRX"},
{"name":"Dogecoin","symbol":"DOGE"},
{"name":"Cardano","symbol":"ADA"},
{"name":"Bitcoin Cash","symbol":"BCH"},
{"name":"Chainlink","symbol":"LINK"},
{"name":"Monero","symbol":"XMR"},
{"name":"Hyperliquid","symbol":"HYPE"},
{"name":"UNUS SED LEO","symbol":"LEO"}
]}, 类型: java.util.LinkedHashMap
2025-12-21 12:30:12 [schedule-pool-1] INFO  c.ruoyi.wms.service.CoinServiceImpl - 从data.outputs中获取的post字符串: [
{"name":"Bitcoin","symbol":"BTC"},
{"name":"Ethereum","symbol":"ETH"},
{"name":"Tether USDt","symbol":"USDT"},
{"name":"BNB","symbol":"BNB"},
{"name":"XRP","symbol":"XRP"},
{"name":"USDC","symbol":"USDC"},
{"name":"Solana","symbol":"SOL"},
{"name":"TRON","symbol":"TRX"},
{"name":"Dogecoin","symbol":"DOGE"},
{"name":"Cardano","symbol":"ADA"},
{"name":"Bitcoin Cash","symbol":"BCH"},
{"name":"Chainlink","symbol":"LINK"},
{"name":"Monero","symbol":"XMR"},
{"name":"Hyperliquid","symbol":"HYPE"},
{"name":"UNUS SED LEO","symbol":"LEO"}
]
2025-12-21 12:30:12 [schedule-pool-1] INFO  c.ruoyi.wms.service.CoinServiceImpl - 成功解析data.outputs.post中的JSON字符串，共15条数据
2025-12-21 12:30:12 [schedule-pool-1] INFO  c.ruoyi.wms.service.CoinServiceImpl - 从Dify API获取到15条有效数据
2025-12-21 12:30:12 [schedule-pool-1] INFO  c.ruoyi.wms.service.CoinServiceImpl - 处理单个Dify数据项: {name=Bitcoin, symbol=BTC}
2025-12-21 12:30:12 [schedule-pool-1] INFO  c.ruoyi.wms.service.CoinServiceImpl - 从item中获取的name: Bitcoin, symbol: BTC
2025-12-21 12:30:12 [schedule-pool-1] INFO  c.ruoyi.wms.service.CoinServiceImpl - 处理单个Dify数据项: {name=Ethereum, symbol=ETH}
2025-12-21 12:30:12 [schedule-pool-1] INFO  c.ruoyi.wms.service.CoinServiceImpl - 从item中获取的name: Ethereum, symbol: ETH
2025-12-21 12:30:12 [schedule-pool-1] INFO  c.ruoyi.wms.service.CoinServiceImpl - 处理单个Dify数据项: {name=Tether USDt, symbol=USDT}
2025-12-21 12:30:12 [schedule-pool-1] INFO  c.ruoyi.wms.service.CoinServiceImpl - 从item中获取的name: Tether USDt, symbol: USDT
2025-12-21 12:30:12 [schedule-pool-1] INFO  c.ruoyi.wms.service.CoinServiceImpl - 处理单个Dify数据项: {name=BNB, symbol=BNB}
2025-12-21 12:30:12 [schedule-pool-1] INFO  c.ruoyi.wms.service.CoinServiceImpl - 从item中获取的name: BNB, symbol: BNB
2025-12-21 12:30:12 [schedule-pool-1] INFO  c.ruoyi.wms.service.CoinServiceImpl - 处理单个Dify数据项: {name=XRP, symbol=XRP}
2025-12-21 12:30:12 [schedule-pool-1] INFO  c.ruoyi.wms.service.CoinServiceImpl - 从item中获取的name: XRP, symbol: XRP
2025-12-21 12:30:12 [schedule-pool-1] INFO  c.ruoyi.wms.service.CoinServiceImpl - 处理单个Dify数据项: {name=USDC, symbol=USDC}
2025-12-21 12:30:12 [schedule-pool-1] INFO  c.ruoyi.wms.service.CoinServiceImpl - 从item中获取的name: USDC, symbol: USDC
2025-12-21 12:30:12 [schedule-pool-1] INFO  c.ruoyi.wms.service.CoinServiceImpl - 处理单个Dify数据项: {name=Solana, symbol=SOL}
2025-12-21 12:30:12 [schedule-pool-1] INFO  c.ruoyi.wms.service.CoinServiceImpl - 从item中获取的name: Solana, symbol: SOL
2025-12-21 12:30:12 [schedule-pool-1] INFO  c.ruoyi.wms.service.CoinServiceImpl - 处理单个Dify数据项: {name=TRON, symbol=TRX}
2025-12-21 12:30:12 [schedule-pool-1] INFO  c.ruoyi.wms.service.CoinServiceImpl - 从item中获取的name: TRON, symbol: TRX
2025-12-21 12:30:12 [schedule-pool-1] INFO  c.ruoyi.wms.service.CoinServiceImpl - 处理单个Dify数据项: {name=Dogecoin, symbol=DOGE}
2025-12-21 12:30:12 [schedule-pool-1] INFO  c.ruoyi.wms.service.CoinServiceImpl - 从item中获取的name: Dogecoin, symbol: DOGE
2025-12-21 12:30:12 [schedule-pool-1] INFO  c.ruoyi.wms.service.CoinServiceImpl - 处理单个Dify数据项: {name=Cardano, symbol=ADA}
2025-12-21 12:30:12 [schedule-pool-1] INFO  c.ruoyi.wms.service.CoinServiceImpl - 从item中获取的name: Cardano, symbol: ADA
2025-12-21 12:30:12 [schedule-pool-1] INFO  c.ruoyi.wms.service.CoinServiceImpl - 处理单个Dify数据项: {name=Bitcoin Cash, symbol=BCH}
2025-12-21 12:30:12 [schedule-pool-1] INFO  c.ruoyi.wms.service.CoinServiceImpl - 从item中获取的name: Bitcoin Cash, symbol: BCH
2025-12-21 12:30:12 [schedule-pool-1] INFO  c.ruoyi.wms.service.CoinServiceImpl - 处理单个Dify数据项: {name=Chainlink, symbol=LINK}
2025-12-21 12:30:12 [schedule-pool-1] INFO  c.ruoyi.wms.service.CoinServiceImpl - 从item中获取的name: Chainlink, symbol: LINK
2025-12-21 12:30:12 [schedule-pool-1] INFO  c.ruoyi.wms.service.CoinServiceImpl - 处理单个Dify数据项: {name=Monero, symbol=XMR}
2025-12-21 12:30:12 [schedule-pool-1] INFO  c.ruoyi.wms.service.CoinServiceImpl - 从item中获取的name: Monero, symbol: XMR
2025-12-21 12:30:12 [schedule-pool-1] INFO  c.ruoyi.wms.service.CoinServiceImpl - 处理单个Dify数据项: {name=Hyperliquid, symbol=HYPE}
2025-12-21 12:30:12 [schedule-pool-1] INFO  c.ruoyi.wms.service.CoinServiceImpl - 从item中获取的name: Hyperliquid, symbol: HYPE
2025-12-21 12:30:12 [schedule-pool-1] INFO  c.ruoyi.wms.service.CoinServiceImpl - 处理单个Dify数据项: {name=UNUS SED LEO, symbol=LEO}
2025-12-21 12:30:12 [schedule-pool-1] INFO  c.ruoyi.wms.service.CoinServiceImpl - 从item中获取的name: UNUS SED LEO, symbol: LEO
2025-12-21 12:30:12 [schedule-pool-1] INFO  c.ruoyi.wms.service.CoinServiceImpl - 成功转换15条Dify数据为Coin实体
2025-12-21 12:30:12 [schedule-pool-1] INFO  c.ruoyi.wms.service.CoinServiceImpl - Dify API调用流程结束
2025-12-21 12:30:12 [schedule-pool-1] INFO  p6spy - 2025-12-21 12:30:12|0|batch|connection 3|url jdbc:mysql://127.0.0.1:3306/studyr3q1?useUnicode=true&characterEncoding=utf8&zeroDateTimeBehavior=convertToNull&useSSL=true&serverTimezone=GMT%2B8&autoReconnect=true&rewriteBatchedStatements=true|INSERT INTO coin  ( id, coin_name, coin_code, price, sync_status, sync_time, sync_source, is_deleted, create_by, create_time, update_by, update_time )  VALUES (  ?, ?, ?, ?, ?, ?, ?, ?, ?, ?, ?, ?  )|INSERT INTO coin  ( id, coin_name, coin_code, price, sync_status, sync_time, sync_source, is_deleted, create_by, create_time, update_by, update_time )  VALUES (  1766291412251, 'Bitcoin', 'BTC', 286.15707739712224, 1, '2025-12-21T12:30:12.251522400', 'Dify API', 0, 'system', '2025-12-21T12:30:12.251522400', 'system', '2025-12-21T12:30:12.251522400'  )
2025-12-21 12:30:12 [schedule-pool-1] INFO  p6spy - 2025-12-21 12:30:12|0|batch|connection 3|url jdbc:mysql://127.0.0.1:3306/studyr3q1?useUnicode=true&characterEncoding=utf8&zeroDateTimeBehavior=convertToNull&useSSL=true&serverTimezone=GMT%2B8&autoReconnect=true&rewriteBatchedStatements=true|INSERT INTO coin  ( id, coin_name, coin_code, price, sync_status, sync_time, sync_source, is_deleted, create_by, create_time, update_by, update_time )  VALUES (  ?, ?, ?, ?, ?, ?, ?, ?, ?, ?, ?, ?  )|INSERT INTO coin  ( id, coin_name, coin_code, price, sync_status, sync_time, sync_source, is_deleted, create_by, create_time, update_by, update_time )  VALUES (  1766291412252, 'Ethereum', 'ETH', 1954.2084053159913, 1, '2025-12-21T12:30:12.252045100', 'Dify API', 0, 'system', '2025-12-21T12:30:12.252045100', 'system', '2025-12-21T12:30:12.252045100'  )
2025-12-21 12:30:12 [schedule-pool-1] INFO  p6spy - 2025-12-21 12:30:12|0|batch|connection 3|url jdbc:mysql://127.0.0.1:3306/studyr3q1?useUnicode=true&characterEncoding=utf8&zeroDateTimeBehavior=convertToNull&useSSL=true&serverTimezone=GMT%2B8&autoReconnect=true&rewriteBatchedStatements=true|INSERT INTO coin  ( id, coin_name, coin_code, price, sync_status, sync_time, sync_source, is_deleted, create_by, create_time, update_by, update_time )  VALUES (  ?, ?, ?, ?, ?, ?, ?, ?, ?, ?, ?, ?  )|INSERT INTO coin  ( id, coin_name, coin_code, price, sync_status, sync_time, sync_source, is_deleted, create_by, create_time, update_by, update_time )  VALUES (  1766291412253, 'Tether USDt', 'USDT', 7623.123743789344, 1, '2025-12-21T12:30:12.253730900', 'Dify API', 0, 'system', '2025-12-21T12:30:12.253730900', 'system', '2025-12-21T12:30:12.253730900'  )
2025-12-21 12:30:12 [schedule-pool-1] INFO  p6spy - 2025-12-21 12:30:12|0|batch|connection 3|url jdbc:mysql://127.0.0.1:3306/studyr3q1?useUnicode=true&characterEncoding=utf8&zeroDateTimeBehavior=convertToNull&useSSL=true&serverTimezone=GMT%2B8&autoReconnect=true&rewriteBatchedStatements=true|INSERT INTO coin  ( id, coin_name, coin_code, price, sync_status, sync_time, sync_source, is_deleted, create_by, create_time, update_by, update_time )  VALUES (  ?, ?, ?, ?, ?, ?, ?, ?, ?, ?, ?, ?  )|INSERT INTO coin  ( id, coin_name, coin_code, price, sync_status, sync_time, sync_source, is_deleted, create_by, create_time, update_by, update_time )  VALUES (  1766291412253, 'BNB', 'BNB', 8116.401017370669, 1, '2025-12-21T12:30:12.253730900', 'Dify API', 0, 'system', '2025-12-21T12:30:12.253730900', 'system', '2025-12-21T12:30:12.253730900'  )
2025-12-21 12:30:12 [schedule-pool-1] INFO  p6spy - 2025-12-21 12:30:12|0|batch|connection 3|url jdbc:mysql://127.0.0.1:3306/studyr3q1?useUnicode=true&characterEncoding=utf8&zeroDateTimeBehavior=convertToNull&useSSL=true&serverTimezone=GMT%2B8&autoReconnect=true&rewriteBatchedStatements=true|INSERT INTO coin  ( id, coin_name, coin_code, price, sync_status, sync_time, sync_source, is_deleted, create_by, create_time, update_by, update_time )  VALUES (  ?, ?, ?, ?, ?, ?, ?, ?, ?, ?, ?, ?  )|INSERT INTO coin  ( id, coin_name, coin_code, price, sync_status, sync_time, sync_source, is_deleted, create_by, create_time, update_by, update_time )  VALUES (  1766291412253, 'XRP', 'XRP', 8821.423279695295, 1, '2025-12-21T12:30:12.254740600', 'Dify API', 0, 'system', '2025-12-21T12:30:12.254740600', 'system', '2025-12-21T12:30:12.254740600'  )
2025-12-21 12:30:12 [schedule-pool-1] INFO  p6spy - 2025-12-21 12:30:12|0|batch|connection 3|url jdbc:mysql://127.0.0.1:3306/studyr3q1?useUnicode=true&characterEncoding=utf8&zeroDateTimeBehavior=convertToNull&useSSL=true&serverTimezone=GMT%2B8&autoReconnect=true&rewriteBatchedStatements=true|INSERT INTO coin  ( id, coin_name, coin_code, price, sync_status, sync_time, sync_source, is_deleted, create_by, create_time, update_by, update_time )  VALUES (  ?, ?, ?, ?, ?, ?, ?, ?, ?, ?, ?, ?  )|INSERT INTO coin  ( id, coin_name, coin_code, price, sync_status, sync_time, sync_source, is_deleted, create_by, create_time, update_by, update_time )  VALUES (  1766291412254, 'USDC', 'USDC', 6421.430511512326, 1, '2025-12-21T12:30:12.254740600', 'Dify API', 0, 'system', '2025-12-21T12:30:12.254740600', 'system', '2025-12-21T12:30:12.254740600'  )
2025-12-21 12:30:12 [schedule-pool-1] INFO  p6spy - 2025-12-21 12:30:12|0|batch|connection 3|url jdbc:mysql://127.0.0.1:3306/studyr3q1?useUnicode=true&characterEncoding=utf8&zeroDateTimeBehavior=convertToNull&useSSL=true&serverTimezone=GMT%2B8&autoReconnect=true&rewriteBatchedStatements=true|INSERT INTO coin  ( id, coin_name, coin_code, price, sync_status, sync_time, sync_source, is_deleted, create_by, create_time, update_by, update_time )  VALUES (  ?, ?, ?, ?, ?, ?, ?, ?, ?, ?, ?, ?  )|INSERT INTO coin  ( id, coin_name, coin_code, price, sync_status, sync_time, sync_source, is_deleted, create_by, create_time, update_by, update_time )  VALUES (  1766291412254, 'Solana', 'SOL', 7379.974652098401, 1, '2025-12-21T12:30:12.254740600', 'Dify API', 0, 'system', '2025-12-21T12:30:12.254740600', 'system', '2025-12-21T12:30:12.254740600'  )
2025-12-21 12:30:12 [schedule-pool-1] INFO  p6spy - 2025-12-21 12:30:12|0|batch|connection 3|url jdbc:mysql://127.0.0.1:3306/studyr3q1?useUnicode=true&characterEncoding=utf8&zeroDateTimeBehavior=convertToNull&useSSL=true&serverTimezone=GMT%2B8&autoReconnect=true&rewriteBatchedStatements=true|INSERT INTO coin  ( id, coin_name, coin_code, price, sync_status, sync_time, sync_source, is_deleted, create_by, create_time, update_by, update_time )  VALUES (  ?, ?, ?, ?, ?, ?, ?, ?, ?, ?, ?, ?  )|INSERT INTO coin  ( id, coin_name, coin_code, price, sync_status, sync_time, sync_source, is_deleted, create_by, create_time, update_by, update_time )  VALUES (  1766291412256, 'TRON', 'TRX', 6608.453148089829, 1, '2025-12-21T12:30:12.256027300', 'Dify API', 0, 'system', '2025-12-21T12:30:12.256027300', 'system', '2025-12-21T12:30:12.256027300'  )
2025-12-21 12:30:12 [schedule-pool-1] INFO  p6spy - 2025-12-21 12:30:12|0|batch|connection 3|url jdbc:mysql://127.0.0.1:3306/studyr3q1?useUnicode=true&characterEncoding=utf8&zeroDateTimeBehavior=convertToNull&useSSL=true&serverTimezone=GMT%2B8&autoReconnect=true&rewriteBatchedStatements=true|INSERT INTO coin  ( id, coin_name, coin_code, price, sync_status, sync_time, sync_source, is_deleted, create_by, create_time, update_by, update_time )  VALUES (  ?, ?, ?, ?, ?, ?, ?, ?, ?, ?, ?, ?  )|INSERT INTO coin  ( id, coin_name, coin_code, price, sync_status, sync_time, sync_source, is_deleted, create_by, create_time, update_by, update_time )  VALUES (  1766291412256, 'Dogecoin', 'DOGE', 2571.7924327070805, 1, '2025-12-21T12:30:12.256027300', 'Dify API', 0, 'system', '2025-12-21T12:30:12.256027300', 'system', '2025-12-21T12:30:12.256027300'  )
2025-12-21 12:30:12 [schedule-pool-1] INFO  p6spy - 2025-12-21 12:30:12|0|batch|connection 3|url jdbc:mysql://127.0.0.1:3306/studyr3q1?useUnicode=true&characterEncoding=utf8&zeroDateTimeBehavior=convertToNull&useSSL=true&serverTimezone=GMT%2B8&autoReconnect=true&rewriteBatchedStatements=true|INSERT INTO coin  ( id, coin_name, coin_code, price, sync_status, sync_time, sync_source, is_deleted, create_by, create_time, update_by, update_time )  VALUES (  ?, ?, ?, ?, ?, ?, ?, ?, ?, ?, ?, ?  )|INSERT INTO coin  ( id, coin_name, coin_code, price, sync_status, sync_time, sync_source, is_deleted, create_by, create_time, update_by, update_time )  VALUES (  1766291412256, 'Cardano', 'ADA', 3240.4535787165646, 1, '2025-12-21T12:30:12.256027300', 'Dify API', 0, 'system', '2025-12-21T12:30:12.256027300', 'system', '2025-12-21T12:30:12.256027300'  )
2025-12-21 12:30:12 [schedule-pool-1] INFO  p6spy - 2025-12-21 12:30:12|0|batch|connection 3|url jdbc:mysql://127.0.0.1:3306/studyr3q1?useUnicode=true&characterEncoding=utf8&zeroDateTimeBehavior=convertToNull&useSSL=true&serverTimezone=GMT%2B8&autoReconnect=true&rewriteBatchedStatements=true|INSERT INTO coin  ( id, coin_name, coin_code, price, sync_status, sync_time, sync_source, is_deleted, create_by, create_time, update_by, update_time )  VALUES (  ?, ?, ?, ?, ?, ?, ?, ?, ?, ?, ?, ?  )|INSERT INTO coin  ( id, coin_name, coin_code, price, sync_status, sync_time, sync_source, is_deleted, create_by, create_time, update_by, update_time )  VALUES (  1766291412256, 'Bitcoin Cash', 'BCH', 8755.897407897588, 1, '2025-12-21T12:30:12.257038500', 'Dify API', 0, 'system', '2025-12-21T12:30:12.257038500', 'system', '2025-12-21T12:30:12.257038500'  )
2025-12-21 12:30:12 [schedule-pool-1] INFO  p6spy - 2025-12-21 12:30:12|0|batch|connection 3|url jdbc:mysql://127.0.0.1:3306/studyr3q1?useUnicode=true&characterEncoding=utf8&zeroDateTimeBehavior=convertToNull&useSSL=true&serverTimezone=GMT%2B8&autoReconnect=true&rewriteBatchedStatements=true|INSERT INTO coin  ( id, coin_name, coin_code, price, sync_status, sync_time, sync_source, is_deleted, create_by, create_time, update_by, update_time )  VALUES (  ?, ?, ?, ?, ?, ?, ?, ?, ?, ?, ?, ?  )|INSERT INTO coin  ( id, coin_name, coin_code, price, sync_status, sync_time, sync_source, is_deleted, create_by, create_time, update_by, update_time )  VALUES (  1766291412257, 'Chainlink', 'LINK', 5754.531618064348, 1, '2025-12-21T12:30:12.257444600', 'Dify API', 0, 'system', '2025-12-21T12:30:12.257444600', 'system', '2025-12-21T12:30:12.257444600'  )
2025-12-21 12:30:12 [schedule-pool-1] INFO  p6spy - 2025-12-21 12:30:12|0|batch|connection 3|url jdbc:mysql://127.0.0.1:3306/studyr3q1?useUnicode=true&characterEncoding=utf8&zeroDateTimeBehavior=convertToNull&useSSL=true&serverTimezone=GMT%2B8&autoReconnect=true&rewriteBatchedStatements=true|INSERT INTO coin  ( id, coin_name, coin_code, price, sync_status, sync_time, sync_source, is_deleted, create_by, create_time, update_by, update_time )  VALUES (  ?, ?, ?, ?, ?, ?, ?, ?, ?, ?, ?, ?  )|INSERT INTO coin  ( id, coin_name, coin_code, price, sync_status, sync_time, sync_source, is_deleted, create_by, create_time, update_by, update_time )  VALUES (  1766291412257, 'Monero', 'XMR', 9293.807610131933, 1, '2025-12-21T12:30:12.257953400', 'Dify API', 0, 'system', '2025-12-21T12:30:12.257953400', 'system', '2025-12-21T12:30:12.257953400'  )
2025-12-21 12:30:12 [schedule-pool-1] INFO  p6spy - 2025-12-21 12:30:12|0|batch|connection 3|url jdbc:mysql://127.0.0.1:3306/studyr3q1?useUnicode=true&characterEncoding=utf8&zeroDateTimeBehavior=convertToNull&useSSL=true&serverTimezone=GMT%2B8&autoReconnect=true&rewriteBatchedStatements=true|INSERT INTO coin  ( id, coin_name, coin_code, price, sync_status, sync_time, sync_source, is_deleted, create_by, create_time, update_by, update_time )  VALUES (  ?, ?, ?, ?, ?, ?, ?, ?, ?, ?, ?, ?  )|INSERT INTO coin  ( id, coin_name, coin_code, price, sync_status, sync_time, sync_source, is_deleted, create_by, create_time, update_by, update_time )  VALUES (  1766291412258, 'Hyperliquid', 'HYPE', 5656.858060762658, 1, '2025-12-21T12:30:12.258667900', 'Dify API', 0, 'system', '2025-12-21T12:30:12.259176700', 'system', '2025-12-21T12:30:12.259176700'  )
2025-12-21 12:30:12 [schedule-pool-1] INFO  p6spy - 2025-12-21 12:30:12|0|batch|connection 3|url jdbc:mysql://127.0.0.1:3306/studyr3q1?useUnicode=true&characterEncoding=utf8&zeroDateTimeBehavior=convertToNull&useSSL=true&serverTimezone=GMT%2B8&autoReconnect=true&rewriteBatchedStatements=true|INSERT INTO coin  ( id, coin_name, coin_code, price, sync_status, sync_time, sync_source, is_deleted, create_by, create_time, update_by, update_time )  VALUES (  ?, ?, ?, ?, ?, ?, ?, ?, ?, ?, ?, ?  )|INSERT INTO coin  ( id, coin_name, coin_code, price, sync_status, sync_time, sync_source, is_deleted, create_by, create_time, update_by, update_time )  VALUES (  1766291412259, 'UNUS SED LEO', 'LEO', 4447.596332622089, 1, '2025-12-21T12:30:12.259176700', 'Dify API', 0, 'system', '2025-12-21T12:30:12.259176700', 'system', '2025-12-21T12:30:12.259176700'  )
2025-12-21 12:30:12 [schedule-pool-1] INFO  c.ruoyi.wms.service.CoinServiceImpl - 批量保存硬币数据成功，共保存15条数据
2025-12-21 12:30:12 [schedule-pool-1] INFO  c.ruoyi.wms.service.CoinServiceImpl - 同步硬币数据成功，共同步15条数据
2025-12-21 12:30:12 [schedule-pool-1] INFO  com.ruoyi.wms.task.CoinSyncTask - 定时同步硬币数据任务执行完成，共同步15条数据
2025-12-21 13:22:40 [background-preinit] INFO  o.h.validator.internal.util.Version - HV000001: Hibernate Validator 8.0.1.Final
2025-12-21 13:22:40 [main] INFO  com.ruoyi.RuoYiApplication - Starting RuoYiApplication using Java 17.0.12 with PID 30388 (D:\后端代码-dxm-大二上\dxm-houduan\ruoyi-admin-wms\target\classes started by 86191 in D:\后端代码-dxm-大二上\dxm-houduan)
2025-12-21 13:22:40 [main] INFO  com.ruoyi.RuoYiApplication - The following 1 profile is active: "dev"
2025-12-21 13:22:47 [main] INFO  io.undertow.servlet - Initializing Spring embedded WebApplicationContext
2025-12-21 13:22:48 [main] INFO  c.b.d.d.DynamicRoutingDataSource - dynamic-datasource detect P6SPY plugin and enabled it
2025-12-21 13:22:48 [main] INFO  com.zaxxer.hikari.HikariDataSource - master - Starting...
2025-12-21 13:22:49 [main] INFO  com.zaxxer.hikari.pool.HikariPool - master - Added connection com.mysql.cj.jdbc.ConnectionImpl@16602333
2025-12-21 13:22:49 [main] INFO  com.zaxxer.hikari.HikariDataSource - master - Start completed.
2025-12-21 13:22:49 [main] INFO  c.b.d.d.DynamicRoutingDataSource - dynamic-datasource - add a datasource named [master] success
2025-12-21 13:22:49 [main] INFO  c.b.d.d.DynamicRoutingDataSource - dynamic-datasource initial loaded [1] datasource,primary datasource named [master]
2025-12-21 13:22:54 [main] INFO  c.r.common.redis.config.RedisConfig - 初始化 redis 配置
2025-12-21 13:22:54 [main] INFO  org.redisson.Version - Redisson 3.29.0
2025-12-21 13:22:55 [redisson-netty-1-4] INFO  o.r.connection.ConnectionsHolder - 1 connections initialized for 127.0.0.1/127.0.0.1:6379
2025-12-21 13:22:55 [redisson-netty-1-3] INFO  o.r.connection.ConnectionsHolder - 8 connections initialized for 127.0.0.1/127.0.0.1:6379
2025-12-21 13:22:57 [main] INFO  c.r.common.json.config.JacksonConfig - 初始化 jackson 配置
2025-12-21 13:23:01 [main] INFO  io.undertow - starting server: Undertow - 2.3.13.Final
2025-12-21 13:23:01 [main] INFO  org.xnio - XNIO version 3.8.8.Final
2025-12-21 13:23:01 [main] INFO  org.xnio.nio - XNIO NIO Implementation Version 3.8.8.Final
2025-12-21 13:23:01 [main] INFO  org.jboss.threads - JBoss Threads version 3.5.0.Final
2025-12-21 13:23:01 [main] INFO  com.ruoyi.RuoYiApplication - Started RuoYiApplication in 22.147 seconds (process running for 23.358)
2025-12-21 13:23:02 [main] INFO  p6spy - 2025-12-21 13:23:02|32|statement|connection 0|url jdbc:mysql://127.0.0.1:3306/studyr3q1?useUnicode=true&characterEncoding=utf8&zeroDateTimeBehavior=convertToNull&useSSL=true&serverTimezone=GMT%2B8&autoReconnect=true&rewriteBatchedStatements=true|SELECT  oss_config_id,config_key,access_key,secret_key,bucket_name,prefix,endpoint,domain,is_https,region,status,ext1,remark,access_policy,create_by,create_time,update_by,update_time  FROM sys_oss_config|SELECT  oss_config_id,config_key,access_key,secret_key,bucket_name,prefix,endpoint,domain,is_https,region,status,ext1,remark,access_policy,create_by,create_time,update_by,update_time  FROM sys_oss_config
2025-12-21 13:23:02 [main] INFO  c.r.s.runner.SystemApplicationRunner - 初始化OSS配置成功
2025-12-21 13:23:02 [main] INFO  p6spy - 2025-12-21 13:23:02|2|statement|connection 1|url jdbc:mysql://127.0.0.1:3306/studyr3q1?useUnicode=true&characterEncoding=utf8&zeroDateTimeBehavior=convertToNull&useSSL=true&serverTimezone=GMT%2B8&autoReconnect=true&rewriteBatchedStatements=true|SELECT  config_id,config_name,config_key,config_value,config_type,remark,create_by,create_time,update_by,update_time  FROM sys_config           ORDER BY config_id ASC|SELECT  config_id,config_name,config_key,config_value,config_type,remark,create_by,create_time,update_by,update_time  FROM sys_config           ORDER BY config_id ASC
2025-12-21 13:23:02 [main] INFO  c.r.s.runner.SystemApplicationRunner - 加载参数缓存数据成功
2025-12-21 13:23:02 [main] INFO  p6spy - 2025-12-21 13:23:02|3|statement|connection 2|url jdbc:mysql://127.0.0.1:3306/studyr3q1?useUnicode=true&characterEncoding=utf8&zeroDateTimeBehavior=convertToNull&useSSL=true&serverTimezone=GMT%2B8&autoReconnect=true&rewriteBatchedStatements=true|SELECT  dict_code,dict_sort,dict_label,dict_value,dict_type,css_class,list_class,is_default,status,remark,create_by,create_time,update_by,update_time  FROM sys_dict_data      WHERE  (status = ?)|SELECT  dict_code,dict_sort,dict_label,dict_value,dict_type,css_class,list_class,is_default,status,remark,create_by,create_time,update_by,update_time  FROM sys_dict_data      WHERE  (status = '1')
2025-12-21 13:23:02 [main] INFO  c.r.s.runner.SystemApplicationRunner - 加载字典缓存数据成功
