2025-12-01 20:56:51 [background-preinit] INFO  o.h.validator.internal.util.Version - HV000001: Hibernate Validator 8.0.1.Final
2025-12-01 20:56:51 [main] INFO  com.ruoyi.RuoYiApplication - Starting RuoYiApplication using Java 17.0.12 with PID 56680 (C:\Users\86191\Desktop\dxm-houduan\ruoyi-admin-wms\target\classes started by 86191 in C:\Users\86191\Desktop\dxm-houduan)
2025-12-01 20:56:51 [main] INFO  com.ruoyi.RuoYiApplication - The following 1 profile is active: "dev"
2025-12-01 20:56:57 [background-preinit] INFO  o.h.validator.internal.util.Version - HV000001: Hibernate Validator 8.0.1.Final
2025-12-01 20:56:57 [main] INFO  com.ruoyi.RuoYiApplication - Starting RuoYiApplication using Java 17.0.12 with PID 58812 (C:\Users\86191\Desktop\dxm-houduan\ruoyi-admin-wms\target\classes started by 86191 in C:\Users\86191\Desktop\dxm-houduan)
2025-12-01 20:56:57 [main] INFO  com.ruoyi.RuoYiApplication - The following 1 profile is active: "dev"
2025-12-01 20:57:01 [main] WARN  o.m.s.mapper.ClassPathMapperScanner - No MyBatis mapper was found in '[com.ruoyi]' package. Please check your configuration.
2025-12-01 20:57:05 [background-preinit] INFO  o.h.validator.internal.util.Version - HV000001: Hibernate Validator 8.0.1.Final
2025-12-01 20:57:05 [main] INFO  com.ruoyi.RuoYiApplication - Starting RuoYiApplication using Java 17.0.12 with PID 59148 (C:\Users\86191\Desktop\dxm-houduan\ruoyi-admin-wms\target\classes started by 86191 in C:\Users\86191\Desktop\dxm-houduan)
2025-12-01 20:57:05 [main] INFO  com.ruoyi.RuoYiApplication - The following 1 profile is active: "dev"
2025-12-01 20:57:06 [main] WARN  o.s.c.s.PostProcessorRegistrationDelegate$BeanPostProcessorChecker - Bean 'com.baomidou.dynamic.datasource.spring.boot.autoconfigure.DynamicDataSourceAopConfiguration' of type [com.baomidou.dynamic.datasource.spring.boot.autoconfigure.DynamicDataSourceAopConfiguration] is not eligible for getting processed by all BeanPostProcessors (for example: not eligible for auto-proxying). Is this bean getting eagerly injected into a currently created BeanPostProcessor [healthEndpointGroupsBeanPostProcessor]? Check the corresponding BeanPostProcessor declaration and its dependencies.
2025-12-01 20:57:08 [main] WARN  o.m.s.mapper.ClassPathMapperScanner - No MyBatis mapper was found in '[com.ruoyi]' package. Please check your configuration.
2025-12-01 20:57:08 [main] INFO  io.undertow.servlet - Initializing Spring embedded WebApplicationContext
2025-12-01 20:57:10 [main] INFO  c.b.d.d.DynamicRoutingDataSource - dynamic-datasource detect P6SPY plugin and enabled it
2025-12-01 20:57:11 [main] INFO  com.zaxxer.hikari.HikariDataSource - master - Starting...
2025-12-01 20:57:12 [main] INFO  com.zaxxer.hikari.pool.HikariPool - master - Added connection com.mysql.cj.jdbc.ConnectionImpl@1d686622
2025-12-01 20:57:12 [main] INFO  com.zaxxer.hikari.HikariDataSource - master - Start completed.
2025-12-01 20:57:12 [main] INFO  c.b.d.d.DynamicRoutingDataSource - dynamic-datasource - add a datasource named [master] success
2025-12-01 20:57:12 [main] INFO  c.b.d.d.DynamicRoutingDataSource - dynamic-datasource initial loaded [1] datasource,primary datasource named [master]
2025-12-01 20:57:13 [main] WARN  o.s.c.s.PostProcessorRegistrationDelegate$BeanPostProcessorChecker - Bean 'com.baomidou.dynamic.datasource.spring.boot.autoconfigure.DynamicDataSourceAopConfiguration' of type [com.baomidou.dynamic.datasource.spring.boot.autoconfigure.DynamicDataSourceAopConfiguration] is not eligible for getting processed by all BeanPostProcessors (for example: not eligible for auto-proxying). Is this bean getting eagerly injected into a currently created BeanPostProcessor [healthEndpointGroupsBeanPostProcessor]? Check the corresponding BeanPostProcessor declaration and its dependencies.
2025-12-01 20:57:16 [main] INFO  io.undertow.servlet - Initializing Spring embedded WebApplicationContext
2025-12-01 20:57:18 [main] INFO  c.b.d.d.DynamicRoutingDataSource - dynamic-datasource detect P6SPY plugin and enabled it
2025-12-01 20:57:18 [main] INFO  com.zaxxer.hikari.HikariDataSource - master - Starting...
2025-12-01 20:57:19 [main] WARN  o.m.s.mapper.ClassPathMapperScanner - No MyBatis mapper was found in '[com.ruoyi]' package. Please check your configuration.
2025-12-01 20:57:19 [main] INFO  com.zaxxer.hikari.pool.HikariPool - master - Added connection com.mysql.cj.jdbc.ConnectionImpl@1c65ec63
2025-12-01 20:57:19 [main] INFO  com.zaxxer.hikari.HikariDataSource - master - Start completed.
2025-12-01 20:57:19 [main] INFO  c.b.d.d.DynamicRoutingDataSource - dynamic-datasource - add a datasource named [master] success
2025-12-01 20:57:19 [main] INFO  c.b.d.d.DynamicRoutingDataSource - dynamic-datasource initial loaded [1] datasource,primary datasource named [master]
2025-12-01 20:57:24 [main] WARN  o.s.c.s.PostProcessorRegistrationDelegate$BeanPostProcessorChecker - Bean 'com.baomidou.dynamic.datasource.spring.boot.autoconfigure.DynamicDataSourceAopConfiguration' of type [com.baomidou.dynamic.datasource.spring.boot.autoconfigure.DynamicDataSourceAopConfiguration] is not eligible for getting processed by all BeanPostProcessors (for example: not eligible for auto-proxying). Is this bean getting eagerly injected into a currently created BeanPostProcessor [healthEndpointGroupsBeanPostProcessor]? Check the corresponding BeanPostProcessor declaration and its dependencies.
2025-12-01 20:57:26 [main] INFO  c.r.common.redis.config.RedisConfig - 初始化 redis 配置
2025-12-01 20:57:26 [main] INFO  org.redisson.Version - Redisson 3.29.0
2025-12-01 20:57:27 [redisson-netty-1-4] INFO  o.r.connection.ConnectionsHolder - 1 connections initialized for 127.0.0.1/127.0.0.1:6379
2025-12-01 20:57:27 [redisson-netty-1-3] INFO  o.r.connection.ConnectionsHolder - 8 connections initialized for 127.0.0.1/127.0.0.1:6379
2025-12-01 20:57:27 [main] INFO  io.undertow.servlet - Initializing Spring embedded WebApplicationContext
2025-12-01 20:57:30 [main] INFO  c.b.d.d.DynamicRoutingDataSource - dynamic-datasource detect P6SPY plugin and enabled it
2025-12-01 20:57:30 [main] INFO  com.zaxxer.hikari.HikariDataSource - master - Starting...
2025-12-01 20:57:32 [main] INFO  com.zaxxer.hikari.pool.HikariPool - master - Added connection com.mysql.cj.jdbc.ConnectionImpl@205b73d8
2025-12-01 20:57:32 [main] INFO  com.zaxxer.hikari.HikariDataSource - master - Start completed.
2025-12-01 20:57:32 [main] INFO  c.b.d.d.DynamicRoutingDataSource - dynamic-datasource - add a datasource named [master] success
2025-12-01 20:57:32 [main] INFO  c.b.d.d.DynamicRoutingDataSource - dynamic-datasource initial loaded [1] datasource,primary datasource named [master]
2025-12-01 20:57:34 [main] INFO  c.r.common.json.config.JacksonConfig - 初始化 jackson 配置
2025-12-01 20:57:35 [main] INFO  c.r.common.redis.config.RedisConfig - 初始化 redis 配置
2025-12-01 20:57:35 [main] INFO  org.redisson.Version - Redisson 3.29.0
2025-12-01 20:57:36 [redisson-netty-1-5] INFO  o.r.connection.ConnectionsHolder - 1 connections initialized for 127.0.0.1/127.0.0.1:6379
2025-12-01 20:57:36 [redisson-netty-1-3] INFO  o.r.connection.ConnectionsHolder - 8 connections initialized for 127.0.0.1/127.0.0.1:6379
2025-12-01 20:57:40 [main] INFO  c.r.common.json.config.JacksonConfig - 初始化 jackson 配置
2025-12-01 20:57:42 [main] INFO  io.undertow - starting server: Undertow - 2.3.13.Final
2025-12-01 20:57:42 [main] INFO  org.xnio - XNIO version 3.8.8.Final
2025-12-01 20:57:42 [main] INFO  org.xnio.nio - XNIO NIO Implementation Version 3.8.8.Final
2025-12-01 20:57:43 [main] INFO  org.jboss.threads - JBoss Threads version 3.5.0.Final
2025-12-01 20:57:43 [main] INFO  com.ruoyi.RuoYiApplication - Started RuoYiApplication in 54.563 seconds (process running for 57.495)
2025-12-01 20:57:44 [main] INFO  p6spy - 2025-12-01 20:57:44|157|statement|connection 0|url jdbc:mysql://127.0.0.1:3306/ccc?useUnicode=true&characterEncoding=utf8&zeroDateTimeBehavior=convertToNull&useSSL=true&serverTimezone=GMT%2B8&autoReconnect=true&rewriteBatchedStatements=true|SELECT  oss_config_id,config_key,access_key,secret_key,bucket_name,prefix,endpoint,domain,is_https,region,status,ext1,remark,access_policy,create_by,create_time,update_by,update_time  FROM sys_oss_config|SELECT  oss_config_id,config_key,access_key,secret_key,bucket_name,prefix,endpoint,domain,is_https,region,status,ext1,remark,access_policy,create_by,create_time,update_by,update_time  FROM sys_oss_config
2025-12-01 20:57:44 [main] INFO  c.r.s.runner.SystemApplicationRunner - 初始化OSS配置成功
2025-12-01 20:57:44 [main] INFO  p6spy - 2025-12-01 20:57:44|12|statement|connection 1|url jdbc:mysql://127.0.0.1:3306/ccc?useUnicode=true&characterEncoding=utf8&zeroDateTimeBehavior=convertToNull&useSSL=true&serverTimezone=GMT%2B8&autoReconnect=true&rewriteBatchedStatements=true|SELECT  config_id,config_name,config_key,config_value,config_type,remark,create_by,create_time,update_by,update_time  FROM sys_config           ORDER BY config_id ASC|SELECT  config_id,config_name,config_key,config_value,config_type,remark,create_by,create_time,update_by,update_time  FROM sys_config           ORDER BY config_id ASC
2025-12-01 20:57:45 [main] INFO  c.r.s.runner.SystemApplicationRunner - 加载参数缓存数据成功
2025-12-01 20:57:45 [main] INFO  p6spy - 2025-12-01 20:57:45|16|statement|connection 2|url jdbc:mysql://127.0.0.1:3306/ccc?useUnicode=true&characterEncoding=utf8&zeroDateTimeBehavior=convertToNull&useSSL=true&serverTimezone=GMT%2B8&autoReconnect=true&rewriteBatchedStatements=true|SELECT  dict_code,dict_sort,dict_label,dict_value,dict_type,css_class,list_class,is_default,status,remark,create_by,create_time,update_by,update_time  FROM sys_dict_data      WHERE  (status = ?)|SELECT  dict_code,dict_sort,dict_label,dict_value,dict_type,css_class,list_class,is_default,status,remark,create_by,create_time,update_by,update_time  FROM sys_dict_data      WHERE  (status = '1')
2025-12-01 20:57:45 [main] INFO  c.r.common.redis.config.RedisConfig - 初始化 redis 配置
2025-12-01 20:57:45 [main] INFO  c.r.s.runner.SystemApplicationRunner - 加载字典缓存数据成功
2025-12-01 20:57:45 [main] INFO  org.redisson.Version - Redisson 3.29.0
2025-12-01 20:57:46 [redisson-netty-1-4] INFO  o.r.connection.ConnectionsHolder - 1 connections initialized for 127.0.0.1/127.0.0.1:6379
2025-12-01 20:57:46 [redisson-netty-1-3] INFO  o.r.connection.ConnectionsHolder - 8 connections initialized for 127.0.0.1/127.0.0.1:6379
2025-12-01 20:57:47 [main] INFO  io.undertow - starting server: Undertow - 2.3.13.Final
2025-12-01 20:57:47 [main] INFO  org.xnio - XNIO version 3.8.8.Final
2025-12-01 20:57:47 [main] INFO  org.xnio.nio - XNIO NIO Implementation Version 3.8.8.Final
2025-12-01 20:57:48 [main] INFO  org.jboss.threads - JBoss Threads version 3.5.0.Final
2025-12-01 20:57:48 [main] INFO  io.undertow - stopping server: Undertow - 2.3.13.Final
2025-12-01 20:57:48 [main] WARN  o.s.b.w.s.c.AnnotationConfigServletWebServerApplicationContext - Exception encountered during context initialization - cancelling refresh attempt: org.springframework.context.ApplicationContextException: Failed to start bean 'webServerStartStop'
2025-12-01 20:57:48 [main] INFO  c.r.c.core.config.ThreadPoolConfig - ====关闭后台任务任务线程池====
2025-12-01 20:57:48 [main] INFO  c.b.d.d.DynamicRoutingDataSource - dynamic-datasource start closing ....
2025-12-01 20:57:48 [main] INFO  com.zaxxer.hikari.HikariDataSource - master - Shutdown initiated...
2025-12-01 20:57:48 [main] INFO  com.zaxxer.hikari.HikariDataSource - master - Shutdown completed.
2025-12-01 20:57:48 [main] INFO  c.b.d.d.d.DefaultDataSourceDestroyer - dynamic-datasource close the datasource named [master] success,
2025-12-01 20:57:48 [main] INFO  c.b.d.d.DynamicRoutingDataSource - dynamic-datasource all closed success,bye
2025-12-01 20:57:48 [main] ERROR o.s.b.d.LoggingFailureAnalysisReporter - 

***************************
APPLICATION FAILED TO START
***************************

Description:

Web server failed to start. Port 8080 was already in use.

Action:

Identify and stop the process that's listening on port 8080 or configure this application to listen on another port.

2025-12-01 20:57:49 [main] INFO  c.r.common.json.config.JacksonConfig - 初始化 jackson 配置
2025-12-01 20:57:53 [main] INFO  io.undertow - starting server: Undertow - 2.3.13.Final
2025-12-01 20:57:53 [main] INFO  org.xnio - XNIO version 3.8.8.Final
2025-12-01 20:57:53 [main] INFO  org.xnio.nio - XNIO NIO Implementation Version 3.8.8.Final
2025-12-01 20:57:53 [main] INFO  org.jboss.threads - JBoss Threads version 3.5.0.Final
2025-12-01 20:57:53 [main] INFO  io.undertow - stopping server: Undertow - 2.3.13.Final
2025-12-01 20:57:53 [main] WARN  o.s.b.w.s.c.AnnotationConfigServletWebServerApplicationContext - Exception encountered during context initialization - cancelling refresh attempt: org.springframework.context.ApplicationContextException: Failed to start bean 'webServerStartStop'
2025-12-01 20:57:53 [main] INFO  c.r.c.core.config.ThreadPoolConfig - ====关闭后台任务任务线程池====
2025-12-01 20:57:53 [main] INFO  c.b.d.d.DynamicRoutingDataSource - dynamic-datasource start closing ....
2025-12-01 20:57:53 [main] INFO  com.zaxxer.hikari.HikariDataSource - master - Shutdown initiated...
2025-12-01 20:57:53 [main] INFO  com.zaxxer.hikari.HikariDataSource - master - Shutdown completed.
2025-12-01 20:57:53 [main] INFO  c.b.d.d.d.DefaultDataSourceDestroyer - dynamic-datasource close the datasource named [master] success,
2025-12-01 20:57:53 [main] INFO  c.b.d.d.DynamicRoutingDataSource - dynamic-datasource all closed success,bye
2025-12-01 20:57:53 [main] ERROR o.s.b.d.LoggingFailureAnalysisReporter - 

***************************
APPLICATION FAILED TO START
***************************

Description:

Web server failed to start. Port 8080 was already in use.

Action:

Identify and stop the process that's listening on port 8080 or configure this application to listen on another port.

2025-12-01 20:58:09 [SpringApplicationShutdownHook] INFO  io.undertow - stopping server: Undertow - 2.3.13.Final
2025-12-01 20:58:09 [SpringApplicationShutdownHook] INFO  c.r.c.core.config.ThreadPoolConfig - ====关闭后台任务任务线程池====
2025-12-01 20:58:09 [SpringApplicationShutdownHook] INFO  c.b.d.d.DynamicRoutingDataSource - dynamic-datasource start closing ....
2025-12-01 20:58:09 [SpringApplicationShutdownHook] INFO  com.zaxxer.hikari.HikariDataSource - master - Shutdown initiated...
2025-12-01 20:58:09 [SpringApplicationShutdownHook] INFO  com.zaxxer.hikari.HikariDataSource - master - Shutdown completed.
2025-12-01 20:58:09 [SpringApplicationShutdownHook] INFO  c.b.d.d.d.DefaultDataSourceDestroyer - dynamic-datasource close the datasource named [master] success,
2025-12-01 20:58:09 [SpringApplicationShutdownHook] INFO  c.b.d.d.DynamicRoutingDataSource - dynamic-datasource all closed success,bye
2025-12-01 20:58:15 [background-preinit] INFO  o.h.validator.internal.util.Version - HV000001: Hibernate Validator 8.0.1.Final
2025-12-01 20:58:16 [main] INFO  com.ruoyi.RuoYiApplication - Starting RuoYiApplication using Java 17.0.12 with PID 52480 (C:\Users\86191\Desktop\dxm-houduan\ruoyi-admin-wms\target\classes started by 86191 in C:\Users\86191\Desktop\dxm-houduan)
2025-12-01 20:58:16 [main] INFO  com.ruoyi.RuoYiApplication - The following 1 profile is active: "dev"
2025-12-01 20:58:22 [main] WARN  o.m.s.mapper.ClassPathMapperScanner - No MyBatis mapper was found in '[com.ruoyi]' package. Please check your configuration.
2025-12-01 20:58:25 [main] WARN  o.s.c.s.PostProcessorRegistrationDelegate$BeanPostProcessorChecker - Bean 'com.baomidou.dynamic.datasource.spring.boot.autoconfigure.DynamicDataSourceAopConfiguration' of type [com.baomidou.dynamic.datasource.spring.boot.autoconfigure.DynamicDataSourceAopConfiguration] is not eligible for getting processed by all BeanPostProcessors (for example: not eligible for auto-proxying). Is this bean getting eagerly injected into a currently created BeanPostProcessor [healthEndpointGroupsBeanPostProcessor]? Check the corresponding BeanPostProcessor declaration and its dependencies.
2025-12-01 20:58:27 [main] INFO  io.undertow.servlet - Initializing Spring embedded WebApplicationContext
2025-12-01 20:58:30 [main] INFO  c.b.d.d.DynamicRoutingDataSource - dynamic-datasource detect P6SPY plugin and enabled it
2025-12-01 20:58:30 [main] INFO  com.zaxxer.hikari.HikariDataSource - master - Starting...
2025-12-01 20:58:31 [main] INFO  com.zaxxer.hikari.pool.HikariPool - master - Added connection com.mysql.cj.jdbc.ConnectionImpl@4d7f9b33
2025-12-01 20:58:31 [main] INFO  com.zaxxer.hikari.HikariDataSource - master - Start completed.
2025-12-01 20:58:31 [main] INFO  c.b.d.d.DynamicRoutingDataSource - dynamic-datasource - add a datasource named [master] success
2025-12-01 20:58:31 [main] INFO  c.b.d.d.DynamicRoutingDataSource - dynamic-datasource initial loaded [1] datasource,primary datasource named [master]
2025-12-01 20:58:43 [main] INFO  c.r.common.redis.config.RedisConfig - 初始化 redis 配置
2025-12-01 20:58:43 [main] INFO  org.redisson.Version - Redisson 3.29.0
2025-12-01 20:58:43 [redisson-netty-1-4] INFO  o.r.connection.ConnectionsHolder - 1 connections initialized for 127.0.0.1/127.0.0.1:6379
2025-12-01 20:58:43 [redisson-netty-1-3] INFO  o.r.connection.ConnectionsHolder - 8 connections initialized for 127.0.0.1/127.0.0.1:6379
2025-12-01 20:58:47 [main] INFO  c.r.common.json.config.JacksonConfig - 初始化 jackson 配置
2025-12-01 20:58:51 [main] INFO  io.undertow - starting server: Undertow - 2.3.13.Final
2025-12-01 20:58:51 [main] INFO  org.xnio - XNIO version 3.8.8.Final
2025-12-01 20:58:51 [main] INFO  org.xnio.nio - XNIO NIO Implementation Version 3.8.8.Final
2025-12-01 20:58:52 [main] INFO  org.jboss.threads - JBoss Threads version 3.5.0.Final
2025-12-01 20:58:52 [main] INFO  com.ruoyi.RuoYiApplication - Started RuoYiApplication in 38.416 seconds (process running for 40.852)
2025-12-01 20:58:52 [main] INFO  p6spy - 2025-12-01 20:58:52|24|statement|connection 0|url jdbc:mysql://127.0.0.1:3306/ccc?useUnicode=true&characterEncoding=utf8&zeroDateTimeBehavior=convertToNull&useSSL=true&serverTimezone=GMT%2B8&autoReconnect=true&rewriteBatchedStatements=true|SELECT  oss_config_id,config_key,access_key,secret_key,bucket_name,prefix,endpoint,domain,is_https,region,status,ext1,remark,access_policy,create_by,create_time,update_by,update_time  FROM sys_oss_config|SELECT  oss_config_id,config_key,access_key,secret_key,bucket_name,prefix,endpoint,domain,is_https,region,status,ext1,remark,access_policy,create_by,create_time,update_by,update_time  FROM sys_oss_config
2025-12-01 20:58:52 [main] INFO  c.r.s.runner.SystemApplicationRunner - 初始化OSS配置成功
2025-12-01 20:58:52 [main] INFO  p6spy - 2025-12-01 20:58:52|4|statement|connection 1|url jdbc:mysql://127.0.0.1:3306/ccc?useUnicode=true&characterEncoding=utf8&zeroDateTimeBehavior=convertToNull&useSSL=true&serverTimezone=GMT%2B8&autoReconnect=true&rewriteBatchedStatements=true|SELECT  config_id,config_name,config_key,config_value,config_type,remark,create_by,create_time,update_by,update_time  FROM sys_config           ORDER BY config_id ASC|SELECT  config_id,config_name,config_key,config_value,config_type,remark,create_by,create_time,update_by,update_time  FROM sys_config           ORDER BY config_id ASC
2025-12-01 20:58:52 [main] INFO  c.r.s.runner.SystemApplicationRunner - 加载参数缓存数据成功
2025-12-01 20:58:52 [main] INFO  p6spy - 2025-12-01 20:58:52|5|statement|connection 2|url jdbc:mysql://127.0.0.1:3306/ccc?useUnicode=true&characterEncoding=utf8&zeroDateTimeBehavior=convertToNull&useSSL=true&serverTimezone=GMT%2B8&autoReconnect=true&rewriteBatchedStatements=true|SELECT  dict_code,dict_sort,dict_label,dict_value,dict_type,css_class,list_class,is_default,status,remark,create_by,create_time,update_by,update_time  FROM sys_dict_data      WHERE  (status = ?)|SELECT  dict_code,dict_sort,dict_label,dict_value,dict_type,css_class,list_class,is_default,status,remark,create_by,create_time,update_by,update_time  FROM sys_dict_data      WHERE  (status = '1')
2025-12-01 20:58:53 [main] INFO  c.r.s.runner.SystemApplicationRunner - 加载字典缓存数据成功
2025-12-01 23:11:59 [SpringApplicationShutdownHook] INFO  io.undertow - stopping server: Undertow - 2.3.13.Final
2025-12-01 23:11:59 [SpringApplicationShutdownHook] INFO  c.r.c.core.config.ThreadPoolConfig - ====关闭后台任务任务线程池====
2025-12-01 23:11:59 [SpringApplicationShutdownHook] INFO  c.b.d.d.DynamicRoutingDataSource - dynamic-datasource start closing ....
2025-12-01 23:11:59 [SpringApplicationShutdownHook] INFO  com.zaxxer.hikari.HikariDataSource - master - Shutdown initiated...
2025-12-01 23:11:59 [SpringApplicationShutdownHook] INFO  com.zaxxer.hikari.HikariDataSource - master - Shutdown completed.
2025-12-01 23:11:59 [SpringApplicationShutdownHook] INFO  c.b.d.d.d.DefaultDataSourceDestroyer - dynamic-datasource close the datasource named [master] success,
2025-12-01 23:11:59 [SpringApplicationShutdownHook] INFO  c.b.d.d.DynamicRoutingDataSource - dynamic-datasource all closed success,bye
