2025-12-02 14:41:33 [background-preinit] INFO  o.h.validator.internal.util.Version - HV000001: Hibernate Validator 8.0.1.Final
2025-12-02 14:41:33 [main] INFO  com.ruoyi.RuoYiApplication - Starting RuoYiApplication using Java 17.0.12 with PID 17636 (C:\Users\86191\Desktop\dxm-houduan\ruoyi-admin-wms\target\classes started by 86191 in C:\Users\86191\Desktop\dxm-houduan)
2025-12-02 14:41:33 [main] INFO  com.ruoyi.RuoYiApplication - The following 1 profile is active: "dev"
2025-12-02 14:41:38 [main] WARN  o.m.s.mapper.ClassPathMapperScanner - No MyBatis mapper was found in '[com.ruoyi]' package. Please check your configuration.
2025-12-02 14:41:40 [main] WARN  o.s.c.s.PostProcessorRegistrationDelegate$BeanPostProcessorChecker - Bean 'com.baomidou.dynamic.datasource.spring.boot.autoconfigure.DynamicDataSourceAopConfiguration' of type [com.baomidou.dynamic.datasource.spring.boot.autoconfigure.DynamicDataSourceAopConfiguration] is not eligible for getting processed by all BeanPostProcessors (for example: not eligible for auto-proxying). Is this bean getting eagerly injected into a currently created BeanPostProcessor [healthEndpointGroupsBeanPostProcessor]? Check the corresponding BeanPostProcessor declaration and its dependencies.
2025-12-02 14:41:43 [main] INFO  io.undertow.servlet - Initializing Spring embedded WebApplicationContext
2025-12-02 14:41:44 [main] INFO  c.b.d.d.DynamicRoutingDataSource - dynamic-datasource detect P6SPY plugin and enabled it
2025-12-02 14:41:44 [main] INFO  com.zaxxer.hikari.HikariDataSource - master - Starting...
2025-12-02 14:41:45 [main] INFO  com.zaxxer.hikari.pool.HikariPool - master - Added connection com.mysql.cj.jdbc.ConnectionImpl@10230657
2025-12-02 14:41:45 [main] INFO  com.zaxxer.hikari.HikariDataSource - master - Start completed.
2025-12-02 14:41:45 [main] INFO  c.b.d.d.DynamicRoutingDataSource - dynamic-datasource - add a datasource named [master] success
2025-12-02 14:41:45 [main] INFO  c.b.d.d.DynamicRoutingDataSource - dynamic-datasource initial loaded [1] datasource,primary datasource named [master]
2025-12-02 14:41:50 [main] WARN  o.s.b.w.s.c.AnnotationConfigServletWebServerApplicationContext - Exception encountered during context initialization - cancelling refresh attempt: org.springframework.beans.factory.UnsatisfiedDependencyException: Error creating bean with name 'receiptOrderController' defined in file [C:\Users\86191\Desktop\dxm-houduan\ruoyi-admin-wms\target\classes\com\ruoyi\wms\controller\ReceiptOrderController.class]: Unsatisfied dependency expressed through constructor parameter 0: Error creating bean with name 'receiptOrderService': Resolution of declared constructors on bean Class [com.ruoyi.wms.service.ReceiptOrderService] from ClassLoader [jdk.internal.loader.ClassLoaders$AppClassLoader@63947c6b] failed
2025-12-02 14:41:50 [main] INFO  c.b.d.d.DynamicRoutingDataSource - dynamic-datasource start closing ....
2025-12-02 14:41:50 [main] INFO  com.zaxxer.hikari.HikariDataSource - master - Shutdown initiated...
2025-12-02 14:41:50 [main] INFO  com.zaxxer.hikari.HikariDataSource - master - Shutdown completed.
2025-12-02 14:41:50 [main] INFO  c.b.d.d.d.DefaultDataSourceDestroyer - dynamic-datasource close the datasource named [master] success,
2025-12-02 14:41:50 [main] INFO  c.b.d.d.DynamicRoutingDataSource - dynamic-datasource all closed success,bye
2025-12-02 14:41:50 [main] ERROR o.s.boot.SpringApplication - Application run failed
org.springframework.beans.factory.UnsatisfiedDependencyException: Error creating bean with name 'receiptOrderController' defined in file [C:\Users\86191\Desktop\dxm-houduan\ruoyi-admin-wms\target\classes\com\ruoyi\wms\controller\ReceiptOrderController.class]: Unsatisfied dependency expressed through constructor parameter 0: Error creating bean with name 'receiptOrderService': Resolution of declared constructors on bean Class [com.ruoyi.wms.service.ReceiptOrderService] from ClassLoader [jdk.internal.loader.ClassLoaders$AppClassLoader@63947c6b] failed
	at org.springframework.beans.factory.support.ConstructorResolver.createArgumentArray(ConstructorResolver.java:795)
	at org.springframework.beans.factory.support.ConstructorResolver.autowireConstructor(ConstructorResolver.java:237)
	at org.springframework.beans.factory.support.AbstractAutowireCapableBeanFactory.autowireConstructor(AbstractAutowireCapableBeanFactory.java:1357)
	at org.springframework.beans.factory.support.AbstractAutowireCapableBeanFactory.createBeanInstance(AbstractAutowireCapableBeanFactory.java:1194)
	at org.springframework.beans.factory.support.AbstractAutowireCapableBeanFactory.doCreateBean(AbstractAutowireCapableBeanFactory.java:562)
	at org.springframework.beans.factory.support.AbstractAutowireCapableBeanFactory.createBean(AbstractAutowireCapableBeanFactory.java:522)
	at org.springframework.beans.factory.support.AbstractBeanFactory.lambda$doGetBean$0(AbstractBeanFactory.java:337)
	at org.springframework.beans.factory.support.DefaultSingletonBeanRegistry.getSingleton(DefaultSingletonBeanRegistry.java:234)
	at org.springframework.beans.factory.support.AbstractBeanFactory.doGetBean(AbstractBeanFactory.java:335)
	at org.springframework.beans.factory.support.AbstractBeanFactory.getBean(AbstractBeanFactory.java:200)
	at org.springframework.beans.factory.support.DefaultListableBeanFactory.preInstantiateSingletons(DefaultListableBeanFactory.java:975)
	at org.springframework.context.support.AbstractApplicationContext.finishBeanFactoryInitialization(AbstractApplicationContext.java:962)
	at org.springframework.context.support.AbstractApplicationContext.refresh(AbstractApplicationContext.java:624)
	at org.springframework.boot.web.servlet.context.ServletWebServerApplicationContext.refresh(ServletWebServerApplicationContext.java:146)
	at org.springframework.boot.SpringApplication.refresh(SpringApplication.java:754)
	at org.springframework.boot.SpringApplication.refreshContext(SpringApplication.java:456)
	at org.springframework.boot.SpringApplication.run(SpringApplication.java:335)
	at com.ruoyi.RuoYiApplication.main(RuoYiApplication.java:20)
Caused by: org.springframework.beans.factory.BeanCreationException: Error creating bean with name 'receiptOrderService': Resolution of declared constructors on bean Class [com.ruoyi.wms.service.ReceiptOrderService] from ClassLoader [jdk.internal.loader.ClassLoaders$AppClassLoader@63947c6b] failed
	at org.springframework.beans.factory.annotation.AutowiredAnnotationBeanPostProcessor.determineCandidateConstructors(AutowiredAnnotationBeanPostProcessor.java:383)
	at org.springframework.beans.factory.support.AbstractAutowireCapableBeanFactory.determineConstructorsFromBeanPostProcessors(AbstractAutowireCapableBeanFactory.java:1296)
	at org.springframework.beans.factory.support.AbstractAutowireCapableBeanFactory.createBeanInstance(AbstractAutowireCapableBeanFactory.java:1191)
	at org.springframework.beans.factory.support.AbstractAutowireCapableBeanFactory.doCreateBean(AbstractAutowireCapableBeanFactory.java:562)
	at org.springframework.beans.factory.support.AbstractAutowireCapableBeanFactory.createBean(AbstractAutowireCapableBeanFactory.java:522)
	at org.springframework.beans.factory.support.AbstractBeanFactory.lambda$doGetBean$0(AbstractBeanFactory.java:337)
	at org.springframework.beans.factory.support.DefaultSingletonBeanRegistry.getSingleton(DefaultSingletonBeanRegistry.java:234)
	at org.springframework.beans.factory.support.AbstractBeanFactory.doGetBean(AbstractBeanFactory.java:335)
	at org.springframework.beans.factory.support.AbstractBeanFactory.getBean(AbstractBeanFactory.java:200)
	at org.springframework.beans.factory.config.DependencyDescriptor.resolveCandidate(DependencyDescriptor.java:254)
	at org.springframework.beans.factory.support.DefaultListableBeanFactory.doResolveDependency(DefaultListableBeanFactory.java:1443)
	at org.springframework.beans.factory.support.DefaultListableBeanFactory.resolveDependency(DefaultListableBeanFactory.java:1353)
	at org.springframework.beans.factory.support.ConstructorResolver.resolveAutowiredArgument(ConstructorResolver.java:904)
	at org.springframework.beans.factory.support.ConstructorResolver.createArgumentArray(ConstructorResolver.java:782)
	... 17 common frames omitted
Caused by: java.lang.NoClassDefFoundError: SysDictTypeService
	at java.base/java.lang.Class.getDeclaredConstructors0(Native Method)
	at java.base/java.lang.Class.privateGetDeclaredConstructors(Class.java:3373)
	at java.base/java.lang.Class.getDeclaredConstructors(Class.java:2555)
	at org.springframework.beans.factory.annotation.AutowiredAnnotationBeanPostProcessor.determineCandidateConstructors(AutowiredAnnotationBeanPostProcessor.java:378)
	... 30 common frames omitted
Caused by: java.lang.ClassNotFoundException: SysDictTypeService
	at java.base/jdk.internal.loader.BuiltinClassLoader.loadClass(BuiltinClassLoader.java:641)
	at java.base/jdk.internal.loader.ClassLoaders$AppClassLoader.loadClass(ClassLoaders.java:188)
	at java.base/java.lang.ClassLoader.loadClass(ClassLoader.java:525)
	... 34 common frames omitted
2025-12-02 14:59:06 [background-preinit] INFO  o.h.validator.internal.util.Version - HV000001: Hibernate Validator 8.0.1.Final
2025-12-02 14:59:06 [main] INFO  com.ruoyi.RuoYiApplication - Starting RuoYiApplication using Java 17.0.12 with PID 47220 (C:\Users\86191\Desktop\dxm-houduan\ruoyi-admin-wms\target\classes started by 86191 in C:\Users\86191\Desktop\dxm-houduan)
2025-12-02 14:59:06 [main] INFO  com.ruoyi.RuoYiApplication - The following 1 profile is active: "dev"
2025-12-02 14:59:11 [background-preinit] INFO  o.h.validator.internal.util.Version - HV000001: Hibernate Validator 8.0.1.Final
2025-12-02 14:59:11 [main] INFO  com.ruoyi.RuoYiApplication - Starting RuoYiApplication using Java 17.0.12 with PID 56208 (C:\Users\86191\Desktop\dxm-houduan\ruoyi-admin-wms\target\classes started by 86191 in C:\Users\86191\Desktop\dxm-houduan)
2025-12-02 14:59:11 [main] INFO  com.ruoyi.RuoYiApplication - The following 1 profile is active: "dev"
2025-12-02 14:59:13 [main] WARN  o.m.s.mapper.ClassPathMapperScanner - No MyBatis mapper was found in '[com.ruoyi]' package. Please check your configuration.
2025-12-02 14:59:16 [main] WARN  o.s.c.s.PostProcessorRegistrationDelegate$BeanPostProcessorChecker - Bean 'com.baomidou.dynamic.datasource.spring.boot.autoconfigure.DynamicDataSourceAopConfiguration' of type [com.baomidou.dynamic.datasource.spring.boot.autoconfigure.DynamicDataSourceAopConfiguration] is not eligible for getting processed by all BeanPostProcessors (for example: not eligible for auto-proxying). Is this bean getting eagerly injected into a currently created BeanPostProcessor [healthEndpointGroupsBeanPostProcessor]? Check the corresponding BeanPostProcessor declaration and its dependencies.
2025-12-02 14:59:17 [main] WARN  o.m.s.mapper.ClassPathMapperScanner - No MyBatis mapper was found in '[com.ruoyi]' package. Please check your configuration.
2025-12-02 14:59:18 [main] INFO  io.undertow.servlet - Initializing Spring embedded WebApplicationContext
2025-12-02 14:59:20 [main] INFO  c.b.d.d.DynamicRoutingDataSource - dynamic-datasource detect P6SPY plugin and enabled it
2025-12-02 14:59:20 [main] INFO  com.zaxxer.hikari.HikariDataSource - master - Starting...
2025-12-02 14:59:20 [main] WARN  o.s.c.s.PostProcessorRegistrationDelegate$BeanPostProcessorChecker - Bean 'com.baomidou.dynamic.datasource.spring.boot.autoconfigure.DynamicDataSourceAopConfiguration' of type [com.baomidou.dynamic.datasource.spring.boot.autoconfigure.DynamicDataSourceAopConfiguration] is not eligible for getting processed by all BeanPostProcessors (for example: not eligible for auto-proxying). Is this bean getting eagerly injected into a currently created BeanPostProcessor [healthEndpointGroupsBeanPostProcessor]? Check the corresponding BeanPostProcessor declaration and its dependencies.
2025-12-02 14:59:21 [main] INFO  com.zaxxer.hikari.pool.HikariPool - master - Added connection com.mysql.cj.jdbc.ConnectionImpl@37d3e740
2025-12-02 14:59:21 [main] INFO  com.zaxxer.hikari.HikariDataSource - master - Start completed.
2025-12-02 14:59:21 [main] INFO  c.b.d.d.DynamicRoutingDataSource - dynamic-datasource - add a datasource named [master] success
2025-12-02 14:59:21 [main] INFO  c.b.d.d.DynamicRoutingDataSource - dynamic-datasource initial loaded [1] datasource,primary datasource named [master]
2025-12-02 14:59:22 [main] INFO  io.undertow.servlet - Initializing Spring embedded WebApplicationContext
2025-12-02 14:59:24 [main] INFO  c.b.d.d.DynamicRoutingDataSource - dynamic-datasource detect P6SPY plugin and enabled it
2025-12-02 14:59:24 [main] INFO  com.zaxxer.hikari.HikariDataSource - master - Starting...
2025-12-02 14:59:25 [main] INFO  com.zaxxer.hikari.pool.HikariPool - master - Added connection com.mysql.cj.jdbc.ConnectionImpl@e2498a3
2025-12-02 14:59:25 [main] INFO  com.zaxxer.hikari.HikariDataSource - master - Start completed.
2025-12-02 14:59:25 [main] INFO  c.b.d.d.DynamicRoutingDataSource - dynamic-datasource - add a datasource named [master] success
2025-12-02 14:59:25 [main] INFO  c.b.d.d.DynamicRoutingDataSource - dynamic-datasource initial loaded [1] datasource,primary datasource named [master]
2025-12-02 14:59:30 [main] INFO  c.r.common.redis.config.RedisConfig - 初始化 redis 配置
2025-12-02 14:59:30 [main] INFO  org.redisson.Version - Redisson 3.29.0
2025-12-02 14:59:31 [redisson-netty-1-4] INFO  o.r.connection.ConnectionsHolder - 1 connections initialized for 127.0.0.1/127.0.0.1:6379
2025-12-02 14:59:31 [redisson-netty-1-3] INFO  o.r.connection.ConnectionsHolder - 8 connections initialized for 127.0.0.1/127.0.0.1:6379
2025-12-02 14:59:33 [main] INFO  c.r.common.redis.config.RedisConfig - 初始化 redis 配置
2025-12-02 14:59:34 [main] INFO  org.redisson.Version - Redisson 3.29.0
2025-12-02 14:59:34 [main] INFO  c.r.common.json.config.JacksonConfig - 初始化 jackson 配置
2025-12-02 14:59:34 [redisson-netty-1-4] INFO  o.r.connection.ConnectionsHolder - 1 connections initialized for 127.0.0.1/127.0.0.1:6379
2025-12-02 14:59:34 [redisson-netty-1-3] INFO  o.r.connection.ConnectionsHolder - 8 connections initialized for 127.0.0.1/127.0.0.1:6379
2025-12-02 14:59:36 [main] INFO  c.r.common.json.config.JacksonConfig - 初始化 jackson 配置
2025-12-02 14:59:38 [main] INFO  io.undertow - starting server: Undertow - 2.3.13.Final
2025-12-02 14:59:38 [main] INFO  org.xnio - XNIO version 3.8.8.Final
2025-12-02 14:59:38 [main] INFO  org.xnio.nio - XNIO NIO Implementation Version 3.8.8.Final
2025-12-02 14:59:39 [main] INFO  org.jboss.threads - JBoss Threads version 3.5.0.Final
2025-12-02 14:59:39 [main] INFO  com.ruoyi.RuoYiApplication - Started RuoYiApplication in 34.965 seconds (process running for 36.674)
2025-12-02 14:59:39 [main] INFO  p6spy - 2025-12-02 14:59:39|81|statement|connection 0|url jdbc:mysql://127.0.0.1:3306/ccc?useUnicode=true&characterEncoding=utf8&zeroDateTimeBehavior=convertToNull&useSSL=true&serverTimezone=GMT%2B8&autoReconnect=true&rewriteBatchedStatements=true|SELECT  oss_config_id,config_key,access_key,secret_key,bucket_name,prefix,endpoint,domain,is_https,region,status,ext1,remark,access_policy,create_by,create_time,update_by,update_time  FROM sys_oss_config|SELECT  oss_config_id,config_key,access_key,secret_key,bucket_name,prefix,endpoint,domain,is_https,region,status,ext1,remark,access_policy,create_by,create_time,update_by,update_time  FROM sys_oss_config
2025-12-02 14:59:39 [main] INFO  c.r.s.runner.SystemApplicationRunner - 初始化OSS配置成功
2025-12-02 14:59:40 [main] INFO  p6spy - 2025-12-02 14:59:40|10|statement|connection 1|url jdbc:mysql://127.0.0.1:3306/ccc?useUnicode=true&characterEncoding=utf8&zeroDateTimeBehavior=convertToNull&useSSL=true&serverTimezone=GMT%2B8&autoReconnect=true&rewriteBatchedStatements=true|SELECT  config_id,config_name,config_key,config_value,config_type,remark,create_by,create_time,update_by,update_time  FROM sys_config           ORDER BY config_id ASC|SELECT  config_id,config_name,config_key,config_value,config_type,remark,create_by,create_time,update_by,update_time  FROM sys_config           ORDER BY config_id ASC
2025-12-02 14:59:40 [main] ERROR o.s.boot.SpringApplication - Application run failed
io.github.linpeilie.ConvertException: cannot find converter from SysConfig to SysConfigVo
	at io.github.linpeilie.Converter.convert(Converter.java:31)
	at io.github.linpeilie.Converter.lambda$convert$0(Converter.java:54)
	at java.base/java.util.stream.ReferencePipeline$3$1.accept(ReferencePipeline.java:197)
	at java.base/java.util.ArrayList$ArrayListSpliterator.forEachRemaining(ArrayList.java:1625)
	at java.base/java.util.stream.AbstractPipeline.copyInto(AbstractPipeline.java:509)
	at java.base/java.util.stream.AbstractPipeline.wrapAndCopyInto(AbstractPipeline.java:499)
	at java.base/java.util.stream.ReduceOps$ReduceOp.evaluateSequential(ReduceOps.java:921)
	at java.base/java.util.stream.AbstractPipeline.evaluate(AbstractPipeline.java:234)
	at java.base/java.util.stream.ReferencePipeline.collect(ReferencePipeline.java:682)
	at io.github.linpeilie.Converter.convert(Converter.java:54)
	at com.ruoyi.common.core.utils.MapstructUtils.convert(MapstructUtils.java:73)
	at com.ruoyi.common.mybatis.core.mapper.BaseMapperPlus.selectVoList(BaseMapperPlus.java:178)
	at java.base/java.lang.invoke.MethodHandle.invokeWithArguments(MethodHandle.java:732)
	at com.baomidou.mybatisplus.core.override.MybatisMapperProxy$DefaultMethodInvoker.invoke(MybatisMapperProxy.java:163)
	at com.baomidou.mybatisplus.core.override.MybatisMapperProxy.invoke(MybatisMapperProxy.java:90)
	at jdk.proxy2/jdk.proxy2.$Proxy178.selectVoList(Unknown Source)
	at com.ruoyi.common.mybatis.core.mapper.BaseMapperPlus.selectVoList(BaseMapperPlus.java:167)
	at java.base/java.lang.invoke.MethodHandle.invokeWithArguments(MethodHandle.java:732)
	at com.baomidou.mybatisplus.core.override.MybatisMapperProxy$DefaultMethodInvoker.invoke(MybatisMapperProxy.java:163)
	at com.baomidou.mybatisplus.core.override.MybatisMapperProxy.invoke(MybatisMapperProxy.java:90)
	at jdk.proxy2/jdk.proxy2.$Proxy178.selectVoList(Unknown Source)
	at com.ruoyi.system.service.SysConfigService.selectConfigList(SysConfigService.java:83)
	at com.ruoyi.system.service.SysConfigService.loadingConfigCache(SysConfigService.java:160)
	at java.base/jdk.internal.reflect.NativeMethodAccessorImpl.invoke0(Native Method)
	at java.base/jdk.internal.reflect.NativeMethodAccessorImpl.invoke(NativeMethodAccessorImpl.java:77)
	at java.base/jdk.internal.reflect.DelegatingMethodAccessorImpl.invoke(DelegatingMethodAccessorImpl.java:43)
	at java.base/java.lang.reflect.Method.invoke(Method.java:568)
	at org.springframework.aop.support.AopUtils.invokeJoinpointUsingReflection(AopUtils.java:354)
	at org.springframework.aop.framework.CglibAopProxy$DynamicAdvisedInterceptor.intercept(CglibAopProxy.java:716)
	at com.ruoyi.system.service.SysConfigService$$SpringCGLIB$$0.loadingConfigCache(<generated>)
	at com.ruoyi.system.runner.SystemApplicationRunner.run(SystemApplicationRunner.java:35)
	at org.springframework.boot.SpringApplication.lambda$callRunner$4(SpringApplication.java:786)
	at org.springframework.util.function.ThrowingConsumer$1.acceptWithException(ThrowingConsumer.java:83)
	at org.springframework.util.function.ThrowingConsumer.accept(ThrowingConsumer.java:60)
	at org.springframework.util.function.ThrowingConsumer$1.accept(ThrowingConsumer.java:88)
	at org.springframework.boot.SpringApplication.callRunner(SpringApplication.java:798)
	at org.springframework.boot.SpringApplication.callRunner(SpringApplication.java:786)
	at org.springframework.boot.SpringApplication.lambda$callRunners$3(SpringApplication.java:774)
	at java.base/java.util.stream.ForEachOps$ForEachOp$OfRef.accept(ForEachOps.java:183)
	at java.base/java.util.stream.SortedOps$SizedRefSortingSink.end(SortedOps.java:357)
	at java.base/java.util.stream.AbstractPipeline.copyInto(AbstractPipeline.java:510)
	at java.base/java.util.stream.AbstractPipeline.wrapAndCopyInto(AbstractPipeline.java:499)
	at java.base/java.util.stream.ForEachOps$ForEachOp.evaluateSequential(ForEachOps.java:150)
	at java.base/java.util.stream.ForEachOps$ForEachOp$OfRef.evaluateSequential(ForEachOps.java:173)
	at java.base/java.util.stream.AbstractPipeline.evaluate(AbstractPipeline.java:234)
	at java.base/java.util.stream.ReferencePipeline.forEach(ReferencePipeline.java:596)
	at org.springframework.boot.SpringApplication.callRunners(SpringApplication.java:774)
	at org.springframework.boot.SpringApplication.run(SpringApplication.java:342)
	at com.ruoyi.RuoYiApplication.main(RuoYiApplication.java:20)
2025-12-02 14:59:40 [main] INFO  io.undertow - stopping server: Undertow - 2.3.13.Final
2025-12-02 14:59:40 [main] INFO  c.r.c.core.config.ThreadPoolConfig - ====关闭后台任务任务线程池====
2025-12-02 14:59:40 [main] INFO  c.b.d.d.DynamicRoutingDataSource - dynamic-datasource start closing ....
2025-12-02 14:59:40 [main] INFO  com.zaxxer.hikari.HikariDataSource - master - Shutdown initiated...
2025-12-02 14:59:40 [main] INFO  com.zaxxer.hikari.HikariDataSource - master - Shutdown completed.
2025-12-02 14:59:40 [main] INFO  c.b.d.d.d.DefaultDataSourceDestroyer - dynamic-datasource close the datasource named [master] success,
2025-12-02 14:59:40 [main] INFO  c.b.d.d.DynamicRoutingDataSource - dynamic-datasource all closed success,bye
2025-12-02 14:59:40 [main] INFO  io.undertow - starting server: Undertow - 2.3.13.Final
2025-12-02 14:59:40 [main] INFO  org.xnio - XNIO version 3.8.8.Final
2025-12-02 14:59:40 [main] INFO  org.xnio.nio - XNIO NIO Implementation Version 3.8.8.Final
2025-12-02 14:59:41 [main] INFO  org.jboss.threads - JBoss Threads version 3.5.0.Final
2025-12-02 14:59:41 [main] INFO  com.ruoyi.RuoYiApplication - Started RuoYiApplication in 32.265 seconds (process running for 34.889)
2025-12-02 14:59:41 [main] INFO  p6spy - 2025-12-02 14:59:41|12|statement|connection 0|url jdbc:mysql://127.0.0.1:3306/ccc?useUnicode=true&characterEncoding=utf8&zeroDateTimeBehavior=convertToNull&useSSL=true&serverTimezone=GMT%2B8&autoReconnect=true&rewriteBatchedStatements=true|SELECT  oss_config_id,config_key,access_key,secret_key,bucket_name,prefix,endpoint,domain,is_https,region,status,ext1,remark,access_policy,create_by,create_time,update_by,update_time  FROM sys_oss_config|SELECT  oss_config_id,config_key,access_key,secret_key,bucket_name,prefix,endpoint,domain,is_https,region,status,ext1,remark,access_policy,create_by,create_time,update_by,update_time  FROM sys_oss_config
2025-12-02 14:59:41 [main] INFO  c.r.s.runner.SystemApplicationRunner - 初始化OSS配置成功
2025-12-02 14:59:41 [main] INFO  p6spy - 2025-12-02 14:59:41|2|statement|connection 1|url jdbc:mysql://127.0.0.1:3306/ccc?useUnicode=true&characterEncoding=utf8&zeroDateTimeBehavior=convertToNull&useSSL=true&serverTimezone=GMT%2B8&autoReconnect=true&rewriteBatchedStatements=true|SELECT  config_id,config_name,config_key,config_value,config_type,remark,create_by,create_time,update_by,update_time  FROM sys_config           ORDER BY config_id ASC|SELECT  config_id,config_name,config_key,config_value,config_type,remark,create_by,create_time,update_by,update_time  FROM sys_config           ORDER BY config_id ASC
2025-12-02 14:59:41 [main] ERROR o.s.boot.SpringApplication - Application run failed
io.github.linpeilie.ConvertException: cannot find converter from SysConfig to SysConfigVo
	at io.github.linpeilie.Converter.convert(Converter.java:31)
	at io.github.linpeilie.Converter.lambda$convert$0(Converter.java:54)
	at java.base/java.util.stream.ReferencePipeline$3$1.accept(ReferencePipeline.java:197)
	at java.base/java.util.ArrayList$ArrayListSpliterator.forEachRemaining(ArrayList.java:1625)
	at java.base/java.util.stream.AbstractPipeline.copyInto(AbstractPipeline.java:509)
	at java.base/java.util.stream.AbstractPipeline.wrapAndCopyInto(AbstractPipeline.java:499)
	at java.base/java.util.stream.ReduceOps$ReduceOp.evaluateSequential(ReduceOps.java:921)
	at java.base/java.util.stream.AbstractPipeline.evaluate(AbstractPipeline.java:234)
	at java.base/java.util.stream.ReferencePipeline.collect(ReferencePipeline.java:682)
	at io.github.linpeilie.Converter.convert(Converter.java:54)
	at com.ruoyi.common.core.utils.MapstructUtils.convert(MapstructUtils.java:73)
	at com.ruoyi.common.mybatis.core.mapper.BaseMapperPlus.selectVoList(BaseMapperPlus.java:178)
	at java.base/java.lang.invoke.MethodHandle.invokeWithArguments(MethodHandle.java:732)
	at com.baomidou.mybatisplus.core.override.MybatisMapperProxy$DefaultMethodInvoker.invoke(MybatisMapperProxy.java:163)
	at com.baomidou.mybatisplus.core.override.MybatisMapperProxy.invoke(MybatisMapperProxy.java:90)
	at jdk.proxy2/jdk.proxy2.$Proxy178.selectVoList(Unknown Source)
	at com.ruoyi.common.mybatis.core.mapper.BaseMapperPlus.selectVoList(BaseMapperPlus.java:167)
	at java.base/java.lang.invoke.MethodHandle.invokeWithArguments(MethodHandle.java:732)
	at com.baomidou.mybatisplus.core.override.MybatisMapperProxy$DefaultMethodInvoker.invoke(MybatisMapperProxy.java:163)
	at com.baomidou.mybatisplus.core.override.MybatisMapperProxy.invoke(MybatisMapperProxy.java:90)
	at jdk.proxy2/jdk.proxy2.$Proxy178.selectVoList(Unknown Source)
	at com.ruoyi.system.service.SysConfigService.selectConfigList(SysConfigService.java:83)
	at com.ruoyi.system.service.SysConfigService.loadingConfigCache(SysConfigService.java:160)
	at java.base/jdk.internal.reflect.NativeMethodAccessorImpl.invoke0(Native Method)
	at java.base/jdk.internal.reflect.NativeMethodAccessorImpl.invoke(NativeMethodAccessorImpl.java:77)
	at java.base/jdk.internal.reflect.DelegatingMethodAccessorImpl.invoke(DelegatingMethodAccessorImpl.java:43)
	at java.base/java.lang.reflect.Method.invoke(Method.java:568)
	at org.springframework.aop.support.AopUtils.invokeJoinpointUsingReflection(AopUtils.java:354)
	at org.springframework.aop.framework.CglibAopProxy$DynamicAdvisedInterceptor.intercept(CglibAopProxy.java:716)
	at com.ruoyi.system.service.SysConfigService$$SpringCGLIB$$0.loadingConfigCache(<generated>)
	at com.ruoyi.system.runner.SystemApplicationRunner.run(SystemApplicationRunner.java:35)
	at org.springframework.boot.SpringApplication.lambda$callRunner$4(SpringApplication.java:786)
	at org.springframework.util.function.ThrowingConsumer$1.acceptWithException(ThrowingConsumer.java:83)
	at org.springframework.util.function.ThrowingConsumer.accept(ThrowingConsumer.java:60)
	at org.springframework.util.function.ThrowingConsumer$1.accept(ThrowingConsumer.java:88)
	at org.springframework.boot.SpringApplication.callRunner(SpringApplication.java:798)
	at org.springframework.boot.SpringApplication.callRunner(SpringApplication.java:786)
	at org.springframework.boot.SpringApplication.lambda$callRunners$3(SpringApplication.java:774)
	at java.base/java.util.stream.ForEachOps$ForEachOp$OfRef.accept(ForEachOps.java:183)
	at java.base/java.util.stream.SortedOps$SizedRefSortingSink.end(SortedOps.java:357)
	at java.base/java.util.stream.AbstractPipeline.copyInto(AbstractPipeline.java:510)
	at java.base/java.util.stream.AbstractPipeline.wrapAndCopyInto(AbstractPipeline.java:499)
	at java.base/java.util.stream.ForEachOps$ForEachOp.evaluateSequential(ForEachOps.java:150)
	at java.base/java.util.stream.ForEachOps$ForEachOp$OfRef.evaluateSequential(ForEachOps.java:173)
	at java.base/java.util.stream.AbstractPipeline.evaluate(AbstractPipeline.java:234)
	at java.base/java.util.stream.ReferencePipeline.forEach(ReferencePipeline.java:596)
	at org.springframework.boot.SpringApplication.callRunners(SpringApplication.java:774)
	at org.springframework.boot.SpringApplication.run(SpringApplication.java:342)
	at com.ruoyi.RuoYiApplication.main(RuoYiApplication.java:20)
2025-12-02 14:59:41 [main] INFO  io.undertow - stopping server: Undertow - 2.3.13.Final
2025-12-02 14:59:41 [main] INFO  c.r.c.core.config.ThreadPoolConfig - ====关闭后台任务任务线程池====
2025-12-02 14:59:41 [main] INFO  c.b.d.d.DynamicRoutingDataSource - dynamic-datasource start closing ....
2025-12-02 14:59:41 [main] INFO  com.zaxxer.hikari.HikariDataSource - master - Shutdown initiated...
2025-12-02 14:59:41 [main] INFO  com.zaxxer.hikari.HikariDataSource - master - Shutdown completed.
2025-12-02 14:59:41 [main] INFO  c.b.d.d.d.DefaultDataSourceDestroyer - dynamic-datasource close the datasource named [master] success,
2025-12-02 14:59:41 [main] INFO  c.b.d.d.DynamicRoutingDataSource - dynamic-datasource all closed success,bye
2025-12-02 15:00:19 [background-preinit] INFO  o.h.validator.internal.util.Version - HV000001: Hibernate Validator 8.0.1.Final
2025-12-02 15:00:19 [main] INFO  com.ruoyi.RuoYiApplication - Starting RuoYiApplication using Java 17.0.12 with PID 60200 (C:\Users\86191\Desktop\dxm-houduan\ruoyi-admin-wms\target\classes started by 86191 in C:\Users\86191\Desktop\dxm-houduan)
2025-12-02 15:00:19 [main] INFO  com.ruoyi.RuoYiApplication - The following 1 profile is active: "dev"
2025-12-02 15:00:23 [main] WARN  o.m.s.mapper.ClassPathMapperScanner - No MyBatis mapper was found in '[com.ruoyi]' package. Please check your configuration.
2025-12-02 15:00:25 [main] WARN  o.s.c.s.PostProcessorRegistrationDelegate$BeanPostProcessorChecker - Bean 'com.baomidou.dynamic.datasource.spring.boot.autoconfigure.DynamicDataSourceAopConfiguration' of type [com.baomidou.dynamic.datasource.spring.boot.autoconfigure.DynamicDataSourceAopConfiguration] is not eligible for getting processed by all BeanPostProcessors (for example: not eligible for auto-proxying). Is this bean getting eagerly injected into a currently created BeanPostProcessor [healthEndpointGroupsBeanPostProcessor]? Check the corresponding BeanPostProcessor declaration and its dependencies.
2025-12-02 15:00:26 [main] INFO  io.undertow.servlet - Initializing Spring embedded WebApplicationContext
2025-12-02 15:00:27 [main] INFO  c.b.d.d.DynamicRoutingDataSource - dynamic-datasource detect P6SPY plugin and enabled it
2025-12-02 15:00:27 [main] INFO  com.zaxxer.hikari.HikariDataSource - master - Starting...
2025-12-02 15:00:28 [main] INFO  com.zaxxer.hikari.pool.HikariPool - master - Added connection com.mysql.cj.jdbc.ConnectionImpl@386f88b3
2025-12-02 15:00:28 [main] INFO  com.zaxxer.hikari.HikariDataSource - master - Start completed.
2025-12-02 15:00:28 [main] INFO  c.b.d.d.DynamicRoutingDataSource - dynamic-datasource - add a datasource named [master] success
2025-12-02 15:00:28 [main] INFO  c.b.d.d.DynamicRoutingDataSource - dynamic-datasource initial loaded [1] datasource,primary datasource named [master]
2025-12-02 15:00:34 [main] INFO  c.r.common.redis.config.RedisConfig - 初始化 redis 配置
2025-12-02 15:00:34 [main] INFO  org.redisson.Version - Redisson 3.29.0
2025-12-02 15:00:35 [redisson-netty-1-4] INFO  o.r.connection.ConnectionsHolder - 1 connections initialized for 127.0.0.1/127.0.0.1:6379
2025-12-02 15:00:35 [redisson-netty-1-3] INFO  o.r.connection.ConnectionsHolder - 8 connections initialized for 127.0.0.1/127.0.0.1:6379
2025-12-02 15:00:37 [main] INFO  c.r.common.json.config.JacksonConfig - 初始化 jackson 配置
2025-12-02 15:00:40 [main] INFO  io.undertow - starting server: Undertow - 2.3.13.Final
2025-12-02 15:00:40 [main] INFO  org.xnio - XNIO version 3.8.8.Final
2025-12-02 15:00:41 [main] INFO  org.xnio.nio - XNIO NIO Implementation Version 3.8.8.Final
2025-12-02 15:00:41 [main] INFO  org.jboss.threads - JBoss Threads version 3.5.0.Final
2025-12-02 15:00:41 [main] INFO  com.ruoyi.RuoYiApplication - Started RuoYiApplication in 22.639 seconds (process running for 23.836)
2025-12-02 15:00:41 [main] INFO  p6spy - 2025-12-02 15:00:41|15|statement|connection 0|url jdbc:mysql://127.0.0.1:3306/ccc?useUnicode=true&characterEncoding=utf8&zeroDateTimeBehavior=convertToNull&useSSL=true&serverTimezone=GMT%2B8&autoReconnect=true&rewriteBatchedStatements=true|SELECT  oss_config_id,config_key,access_key,secret_key,bucket_name,prefix,endpoint,domain,is_https,region,status,ext1,remark,access_policy,create_by,create_time,update_by,update_time  FROM sys_oss_config|SELECT  oss_config_id,config_key,access_key,secret_key,bucket_name,prefix,endpoint,domain,is_https,region,status,ext1,remark,access_policy,create_by,create_time,update_by,update_time  FROM sys_oss_config
2025-12-02 15:00:41 [main] INFO  c.r.s.runner.SystemApplicationRunner - 初始化OSS配置成功
2025-12-02 15:00:41 [main] INFO  p6spy - 2025-12-02 15:00:41|2|statement|connection 1|url jdbc:mysql://127.0.0.1:3306/ccc?useUnicode=true&characterEncoding=utf8&zeroDateTimeBehavior=convertToNull&useSSL=true&serverTimezone=GMT%2B8&autoReconnect=true&rewriteBatchedStatements=true|SELECT  config_id,config_name,config_key,config_value,config_type,remark,create_by,create_time,update_by,update_time  FROM sys_config           ORDER BY config_id ASC|SELECT  config_id,config_name,config_key,config_value,config_type,remark,create_by,create_time,update_by,update_time  FROM sys_config           ORDER BY config_id ASC
2025-12-02 15:00:41 [main] ERROR o.s.boot.SpringApplication - Application run failed
io.github.linpeilie.ConvertException: cannot find converter from SysConfig to SysConfigVo
	at io.github.linpeilie.Converter.convert(Converter.java:31)
	at io.github.linpeilie.Converter.lambda$convert$0(Converter.java:54)
	at java.base/java.util.stream.ReferencePipeline$3$1.accept(ReferencePipeline.java:197)
	at java.base/java.util.ArrayList$ArrayListSpliterator.forEachRemaining(ArrayList.java:1625)
	at java.base/java.util.stream.AbstractPipeline.copyInto(AbstractPipeline.java:509)
	at java.base/java.util.stream.AbstractPipeline.wrapAndCopyInto(AbstractPipeline.java:499)
	at java.base/java.util.stream.ReduceOps$ReduceOp.evaluateSequential(ReduceOps.java:921)
	at java.base/java.util.stream.AbstractPipeline.evaluate(AbstractPipeline.java:234)
	at java.base/java.util.stream.ReferencePipeline.collect(ReferencePipeline.java:682)
	at io.github.linpeilie.Converter.convert(Converter.java:54)
	at com.ruoyi.common.core.utils.MapstructUtils.convert(MapstructUtils.java:73)
	at com.ruoyi.common.mybatis.core.mapper.BaseMapperPlus.selectVoList(BaseMapperPlus.java:178)
	at java.base/java.lang.invoke.MethodHandle.invokeWithArguments(MethodHandle.java:732)
	at com.baomidou.mybatisplus.core.override.MybatisMapperProxy$DefaultMethodInvoker.invoke(MybatisMapperProxy.java:163)
	at com.baomidou.mybatisplus.core.override.MybatisMapperProxy.invoke(MybatisMapperProxy.java:90)
	at jdk.proxy2/jdk.proxy2.$Proxy178.selectVoList(Unknown Source)
	at com.ruoyi.common.mybatis.core.mapper.BaseMapperPlus.selectVoList(BaseMapperPlus.java:167)
	at java.base/java.lang.invoke.MethodHandle.invokeWithArguments(MethodHandle.java:732)
	at com.baomidou.mybatisplus.core.override.MybatisMapperProxy$DefaultMethodInvoker.invoke(MybatisMapperProxy.java:163)
	at com.baomidou.mybatisplus.core.override.MybatisMapperProxy.invoke(MybatisMapperProxy.java:90)
	at jdk.proxy2/jdk.proxy2.$Proxy178.selectVoList(Unknown Source)
	at com.ruoyi.system.service.SysConfigService.selectConfigList(SysConfigService.java:83)
	at com.ruoyi.system.service.SysConfigService.loadingConfigCache(SysConfigService.java:160)
	at java.base/jdk.internal.reflect.NativeMethodAccessorImpl.invoke0(Native Method)
	at java.base/jdk.internal.reflect.NativeMethodAccessorImpl.invoke(NativeMethodAccessorImpl.java:77)
	at java.base/jdk.internal.reflect.DelegatingMethodAccessorImpl.invoke(DelegatingMethodAccessorImpl.java:43)
	at java.base/java.lang.reflect.Method.invoke(Method.java:568)
	at org.springframework.aop.support.AopUtils.invokeJoinpointUsingReflection(AopUtils.java:354)
	at org.springframework.aop.framework.CglibAopProxy$DynamicAdvisedInterceptor.intercept(CglibAopProxy.java:716)
	at com.ruoyi.system.service.SysConfigService$$SpringCGLIB$$0.loadingConfigCache(<generated>)
	at com.ruoyi.system.runner.SystemApplicationRunner.run(SystemApplicationRunner.java:35)
	at org.springframework.boot.SpringApplication.lambda$callRunner$4(SpringApplication.java:786)
	at org.springframework.util.function.ThrowingConsumer$1.acceptWithException(ThrowingConsumer.java:83)
	at org.springframework.util.function.ThrowingConsumer.accept(ThrowingConsumer.java:60)
	at org.springframework.util.function.ThrowingConsumer$1.accept(ThrowingConsumer.java:88)
	at org.springframework.boot.SpringApplication.callRunner(SpringApplication.java:798)
	at org.springframework.boot.SpringApplication.callRunner(SpringApplication.java:786)
	at org.springframework.boot.SpringApplication.lambda$callRunners$3(SpringApplication.java:774)
	at java.base/java.util.stream.ForEachOps$ForEachOp$OfRef.accept(ForEachOps.java:183)
	at java.base/java.util.stream.SortedOps$SizedRefSortingSink.end(SortedOps.java:357)
	at java.base/java.util.stream.AbstractPipeline.copyInto(AbstractPipeline.java:510)
	at java.base/java.util.stream.AbstractPipeline.wrapAndCopyInto(AbstractPipeline.java:499)
	at java.base/java.util.stream.ForEachOps$ForEachOp.evaluateSequential(ForEachOps.java:150)
	at java.base/java.util.stream.ForEachOps$ForEachOp$OfRef.evaluateSequential(ForEachOps.java:173)
	at java.base/java.util.stream.AbstractPipeline.evaluate(AbstractPipeline.java:234)
	at java.base/java.util.stream.ReferencePipeline.forEach(ReferencePipeline.java:596)
	at org.springframework.boot.SpringApplication.callRunners(SpringApplication.java:774)
	at org.springframework.boot.SpringApplication.run(SpringApplication.java:342)
	at com.ruoyi.RuoYiApplication.main(RuoYiApplication.java:20)
2025-12-02 15:00:41 [main] INFO  io.undertow - stopping server: Undertow - 2.3.13.Final
2025-12-02 15:00:41 [main] INFO  c.r.c.core.config.ThreadPoolConfig - ====关闭后台任务任务线程池====
2025-12-02 15:00:41 [main] INFO  c.b.d.d.DynamicRoutingDataSource - dynamic-datasource start closing ....
2025-12-02 15:00:41 [main] INFO  com.zaxxer.hikari.HikariDataSource - master - Shutdown initiated...
2025-12-02 15:00:41 [main] INFO  com.zaxxer.hikari.HikariDataSource - master - Shutdown completed.
2025-12-02 15:00:41 [main] INFO  c.b.d.d.d.DefaultDataSourceDestroyer - dynamic-datasource close the datasource named [master] success,
2025-12-02 15:00:41 [main] INFO  c.b.d.d.DynamicRoutingDataSource - dynamic-datasource all closed success,bye
2025-12-02 15:04:40 [background-preinit] INFO  o.h.validator.internal.util.Version - HV000001: Hibernate Validator 8.0.1.Final
2025-12-02 15:04:40 [main] INFO  com.ruoyi.RuoYiApplication - Starting RuoYiApplication using Java 17.0.12 with PID 58448 (C:\Users\86191\Desktop\dxm-houduan\ruoyi-admin-wms\target\classes started by 86191 in C:\Users\86191\Desktop\dxm-houduan)
2025-12-02 15:04:40 [main] INFO  com.ruoyi.RuoYiApplication - The following 1 profile is active: "dev"
2025-12-02 15:04:44 [main] WARN  o.m.s.mapper.ClassPathMapperScanner - No MyBatis mapper was found in '[com.ruoyi]' package. Please check your configuration.
2025-12-02 15:04:46 [main] WARN  o.s.c.s.PostProcessorRegistrationDelegate$BeanPostProcessorChecker - Bean 'com.baomidou.dynamic.datasource.spring.boot.autoconfigure.DynamicDataSourceAopConfiguration' of type [com.baomidou.dynamic.datasource.spring.boot.autoconfigure.DynamicDataSourceAopConfiguration] is not eligible for getting processed by all BeanPostProcessors (for example: not eligible for auto-proxying). Is this bean getting eagerly injected into a currently created BeanPostProcessor [healthEndpointGroupsBeanPostProcessor]? Check the corresponding BeanPostProcessor declaration and its dependencies.
2025-12-02 15:04:47 [main] INFO  io.undertow.servlet - Initializing Spring embedded WebApplicationContext
2025-12-02 15:04:48 [main] INFO  c.b.d.d.DynamicRoutingDataSource - dynamic-datasource detect P6SPY plugin and enabled it
2025-12-02 15:04:48 [main] INFO  com.zaxxer.hikari.HikariDataSource - master - Starting...
2025-12-02 15:04:49 [main] INFO  com.zaxxer.hikari.pool.HikariPool - master - Added connection com.mysql.cj.jdbc.ConnectionImpl@63ccb1b2
2025-12-02 15:04:49 [main] INFO  com.zaxxer.hikari.HikariDataSource - master - Start completed.
2025-12-02 15:04:49 [main] INFO  c.b.d.d.DynamicRoutingDataSource - dynamic-datasource - add a datasource named [master] success
2025-12-02 15:04:49 [main] INFO  c.b.d.d.DynamicRoutingDataSource - dynamic-datasource initial loaded [1] datasource,primary datasource named [master]
2025-12-02 15:04:57 [main] INFO  c.r.common.redis.config.RedisConfig - 初始化 redis 配置
2025-12-02 15:04:57 [main] INFO  org.redisson.Version - Redisson 3.29.0
2025-12-02 15:04:57 [redisson-netty-1-4] INFO  o.r.connection.ConnectionsHolder - 1 connections initialized for 127.0.0.1/127.0.0.1:6379
2025-12-02 15:04:57 [redisson-netty-1-3] INFO  o.r.connection.ConnectionsHolder - 8 connections initialized for 127.0.0.1/127.0.0.1:6379
2025-12-02 15:05:00 [main] INFO  c.r.common.json.config.JacksonConfig - 初始化 jackson 配置
2025-12-02 15:05:04 [main] INFO  io.undertow - starting server: Undertow - 2.3.13.Final
2025-12-02 15:05:04 [main] INFO  org.xnio - XNIO version 3.8.8.Final
2025-12-02 15:05:04 [main] INFO  org.xnio.nio - XNIO NIO Implementation Version 3.8.8.Final
2025-12-02 15:05:04 [main] INFO  org.jboss.threads - JBoss Threads version 3.5.0.Final
2025-12-02 15:05:04 [main] INFO  com.ruoyi.RuoYiApplication - Started RuoYiApplication in 25.234 seconds (process running for 26.438)
2025-12-02 15:05:05 [main] INFO  p6spy - 2025-12-02 15:05:05|19|statement|connection 0|url jdbc:mysql://127.0.0.1:3306/ccc?useUnicode=true&characterEncoding=utf8&zeroDateTimeBehavior=convertToNull&useSSL=true&serverTimezone=GMT%2B8&autoReconnect=true&rewriteBatchedStatements=true|SELECT  oss_config_id,config_key,access_key,secret_key,bucket_name,prefix,endpoint,domain,is_https,region,status,ext1,remark,access_policy,create_by,create_time,update_by,update_time  FROM sys_oss_config|SELECT  oss_config_id,config_key,access_key,secret_key,bucket_name,prefix,endpoint,domain,is_https,region,status,ext1,remark,access_policy,create_by,create_time,update_by,update_time  FROM sys_oss_config
2025-12-02 15:05:05 [main] INFO  c.r.s.runner.SystemApplicationRunner - 初始化OSS配置成功
2025-12-02 15:05:05 [main] INFO  p6spy - 2025-12-02 15:05:05|4|statement|connection 1|url jdbc:mysql://127.0.0.1:3306/ccc?useUnicode=true&characterEncoding=utf8&zeroDateTimeBehavior=convertToNull&useSSL=true&serverTimezone=GMT%2B8&autoReconnect=true&rewriteBatchedStatements=true|SELECT  config_id,config_name,config_key,config_value,config_type,remark,create_by,create_time,update_by,update_time  FROM sys_config           ORDER BY config_id ASC|SELECT  config_id,config_name,config_key,config_value,config_type,remark,create_by,create_time,update_by,update_time  FROM sys_config           ORDER BY config_id ASC
2025-12-02 15:05:05 [main] INFO  c.r.s.runner.SystemApplicationRunner - 加载参数缓存数据成功
2025-12-02 15:05:05 [main] INFO  p6spy - 2025-12-02 15:05:05|17|statement|connection 2|url jdbc:mysql://127.0.0.1:3306/ccc?useUnicode=true&characterEncoding=utf8&zeroDateTimeBehavior=convertToNull&useSSL=true&serverTimezone=GMT%2B8&autoReconnect=true&rewriteBatchedStatements=true|SELECT  dict_code,dict_sort,dict_label,dict_value,dict_type,css_class,list_class,is_default,status,remark,create_by,create_time,update_by,update_time  FROM sys_dict_data      WHERE  (status = ?)|SELECT  dict_code,dict_sort,dict_label,dict_value,dict_type,css_class,list_class,is_default,status,remark,create_by,create_time,update_by,update_time  FROM sys_dict_data      WHERE  (status = '1')
2025-12-02 15:05:05 [main] INFO  c.r.s.runner.SystemApplicationRunner - 加载字典缓存数据成功
2025-12-02 15:24:48 [SpringApplicationShutdownHook] INFO  io.undertow - stopping server: Undertow - 2.3.13.Final
2025-12-02 15:24:49 [SpringApplicationShutdownHook] INFO  c.r.c.core.config.ThreadPoolConfig - ====关闭后台任务任务线程池====
2025-12-02 15:24:49 [SpringApplicationShutdownHook] INFO  c.b.d.d.DynamicRoutingDataSource - dynamic-datasource start closing ....
2025-12-02 15:24:49 [SpringApplicationShutdownHook] INFO  com.zaxxer.hikari.HikariDataSource - master - Shutdown initiated...
2025-12-02 15:24:49 [SpringApplicationShutdownHook] INFO  com.zaxxer.hikari.HikariDataSource - master - Shutdown completed.
2025-12-02 15:24:49 [SpringApplicationShutdownHook] INFO  c.b.d.d.d.DefaultDataSourceDestroyer - dynamic-datasource close the datasource named [master] success,
2025-12-02 15:24:49 [SpringApplicationShutdownHook] INFO  c.b.d.d.DynamicRoutingDataSource - dynamic-datasource all closed success,bye
2025-12-02 15:25:37 [background-preinit] INFO  o.h.validator.internal.util.Version - HV000001: Hibernate Validator 8.0.1.Final
2025-12-02 15:25:37 [main] INFO  com.ruoyi.RuoYiApplication - Starting RuoYiApplication using Java 17.0.12 with PID 20992 (C:\Users\86191\Desktop\dxm-houduan\ruoyi-admin-wms\target\classes started by 86191 in C:\Users\86191\Desktop\dxm-houduan)
2025-12-02 15:25:37 [main] INFO  com.ruoyi.RuoYiApplication - The following 1 profile is active: "dev"
2025-12-02 15:25:42 [background-preinit] INFO  o.h.validator.internal.util.Version - HV000001: Hibernate Validator 8.0.1.Final
2025-12-02 15:25:42 [main] INFO  com.ruoyi.RuoYiApplication - Starting RuoYiApplication using Java 17.0.12 with PID 35376 (C:\Users\86191\Desktop\dxm-houduan\ruoyi-admin-wms\target\classes started by 86191 in C:\Users\86191\Desktop\dxm-houduan)
2025-12-02 15:25:42 [main] INFO  com.ruoyi.RuoYiApplication - The following 1 profile is active: "dev"
2025-12-02 15:25:46 [main] WARN  o.m.s.mapper.ClassPathMapperScanner - No MyBatis mapper was found in '[com.ruoyi]' package. Please check your configuration.
2025-12-02 15:25:49 [background-preinit] INFO  o.h.validator.internal.util.Version - HV000001: Hibernate Validator 8.0.1.Final
2025-12-02 15:25:50 [main] INFO  com.ruoyi.RuoYiApplication - Starting RuoYiApplication using Java 17.0.12 with PID 60072 (C:\Users\86191\Desktop\dxm-houduan\ruoyi-admin-wms\target\classes started by 86191 in C:\Users\86191\Desktop\dxm-houduan)
2025-12-02 15:25:50 [main] INFO  com.ruoyi.RuoYiApplication - The following 1 profile is active: "dev"
2025-12-02 15:25:50 [main] WARN  o.s.c.s.PostProcessorRegistrationDelegate$BeanPostProcessorChecker - Bean 'com.baomidou.dynamic.datasource.spring.boot.autoconfigure.DynamicDataSourceAopConfiguration' of type [com.baomidou.dynamic.datasource.spring.boot.autoconfigure.DynamicDataSourceAopConfiguration] is not eligible for getting processed by all BeanPostProcessors (for example: not eligible for auto-proxying). Is this bean getting eagerly injected into a currently created BeanPostProcessor [healthEndpointGroupsBeanPostProcessor]? Check the corresponding BeanPostProcessor declaration and its dependencies.
2025-12-02 15:25:52 [main] WARN  o.m.s.mapper.ClassPathMapperScanner - No MyBatis mapper was found in '[com.ruoyi]' package. Please check your configuration.
2025-12-02 15:25:53 [main] INFO  io.undertow.servlet - Initializing Spring embedded WebApplicationContext
2025-12-02 15:25:55 [main] INFO  c.b.d.d.DynamicRoutingDataSource - dynamic-datasource detect P6SPY plugin and enabled it
2025-12-02 15:25:55 [main] INFO  com.zaxxer.hikari.HikariDataSource - master - Starting...
2025-12-02 15:25:56 [main] WARN  o.s.c.s.PostProcessorRegistrationDelegate$BeanPostProcessorChecker - Bean 'com.baomidou.dynamic.datasource.spring.boot.autoconfigure.DynamicDataSourceAopConfiguration' of type [com.baomidou.dynamic.datasource.spring.boot.autoconfigure.DynamicDataSourceAopConfiguration] is not eligible for getting processed by all BeanPostProcessors (for example: not eligible for auto-proxying). Is this bean getting eagerly injected into a currently created BeanPostProcessor [healthEndpointGroupsBeanPostProcessor]? Check the corresponding BeanPostProcessor declaration and its dependencies.
2025-12-02 15:25:57 [main] INFO  com.zaxxer.hikari.pool.HikariPool - master - Added connection com.mysql.cj.jdbc.ConnectionImpl@3e3bf77b
2025-12-02 15:25:57 [main] INFO  com.zaxxer.hikari.HikariDataSource - master - Start completed.
2025-12-02 15:25:57 [main] INFO  c.b.d.d.DynamicRoutingDataSource - dynamic-datasource - add a datasource named [master] success
2025-12-02 15:25:57 [main] INFO  c.b.d.d.DynamicRoutingDataSource - dynamic-datasource initial loaded [1] datasource,primary datasource named [master]
2025-12-02 15:25:59 [main] INFO  io.undertow.servlet - Initializing Spring embedded WebApplicationContext
2025-12-02 15:26:01 [main] INFO  c.b.d.d.DynamicRoutingDataSource - dynamic-datasource detect P6SPY plugin and enabled it
2025-12-02 15:26:01 [main] INFO  com.zaxxer.hikari.HikariDataSource - master - Starting...
2025-12-02 15:26:02 [main] INFO  com.zaxxer.hikari.pool.HikariPool - master - Added connection com.mysql.cj.jdbc.ConnectionImpl@41e76252
2025-12-02 15:26:02 [main] INFO  com.zaxxer.hikari.HikariDataSource - master - Start completed.
2025-12-02 15:26:02 [main] INFO  c.b.d.d.DynamicRoutingDataSource - dynamic-datasource - add a datasource named [master] success
2025-12-02 15:26:02 [main] INFO  c.b.d.d.DynamicRoutingDataSource - dynamic-datasource initial loaded [1] datasource,primary datasource named [master]
2025-12-02 15:26:03 [main] WARN  o.m.s.mapper.ClassPathMapperScanner - No MyBatis mapper was found in '[com.ruoyi]' package. Please check your configuration.
2025-12-02 15:26:08 [main] WARN  o.s.c.s.PostProcessorRegistrationDelegate$BeanPostProcessorChecker - Bean 'com.baomidou.dynamic.datasource.spring.boot.autoconfigure.DynamicDataSourceAopConfiguration' of type [com.baomidou.dynamic.datasource.spring.boot.autoconfigure.DynamicDataSourceAopConfiguration] is not eligible for getting processed by all BeanPostProcessors (for example: not eligible for auto-proxying). Is this bean getting eagerly injected into a currently created BeanPostProcessor [healthEndpointGroupsBeanPostProcessor]? Check the corresponding BeanPostProcessor declaration and its dependencies.
2025-12-02 15:26:13 [main] INFO  c.r.common.redis.config.RedisConfig - 初始化 redis 配置
2025-12-02 15:26:13 [main] INFO  org.redisson.Version - Redisson 3.29.0
2025-12-02 15:26:17 [redisson-netty-1-4] INFO  o.r.connection.ConnectionsHolder - 1 connections initialized for 127.0.0.1/127.0.0.1:6379
2025-12-02 15:26:17 [redisson-netty-1-3] INFO  o.r.connection.ConnectionsHolder - 8 connections initialized for 127.0.0.1/127.0.0.1:6379
2025-12-02 15:26:17 [main] INFO  io.undertow.servlet - Initializing Spring embedded WebApplicationContext
2025-12-02 15:26:24 [main] INFO  c.b.d.d.DynamicRoutingDataSource - dynamic-datasource detect P6SPY plugin and enabled it
2025-12-02 15:26:24 [main] INFO  com.zaxxer.hikari.HikariDataSource - master - Starting...
2025-12-02 15:26:26 [main] INFO  com.zaxxer.hikari.pool.HikariPool - master - Added connection com.mysql.cj.jdbc.ConnectionImpl@2a7b5925
2025-12-02 15:26:26 [main] INFO  com.zaxxer.hikari.HikariDataSource - master - Start completed.
2025-12-02 15:26:26 [main] INFO  c.b.d.d.DynamicRoutingDataSource - dynamic-datasource - add a datasource named [master] success
2025-12-02 15:26:26 [main] INFO  c.b.d.d.DynamicRoutingDataSource - dynamic-datasource initial loaded [1] datasource,primary datasource named [master]
2025-12-02 15:26:26 [main] INFO  c.r.common.redis.config.RedisConfig - 初始化 redis 配置
2025-12-02 15:26:27 [main] INFO  org.redisson.Version - Redisson 3.29.0
2025-12-02 15:26:28 [main] INFO  c.r.common.json.config.JacksonConfig - 初始化 jackson 配置
2025-12-02 15:26:29 [redisson-netty-1-5] INFO  o.r.connection.ConnectionsHolder - 1 connections initialized for 127.0.0.1/127.0.0.1:6379
2025-12-02 15:26:29 [redisson-netty-1-3] INFO  o.r.connection.ConnectionsHolder - 8 connections initialized for 127.0.0.1/127.0.0.1:6379
2025-12-02 15:26:37 [main] INFO  c.r.common.json.config.JacksonConfig - 初始化 jackson 配置
2025-12-02 15:26:41 [main] INFO  io.undertow - starting server: Undertow - 2.3.13.Final
2025-12-02 15:26:41 [main] INFO  org.xnio - XNIO version 3.8.8.Final
2025-12-02 15:26:41 [main] INFO  org.xnio.nio - XNIO NIO Implementation Version 3.8.8.Final
2025-12-02 15:26:42 [main] INFO  org.jboss.threads - JBoss Threads version 3.5.0.Final
2025-12-02 15:26:43 [main] INFO  com.ruoyi.RuoYiApplication - Started RuoYiApplication in 67.752 seconds (process running for 70.122)
2025-12-02 15:26:44 [main] INFO  p6spy - 2025-12-02 15:26:44|91|statement|connection 0|url jdbc:mysql://127.0.0.1:3306/ccc?useUnicode=true&characterEncoding=utf8&zeroDateTimeBehavior=convertToNull&useSSL=true&serverTimezone=GMT%2B8&autoReconnect=true&rewriteBatchedStatements=true|SELECT  oss_config_id,config_key,access_key,secret_key,bucket_name,prefix,endpoint,domain,is_https,region,status,ext1,remark,access_policy,create_by,create_time,update_by,update_time  FROM sys_oss_config|SELECT  oss_config_id,config_key,access_key,secret_key,bucket_name,prefix,endpoint,domain,is_https,region,status,ext1,remark,access_policy,create_by,create_time,update_by,update_time  FROM sys_oss_config
2025-12-02 15:26:44 [main] INFO  c.r.s.runner.SystemApplicationRunner - 初始化OSS配置成功
2025-12-02 15:26:44 [main] INFO  p6spy - 2025-12-02 15:26:44|5|statement|connection 1|url jdbc:mysql://127.0.0.1:3306/ccc?useUnicode=true&characterEncoding=utf8&zeroDateTimeBehavior=convertToNull&useSSL=true&serverTimezone=GMT%2B8&autoReconnect=true&rewriteBatchedStatements=true|SELECT  config_id,config_name,config_key,config_value,config_type,remark,create_by,create_time,update_by,update_time  FROM sys_config           ORDER BY config_id ASC|SELECT  config_id,config_name,config_key,config_value,config_type,remark,create_by,create_time,update_by,update_time  FROM sys_config           ORDER BY config_id ASC
2025-12-02 15:26:44 [main] INFO  c.r.s.runner.SystemApplicationRunner - 加载参数缓存数据成功
2025-12-02 15:26:44 [main] INFO  p6spy - 2025-12-02 15:26:44|12|statement|connection 2|url jdbc:mysql://127.0.0.1:3306/ccc?useUnicode=true&characterEncoding=utf8&zeroDateTimeBehavior=convertToNull&useSSL=true&serverTimezone=GMT%2B8&autoReconnect=true&rewriteBatchedStatements=true|SELECT  dict_code,dict_sort,dict_label,dict_value,dict_type,css_class,list_class,is_default,status,remark,create_by,create_time,update_by,update_time  FROM sys_dict_data      WHERE  (status = ?)|SELECT  dict_code,dict_sort,dict_label,dict_value,dict_type,css_class,list_class,is_default,status,remark,create_by,create_time,update_by,update_time  FROM sys_dict_data      WHERE  (status = '1')
2025-12-02 15:26:45 [main] INFO  c.r.s.runner.SystemApplicationRunner - 加载字典缓存数据成功
2025-12-02 15:26:46 [main] INFO  c.r.common.redis.config.RedisConfig - 初始化 redis 配置
2025-12-02 15:26:46 [main] INFO  org.redisson.Version - Redisson 3.29.0
2025-12-02 15:26:47 [main] INFO  io.undertow - starting server: Undertow - 2.3.13.Final
2025-12-02 15:26:48 [main] INFO  org.xnio - XNIO version 3.8.8.Final
2025-12-02 15:26:48 [redisson-netty-1-4] INFO  o.r.connection.ConnectionsHolder - 1 connections initialized for 127.0.0.1/127.0.0.1:6379
2025-12-02 15:26:48 [main] INFO  org.xnio.nio - XNIO NIO Implementation Version 3.8.8.Final
2025-12-02 15:26:48 [redisson-netty-1-3] INFO  o.r.connection.ConnectionsHolder - 8 connections initialized for 127.0.0.1/127.0.0.1:6379
2025-12-02 15:26:49 [main] INFO  org.jboss.threads - JBoss Threads version 3.5.0.Final
2025-12-02 15:26:49 [main] INFO  io.undertow - stopping server: Undertow - 2.3.13.Final
2025-12-02 15:26:49 [main] WARN  o.s.b.w.s.c.AnnotationConfigServletWebServerApplicationContext - Exception encountered during context initialization - cancelling refresh attempt: org.springframework.context.ApplicationContextException: Failed to start bean 'webServerStartStop'
2025-12-02 15:26:49 [main] INFO  c.r.c.core.config.ThreadPoolConfig - ====关闭后台任务任务线程池====
2025-12-02 15:26:49 [main] INFO  c.b.d.d.DynamicRoutingDataSource - dynamic-datasource start closing ....
2025-12-02 15:26:49 [main] INFO  com.zaxxer.hikari.HikariDataSource - master - Shutdown initiated...
2025-12-02 15:26:49 [main] INFO  com.zaxxer.hikari.HikariDataSource - master - Shutdown completed.
2025-12-02 15:26:49 [main] INFO  c.b.d.d.d.DefaultDataSourceDestroyer - dynamic-datasource close the datasource named [master] success,
2025-12-02 15:26:49 [main] INFO  c.b.d.d.DynamicRoutingDataSource - dynamic-datasource all closed success,bye
2025-12-02 15:26:49 [main] ERROR o.s.b.d.LoggingFailureAnalysisReporter - 

***************************
APPLICATION FAILED TO START
***************************

Description:

Web server failed to start. Port 8080 was already in use.

Action:

Identify and stop the process that's listening on port 8080 or configure this application to listen on another port.

2025-12-02 15:26:53 [main] INFO  c.r.common.json.config.JacksonConfig - 初始化 jackson 配置
2025-12-02 15:27:01 [main] INFO  io.undertow - starting server: Undertow - 2.3.13.Final
2025-12-02 15:27:01 [main] INFO  org.xnio - XNIO version 3.8.8.Final
2025-12-02 15:27:01 [main] INFO  org.xnio.nio - XNIO NIO Implementation Version 3.8.8.Final
2025-12-02 15:27:01 [main] INFO  org.jboss.threads - JBoss Threads version 3.5.0.Final
2025-12-02 15:27:01 [main] INFO  io.undertow - stopping server: Undertow - 2.3.13.Final
2025-12-02 15:27:01 [main] WARN  o.s.b.w.s.c.AnnotationConfigServletWebServerApplicationContext - Exception encountered during context initialization - cancelling refresh attempt: org.springframework.context.ApplicationContextException: Failed to start bean 'webServerStartStop'
2025-12-02 15:27:01 [main] INFO  c.r.c.core.config.ThreadPoolConfig - ====关闭后台任务任务线程池====
2025-12-02 15:27:01 [main] INFO  c.b.d.d.DynamicRoutingDataSource - dynamic-datasource start closing ....
2025-12-02 15:27:02 [main] INFO  com.zaxxer.hikari.HikariDataSource - master - Shutdown initiated...
2025-12-02 15:27:02 [main] INFO  com.zaxxer.hikari.HikariDataSource - master - Shutdown completed.
2025-12-02 15:27:02 [main] INFO  c.b.d.d.d.DefaultDataSourceDestroyer - dynamic-datasource close the datasource named [master] success,
2025-12-02 15:27:02 [main] INFO  c.b.d.d.DynamicRoutingDataSource - dynamic-datasource all closed success,bye
2025-12-02 15:27:02 [main] ERROR o.s.b.d.LoggingFailureAnalysisReporter - 

***************************
APPLICATION FAILED TO START
***************************

Description:

Web server failed to start. Port 8080 was already in use.

Action:

Identify and stop the process that's listening on port 8080 or configure this application to listen on another port.

2025-12-02 15:30:49 [SpringApplicationShutdownHook] INFO  io.undertow - stopping server: Undertow - 2.3.13.Final
2025-12-02 15:30:49 [SpringApplicationShutdownHook] INFO  c.r.c.core.config.ThreadPoolConfig - ====关闭后台任务任务线程池====
2025-12-02 15:30:49 [SpringApplicationShutdownHook] INFO  c.b.d.d.DynamicRoutingDataSource - dynamic-datasource start closing ....
2025-12-02 15:30:49 [SpringApplicationShutdownHook] INFO  com.zaxxer.hikari.HikariDataSource - master - Shutdown initiated...
2025-12-02 15:30:49 [SpringApplicationShutdownHook] INFO  com.zaxxer.hikari.HikariDataSource - master - Shutdown completed.
2025-12-02 15:30:49 [SpringApplicationShutdownHook] INFO  c.b.d.d.d.DefaultDataSourceDestroyer - dynamic-datasource close the datasource named [master] success,
2025-12-02 15:30:49 [SpringApplicationShutdownHook] INFO  c.b.d.d.DynamicRoutingDataSource - dynamic-datasource all closed success,bye
2025-12-02 16:05:50 [background-preinit] INFO  o.h.validator.internal.util.Version - HV000001: Hibernate Validator 8.0.1.Final
2025-12-02 16:05:50 [main] INFO  com.ruoyi.RuoYiApplication - Starting RuoYiApplication using Java 17.0.12 with PID 62128 (C:\Users\86191\Desktop\dxm-houduan\ruoyi-admin-wms\target\classes started by 86191 in C:\Users\86191\Desktop\dxm-houduan)
2025-12-02 16:05:50 [main] INFO  com.ruoyi.RuoYiApplication - The following 1 profile is active: "dev"
2025-12-02 16:06:04 [main] WARN  o.m.s.mapper.ClassPathMapperScanner - No MyBatis mapper was found in '[com.ruoyi]' package. Please check your configuration.
2025-12-02 16:06:09 [main] WARN  o.s.c.s.PostProcessorRegistrationDelegate$BeanPostProcessorChecker - Bean 'com.baomidou.dynamic.datasource.spring.boot.autoconfigure.DynamicDataSourceAopConfiguration' of type [com.baomidou.dynamic.datasource.spring.boot.autoconfigure.DynamicDataSourceAopConfiguration] is not eligible for getting processed by all BeanPostProcessors (for example: not eligible for auto-proxying). Is this bean getting eagerly injected into a currently created BeanPostProcessor [healthEndpointGroupsBeanPostProcessor]? Check the corresponding BeanPostProcessor declaration and its dependencies.
2025-12-02 16:06:16 [main] INFO  io.undertow.servlet - Initializing Spring embedded WebApplicationContext
2025-12-02 16:06:19 [main] WARN  o.s.b.w.s.c.AnnotationConfigServletWebServerApplicationContext - Exception encountered during context initialization - cancelling refresh attempt: org.springframework.beans.factory.BeanCreationException: Error creating bean with name 'areaController': Lookup method resolution failed
2025-12-02 16:06:19 [main] ERROR o.s.boot.SpringApplication - Application run failed
org.springframework.beans.factory.BeanCreationException: Error creating bean with name 'areaController': Lookup method resolution failed
	at org.springframework.beans.factory.annotation.AutowiredAnnotationBeanPostProcessor.checkLookupMethods(AutowiredAnnotationBeanPostProcessor.java:497)
	at org.springframework.beans.factory.annotation.AutowiredAnnotationBeanPostProcessor.determineCandidateConstructors(AutowiredAnnotationBeanPostProcessor.java:367)
	at org.springframework.beans.factory.support.AbstractAutowireCapableBeanFactory.determineConstructorsFromBeanPostProcessors(AbstractAutowireCapableBeanFactory.java:1296)
	at org.springframework.beans.factory.support.AbstractAutowireCapableBeanFactory.createBeanInstance(AbstractAutowireCapableBeanFactory.java:1191)
	at org.springframework.beans.factory.support.AbstractAutowireCapableBeanFactory.doCreateBean(AbstractAutowireCapableBeanFactory.java:562)
	at org.springframework.beans.factory.support.AbstractAutowireCapableBeanFactory.createBean(AbstractAutowireCapableBeanFactory.java:522)
	at org.springframework.beans.factory.support.AbstractBeanFactory.lambda$doGetBean$0(AbstractBeanFactory.java:337)
	at org.springframework.beans.factory.support.DefaultSingletonBeanRegistry.getSingleton(DefaultSingletonBeanRegistry.java:234)
	at org.springframework.beans.factory.support.AbstractBeanFactory.doGetBean(AbstractBeanFactory.java:335)
	at org.springframework.beans.factory.support.AbstractBeanFactory.getBean(AbstractBeanFactory.java:200)
	at org.springframework.beans.factory.support.DefaultListableBeanFactory.preInstantiateSingletons(DefaultListableBeanFactory.java:975)
	at org.springframework.context.support.AbstractApplicationContext.finishBeanFactoryInitialization(AbstractApplicationContext.java:962)
	at org.springframework.context.support.AbstractApplicationContext.refresh(AbstractApplicationContext.java:624)
	at org.springframework.boot.web.servlet.context.ServletWebServerApplicationContext.refresh(ServletWebServerApplicationContext.java:146)
	at org.springframework.boot.SpringApplication.refresh(SpringApplication.java:754)
	at org.springframework.boot.SpringApplication.refreshContext(SpringApplication.java:456)
	at org.springframework.boot.SpringApplication.run(SpringApplication.java:335)
	at com.ruoyi.RuoYiApplication.main(RuoYiApplication.java:20)
Caused by: java.lang.IllegalStateException: Failed to introspect Class [com.ruoyi.wms.controller.AreaController] from ClassLoader [jdk.internal.loader.ClassLoaders$AppClassLoader@63947c6b]
	at org.springframework.util.ReflectionUtils.getDeclaredMethods(ReflectionUtils.java:483)
	at org.springframework.util.ReflectionUtils.doWithLocalMethods(ReflectionUtils.java:320)
	at org.springframework.beans.factory.annotation.AutowiredAnnotationBeanPostProcessor.checkLookupMethods(AutowiredAnnotationBeanPostProcessor.java:475)
	... 17 common frames omitted
Caused by: java.lang.NoClassDefFoundError: com/ruoyi/wms/domain/bo/AreaBo
	at java.base/java.lang.Class.getDeclaredMethods0(Native Method)
	at java.base/java.lang.Class.privateGetDeclaredMethods(Class.java:3402)
	at java.base/java.lang.Class.getDeclaredMethods(Class.java:2504)
	at org.springframework.util.ReflectionUtils.getDeclaredMethods(ReflectionUtils.java:465)
	... 19 common frames omitted
Caused by: java.lang.ClassNotFoundException: com.ruoyi.wms.domain.bo.AreaBo
	at java.base/jdk.internal.loader.BuiltinClassLoader.loadClass(BuiltinClassLoader.java:641)
	at java.base/jdk.internal.loader.ClassLoaders$AppClassLoader.loadClass(ClassLoaders.java:188)
	at java.base/java.lang.ClassLoader.loadClass(ClassLoader.java:525)
	... 23 common frames omitted
2025-12-02 16:10:33 [background-preinit] INFO  o.h.validator.internal.util.Version - HV000001: Hibernate Validator 8.0.1.Final
2025-12-02 16:10:33 [main] INFO  com.ruoyi.RuoYiApplication - Starting RuoYiApplication using Java 17.0.12 with PID 40976 (C:\Users\86191\Desktop\dxm-houduan\ruoyi-admin-wms\target\classes started by 86191 in C:\Users\86191\Desktop\dxm-houduan)
2025-12-02 16:10:33 [main] INFO  com.ruoyi.RuoYiApplication - The following 1 profile is active: "dev"
2025-12-02 16:10:34 [main] WARN  o.s.b.w.s.c.AnnotationConfigServletWebServerApplicationContext - Exception encountered during context initialization - cancelling refresh attempt: org.springframework.beans.factory.BeanDefinitionStoreException: I/O failure while processing configuration class [com.ruoyi.system.service.SysConfigService]
2025-12-02 16:10:35 [main] ERROR o.s.boot.SpringApplication - Application run failed
org.springframework.beans.factory.BeanDefinitionStoreException: I/O failure while processing configuration class [com.ruoyi.system.service.SysConfigService]
	at org.springframework.context.annotation.ConfigurationClassParser.processConfigurationClass(ConfigurationClassParser.java:251)
	at org.springframework.context.annotation.ConfigurationClassParser.parse(ConfigurationClassParser.java:189)
	at org.springframework.context.annotation.ConfigurationClassParser.doProcessConfigurationClass(ConfigurationClassParser.java:314)
	at org.springframework.context.annotation.ConfigurationClassParser.processConfigurationClass(ConfigurationClassParser.java:246)
	at org.springframework.context.annotation.ConfigurationClassParser.parse(ConfigurationClassParser.java:197)
	at org.springframework.context.annotation.ConfigurationClassParser.parse(ConfigurationClassParser.java:165)
	at org.springframework.context.annotation.ConfigurationClassPostProcessor.processConfigBeanDefinitions(ConfigurationClassPostProcessor.java:417)
	at org.springframework.context.annotation.ConfigurationClassPostProcessor.postProcessBeanDefinitionRegistry(ConfigurationClassPostProcessor.java:290)
	at org.springframework.context.support.PostProcessorRegistrationDelegate.invokeBeanDefinitionRegistryPostProcessors(PostProcessorRegistrationDelegate.java:349)
	at org.springframework.context.support.PostProcessorRegistrationDelegate.invokeBeanFactoryPostProcessors(PostProcessorRegistrationDelegate.java:118)
	at org.springframework.context.support.AbstractApplicationContext.invokeBeanFactoryPostProcessors(AbstractApplicationContext.java:788)
	at org.springframework.context.support.AbstractApplicationContext.refresh(AbstractApplicationContext.java:606)
	at org.springframework.boot.web.servlet.context.ServletWebServerApplicationContext.refresh(ServletWebServerApplicationContext.java:146)
	at org.springframework.boot.SpringApplication.refresh(SpringApplication.java:754)
	at org.springframework.boot.SpringApplication.refreshContext(SpringApplication.java:456)
	at org.springframework.boot.SpringApplication.run(SpringApplication.java:335)
	at com.ruoyi.RuoYiApplication.main(RuoYiApplication.java:20)
Caused by: java.io.FileNotFoundException: class path resource [com/ruoyi/common/core/service/ConfigService.class] cannot be opened because it does not exist
	at org.springframework.core.io.ClassPathResource.getInputStream(ClassPathResource.java:215)
	at org.springframework.core.type.classreading.SimpleMetadataReader.getClassReader(SimpleMetadataReader.java:54)
	at org.springframework.core.type.classreading.SimpleMetadataReader.<init>(SimpleMetadataReader.java:48)
	at org.springframework.core.type.classreading.SimpleMetadataReaderFactory.getMetadataReader(SimpleMetadataReaderFactory.java:103)
	at org.springframework.boot.type.classreading.ConcurrentReferenceCachingMetadataReaderFactory.createMetadataReader(ConcurrentReferenceCachingMetadataReaderFactory.java:86)
	at org.springframework.boot.type.classreading.ConcurrentReferenceCachingMetadataReaderFactory.getMetadataReader(ConcurrentReferenceCachingMetadataReaderFactory.java:73)
	at org.springframework.core.type.classreading.SimpleMetadataReaderFactory.getMetadataReader(SimpleMetadataReaderFactory.java:81)
	at org.springframework.context.annotation.ConfigurationClassParser.asSourceClass(ConfigurationClassParser.java:630)
	at org.springframework.context.annotation.ConfigurationClassParser$SourceClass.getInterfaces(ConfigurationClassParser.java:956)
	at org.springframework.context.annotation.ConfigurationClassParser.processInterfaces(ConfigurationClassParser.java:396)
	at org.springframework.context.annotation.ConfigurationClassParser.doProcessConfigurationClass(ConfigurationClassParser.java:342)
	at org.springframework.context.annotation.ConfigurationClassParser.processConfigurationClass(ConfigurationClassParser.java:246)
	... 16 common frames omitted
2025-12-02 16:16:01 [background-preinit] INFO  o.h.validator.internal.util.Version - HV000001: Hibernate Validator 8.0.1.Final
2025-12-02 16:16:01 [main] INFO  com.ruoyi.RuoYiApplication - Starting RuoYiApplication using Java 17.0.12 with PID 61688 (C:\Users\86191\Desktop\dxm-houduan\ruoyi-admin-wms\target\classes started by 86191 in C:\Users\86191\Desktop\dxm-houduan)
2025-12-02 16:16:01 [main] INFO  com.ruoyi.RuoYiApplication - The following 1 profile is active: "dev"
2025-12-02 16:16:08 [main] WARN  o.m.s.mapper.ClassPathMapperScanner - No MyBatis mapper was found in '[com.ruoyi]' package. Please check your configuration.
2025-12-02 16:16:10 [main] WARN  o.s.c.s.PostProcessorRegistrationDelegate$BeanPostProcessorChecker - Bean 'com.baomidou.dynamic.datasource.spring.boot.autoconfigure.DynamicDataSourceAopConfiguration' of type [com.baomidou.dynamic.datasource.spring.boot.autoconfigure.DynamicDataSourceAopConfiguration] is not eligible for getting processed by all BeanPostProcessors (for example: not eligible for auto-proxying). Is this bean getting eagerly injected into a currently created BeanPostProcessor [healthEndpointGroupsBeanPostProcessor]? Check the corresponding BeanPostProcessor declaration and its dependencies.
2025-12-02 16:16:12 [main] INFO  io.undertow.servlet - Initializing Spring embedded WebApplicationContext
2025-12-02 16:16:13 [main] WARN  o.s.b.w.s.c.AnnotationConfigServletWebServerApplicationContext - Exception encountered during context initialization - cancelling refresh attempt: org.springframework.beans.factory.UnsatisfiedDependencyException: Error creating bean with name 'areaController' defined in file [C:\Users\86191\Desktop\dxm-houduan\ruoyi-admin-wms\target\classes\com\ruoyi\wms\controller\AreaController.class]: Unsatisfied dependency expressed through constructor parameter 0: Error creating bean with name 'areaService': Lookup method resolution failed
2025-12-02 16:16:13 [main] ERROR o.s.boot.SpringApplication - Application run failed
org.springframework.beans.factory.UnsatisfiedDependencyException: Error creating bean with name 'areaController' defined in file [C:\Users\86191\Desktop\dxm-houduan\ruoyi-admin-wms\target\classes\com\ruoyi\wms\controller\AreaController.class]: Unsatisfied dependency expressed through constructor parameter 0: Error creating bean with name 'areaService': Lookup method resolution failed
	at org.springframework.beans.factory.support.ConstructorResolver.createArgumentArray(ConstructorResolver.java:795)
	at org.springframework.beans.factory.support.ConstructorResolver.autowireConstructor(ConstructorResolver.java:237)
	at org.springframework.beans.factory.support.AbstractAutowireCapableBeanFactory.autowireConstructor(AbstractAutowireCapableBeanFactory.java:1357)
	at org.springframework.beans.factory.support.AbstractAutowireCapableBeanFactory.createBeanInstance(AbstractAutowireCapableBeanFactory.java:1194)
	at org.springframework.beans.factory.support.AbstractAutowireCapableBeanFactory.doCreateBean(AbstractAutowireCapableBeanFactory.java:562)
	at org.springframework.beans.factory.support.AbstractAutowireCapableBeanFactory.createBean(AbstractAutowireCapableBeanFactory.java:522)
	at org.springframework.beans.factory.support.AbstractBeanFactory.lambda$doGetBean$0(AbstractBeanFactory.java:337)
	at org.springframework.beans.factory.support.DefaultSingletonBeanRegistry.getSingleton(DefaultSingletonBeanRegistry.java:234)
	at org.springframework.beans.factory.support.AbstractBeanFactory.doGetBean(AbstractBeanFactory.java:335)
	at org.springframework.beans.factory.support.AbstractBeanFactory.getBean(AbstractBeanFactory.java:200)
	at org.springframework.beans.factory.support.DefaultListableBeanFactory.preInstantiateSingletons(DefaultListableBeanFactory.java:975)
	at org.springframework.context.support.AbstractApplicationContext.finishBeanFactoryInitialization(AbstractApplicationContext.java:962)
	at org.springframework.context.support.AbstractApplicationContext.refresh(AbstractApplicationContext.java:624)
	at org.springframework.boot.web.servlet.context.ServletWebServerApplicationContext.refresh(ServletWebServerApplicationContext.java:146)
	at org.springframework.boot.SpringApplication.refresh(SpringApplication.java:754)
	at org.springframework.boot.SpringApplication.refreshContext(SpringApplication.java:456)
	at org.springframework.boot.SpringApplication.run(SpringApplication.java:335)
	at com.ruoyi.RuoYiApplication.main(RuoYiApplication.java:20)
Caused by: org.springframework.beans.factory.BeanCreationException: Error creating bean with name 'areaService': Lookup method resolution failed
	at org.springframework.beans.factory.annotation.AutowiredAnnotationBeanPostProcessor.checkLookupMethods(AutowiredAnnotationBeanPostProcessor.java:497)
	at org.springframework.beans.factory.annotation.AutowiredAnnotationBeanPostProcessor.determineCandidateConstructors(AutowiredAnnotationBeanPostProcessor.java:367)
	at org.springframework.beans.factory.support.AbstractAutowireCapableBeanFactory.determineConstructorsFromBeanPostProcessors(AbstractAutowireCapableBeanFactory.java:1296)
	at org.springframework.beans.factory.support.AbstractAutowireCapableBeanFactory.createBeanInstance(AbstractAutowireCapableBeanFactory.java:1191)
	at org.springframework.beans.factory.support.AbstractAutowireCapableBeanFactory.doCreateBean(AbstractAutowireCapableBeanFactory.java:562)
	at org.springframework.beans.factory.support.AbstractAutowireCapableBeanFactory.createBean(AbstractAutowireCapableBeanFactory.java:522)
	at org.springframework.beans.factory.support.AbstractBeanFactory.lambda$doGetBean$0(AbstractBeanFactory.java:337)
	at org.springframework.beans.factory.support.DefaultSingletonBeanRegistry.getSingleton(DefaultSingletonBeanRegistry.java:234)
	at org.springframework.beans.factory.support.AbstractBeanFactory.doGetBean(AbstractBeanFactory.java:335)
	at org.springframework.beans.factory.support.AbstractBeanFactory.getBean(AbstractBeanFactory.java:200)
	at org.springframework.beans.factory.config.DependencyDescriptor.resolveCandidate(DependencyDescriptor.java:254)
	at org.springframework.beans.factory.support.DefaultListableBeanFactory.doResolveDependency(DefaultListableBeanFactory.java:1443)
	at org.springframework.beans.factory.support.DefaultListableBeanFactory.resolveDependency(DefaultListableBeanFactory.java:1353)
	at org.springframework.beans.factory.support.ConstructorResolver.resolveAutowiredArgument(ConstructorResolver.java:904)
	at org.springframework.beans.factory.support.ConstructorResolver.createArgumentArray(ConstructorResolver.java:782)
	... 17 common frames omitted
Caused by: java.lang.IllegalStateException: Failed to introspect Class [com.ruoyi.wms.service.AreaService] from ClassLoader [jdk.internal.loader.ClassLoaders$AppClassLoader@63947c6b]
	at org.springframework.util.ReflectionUtils.getDeclaredMethods(ReflectionUtils.java:483)
	at org.springframework.util.ReflectionUtils.doWithLocalMethods(ReflectionUtils.java:320)
	at org.springframework.beans.factory.annotation.AutowiredAnnotationBeanPostProcessor.checkLookupMethods(AutowiredAnnotationBeanPostProcessor.java:475)
	... 31 common frames omitted
Caused by: java.lang.NoClassDefFoundError: com/ruoyi/wms/domain/vo/AreaVo
	at java.base/java.lang.Class.getDeclaredMethods0(Native Method)
	at java.base/java.lang.Class.privateGetDeclaredMethods(Class.java:3402)
	at java.base/java.lang.Class.getDeclaredMethods(Class.java:2504)
	at org.springframework.util.ReflectionUtils.getDeclaredMethods(ReflectionUtils.java:465)
	... 33 common frames omitted
Caused by: java.lang.ClassNotFoundException: com.ruoyi.wms.domain.vo.AreaVo
	at java.base/jdk.internal.loader.BuiltinClassLoader.loadClass(BuiltinClassLoader.java:641)
	at java.base/jdk.internal.loader.ClassLoaders$AppClassLoader.loadClass(ClassLoaders.java:188)
	at java.base/java.lang.ClassLoader.loadClass(ClassLoader.java:525)
	... 37 common frames omitted
2025-12-02 16:29:01 [background-preinit] INFO  o.h.validator.internal.util.Version - HV000001: Hibernate Validator 8.0.1.Final
2025-12-02 16:29:01 [main] INFO  com.ruoyi.RuoYiApplication - Starting RuoYiApplication using Java 17.0.12 with PID 21932 (C:\Users\86191\Desktop\dxm-houduan\ruoyi-admin-wms\target\classes started by 86191 in C:\Users\86191\Desktop\dxm-houduan)
2025-12-02 16:29:01 [main] INFO  com.ruoyi.RuoYiApplication - The following 1 profile is active: "dev"
2025-12-02 16:29:05 [main] WARN  o.m.s.mapper.ClassPathMapperScanner - No MyBatis mapper was found in '[com.ruoyi]' package. Please check your configuration.
2025-12-02 16:29:07 [main] WARN  o.s.c.s.PostProcessorRegistrationDelegate$BeanPostProcessorChecker - Bean 'com.baomidou.dynamic.datasource.spring.boot.autoconfigure.DynamicDataSourceAopConfiguration' of type [com.baomidou.dynamic.datasource.spring.boot.autoconfigure.DynamicDataSourceAopConfiguration] is not eligible for getting processed by all BeanPostProcessors (for example: not eligible for auto-proxying). Is this bean getting eagerly injected into a currently created BeanPostProcessor [healthEndpointGroupsBeanPostProcessor]? Check the corresponding BeanPostProcessor declaration and its dependencies.
2025-12-02 16:29:08 [main] INFO  io.undertow.servlet - Initializing Spring embedded WebApplicationContext
2025-12-02 16:29:10 [main] INFO  c.b.d.d.DynamicRoutingDataSource - dynamic-datasource detect P6SPY plugin and enabled it
2025-12-02 16:29:10 [main] INFO  com.zaxxer.hikari.HikariDataSource - master - Starting...
2025-12-02 16:29:10 [main] INFO  com.zaxxer.hikari.pool.HikariPool - master - Added connection com.mysql.cj.jdbc.ConnectionImpl@4889fbba
2025-12-02 16:29:10 [main] INFO  com.zaxxer.hikari.HikariDataSource - master - Start completed.
2025-12-02 16:29:10 [main] INFO  c.b.d.d.DynamicRoutingDataSource - dynamic-datasource - add a datasource named [master] success
2025-12-02 16:29:10 [main] INFO  c.b.d.d.DynamicRoutingDataSource - dynamic-datasource initial loaded [1] datasource,primary datasource named [master]
2025-12-02 16:29:16 [main] INFO  c.r.common.redis.config.RedisConfig - 初始化 redis 配置
2025-12-02 16:29:16 [main] INFO  org.redisson.Version - Redisson 3.29.0
2025-12-02 16:29:16 [redisson-netty-1-5] INFO  o.r.connection.ConnectionsHolder - 1 connections initialized for 127.0.0.1/127.0.0.1:6379
2025-12-02 16:29:16 [redisson-netty-1-3] INFO  o.r.connection.ConnectionsHolder - 8 connections initialized for 127.0.0.1/127.0.0.1:6379
2025-12-02 16:29:18 [main] INFO  c.r.common.json.config.JacksonConfig - 初始化 jackson 配置
2025-12-02 16:29:21 [main] INFO  io.undertow - starting server: Undertow - 2.3.13.Final
2025-12-02 16:29:21 [main] INFO  org.xnio - XNIO version 3.8.8.Final
2025-12-02 16:29:21 [main] INFO  org.xnio.nio - XNIO NIO Implementation Version 3.8.8.Final
2025-12-02 16:29:21 [main] INFO  org.jboss.threads - JBoss Threads version 3.5.0.Final
2025-12-02 16:29:21 [main] INFO  com.ruoyi.RuoYiApplication - Started RuoYiApplication in 21.725 seconds (process running for 23.076)
2025-12-02 16:29:21 [main] INFO  p6spy - 2025-12-02 16:29:21|56|statement|connection 0|url jdbc:mysql://127.0.0.1:3306/ccc?useUnicode=true&characterEncoding=utf8&zeroDateTimeBehavior=convertToNull&useSSL=true&serverTimezone=GMT%2B8&autoReconnect=true&rewriteBatchedStatements=true|SELECT  oss_config_id,config_key,access_key,secret_key,bucket_name,prefix,endpoint,domain,is_https,region,status,ext1,remark,access_policy,create_by,create_time,update_by,update_time  FROM sys_oss_config|SELECT  oss_config_id,config_key,access_key,secret_key,bucket_name,prefix,endpoint,domain,is_https,region,status,ext1,remark,access_policy,create_by,create_time,update_by,update_time  FROM sys_oss_config
2025-12-02 16:29:22 [main] INFO  c.r.s.runner.SystemApplicationRunner - 初始化OSS配置成功
2025-12-02 16:29:22 [main] INFO  p6spy - 2025-12-02 16:29:22|7|statement|connection 1|url jdbc:mysql://127.0.0.1:3306/ccc?useUnicode=true&characterEncoding=utf8&zeroDateTimeBehavior=convertToNull&useSSL=true&serverTimezone=GMT%2B8&autoReconnect=true&rewriteBatchedStatements=true|SELECT  config_id,config_name,config_key,config_value,config_type,remark,create_by,create_time,update_by,update_time  FROM sys_config           ORDER BY config_id ASC|SELECT  config_id,config_name,config_key,config_value,config_type,remark,create_by,create_time,update_by,update_time  FROM sys_config           ORDER BY config_id ASC
2025-12-02 16:29:22 [main] INFO  c.r.s.runner.SystemApplicationRunner - 加载参数缓存数据成功
2025-12-02 16:29:22 [main] INFO  p6spy - 2025-12-02 16:29:22|11|statement|connection 2|url jdbc:mysql://127.0.0.1:3306/ccc?useUnicode=true&characterEncoding=utf8&zeroDateTimeBehavior=convertToNull&useSSL=true&serverTimezone=GMT%2B8&autoReconnect=true&rewriteBatchedStatements=true|SELECT  dict_code,dict_sort,dict_label,dict_value,dict_type,css_class,list_class,is_default,status,remark,create_by,create_time,update_by,update_time  FROM sys_dict_data      WHERE  (status = ?)|SELECT  dict_code,dict_sort,dict_label,dict_value,dict_type,css_class,list_class,is_default,status,remark,create_by,create_time,update_by,update_time  FROM sys_dict_data      WHERE  (status = '1')
2025-12-02 16:29:22 [main] INFO  c.r.s.runner.SystemApplicationRunner - 加载字典缓存数据成功
